This is XeTeX, Version 3.141592653-2.6-0.999996 (TeX Live 2024) (preloaded format=xelatex 2024.4.16)  20 APR 2024 17:12
entering extended mode
 restricted \write18 enabled.
 %&-line parsing enabled.
**_main.tex
(./_main.tex
LaTeX2e <2023-11-01> patch level 1
L3 programming layer <2024-03-14>
(/Users/mleman/Library/TinyTeX/texmf-dist/tex/latex/base/book.cls
Document Class: book 2023/05/17 v1.4n Standard LaTeX document class
(/Users/mleman/Library/TinyTeX/texmf-dist/tex/latex/base/bk10.clo
File: bk10.clo 2023/05/17 v1.4n Standard LaTeX file (size option)
)
\c@part=\count184
\c@chapter=\count185
\c@section=\count186
\c@subsection=\count187
\c@subsubsection=\count188
\c@paragraph=\count189
\c@subparagraph=\count190
\c@figure=\count191
\c@table=\count192
\abovecaptionskip=\skip48
\belowcaptionskip=\skip49
\bibindent=\dimen140
) (/Users/mleman/Library/TinyTeX/texmf-dist/tex/latex/amsmath/amsmath.sty
Package: amsmath 2023/05/13 v2.17o AMS math features
\@mathmargin=\skip50
For additional information on amsmath, use the `?' option.
(/Users/mleman/Library/TinyTeX/texmf-dist/tex/latex/amsmath/amstext.sty
Package: amstext 2021/08/26 v2.01 AMS text
(/Users/mleman/Library/TinyTeX/texmf-dist/tex/latex/amsmath/amsgen.sty
File: amsgen.sty 1999/11/30 v2.0 generic functions
\@emptytoks=\toks17
\ex@=\dimen141
)) (/Users/mleman/Library/TinyTeX/texmf-dist/tex/latex/amsmath/amsbsy.sty
Package: amsbsy 1999/11/29 v1.2d Bold Symbols
\pmbraise@=\dimen142
) (/Users/mleman/Library/TinyTeX/texmf-dist/tex/latex/amsmath/amsopn.sty
Package: amsopn 2022/04/08 v2.04 operator names
)
\inf@bad=\count193
LaTeX Info: Redefining \frac on input line 234.
\uproot@=\count194
\leftroot@=\count195
LaTeX Info: Redefining \overline on input line 399.
LaTeX Info: Redefining \colon on input line 410.
\classnum@=\count196
\DOTSCASE@=\count197
LaTeX Info: Redefining \ldots on input line 496.
LaTeX Info: Redefining \dots on input line 499.
LaTeX Info: Redefining \cdots on input line 620.
\Mathstrutbox@=\box51
\strutbox@=\box52
LaTeX Info: Redefining \big on input line 722.
LaTeX Info: Redefining \Big on input line 723.
LaTeX Info: Redefining \bigg on input line 724.
LaTeX Info: Redefining \Bigg on input line 725.
\big@size=\dimen143
LaTeX Font Info:    Redeclaring font encoding OML on input line 743.
LaTeX Font Info:    Redeclaring font encoding OMS on input line 744.
\macc@depth=\count198
LaTeX Info: Redefining \bmod on input line 905.
LaTeX Info: Redefining \pmod on input line 910.
LaTeX Info: Redefining \smash on input line 940.
LaTeX Info: Redefining \relbar on input line 970.
LaTeX Info: Redefining \Relbar on input line 971.
\c@MaxMatrixCols=\count199
\dotsspace@=\muskip16
\c@parentequation=\count266
\dspbrk@lvl=\count267
\tag@help=\toks18
\row@=\count268
\column@=\count269
\maxfields@=\count270
\andhelp@=\toks19
\eqnshift@=\dimen144
\alignsep@=\dimen145
\tagshift@=\dimen146
\tagwidth@=\dimen147
\totwidth@=\dimen148
\lineht@=\dimen149
\@envbody=\toks20
\multlinegap=\skip51
\multlinetaggap=\skip52
\mathdisplay@stack=\toks21
LaTeX Info: Redefining \[ on input line 2953.
LaTeX Info: Redefining \] on input line 2954.
) (/Users/mleman/Library/TinyTeX/texmf-dist/tex/latex/amsfonts/amssymb.sty
Package: amssymb 2013/01/14 v3.01 AMS font symbols
(/Users/mleman/Library/TinyTeX/texmf-dist/tex/latex/amsfonts/amsfonts.sty
Package: amsfonts 2013/01/14 v3.01 Basic AMSFonts support
\symAMSa=\mathgroup4
\symAMSb=\mathgroup5
LaTeX Font Info:    Redeclaring math symbol \hbar on input line 98.
LaTeX Font Info:    Overwriting math alphabet `\mathfrak' in version `bold'
(Font)                  U/euf/m/n --> U/euf/b/n on input line 106.
)) (/Users/mleman/Library/TinyTeX/texmf-dist/tex/generic/iftex/iftex.sty
Package: iftex 2022/02/03 v1.0f TeX engine tests
) (/Users/mleman/Library/TinyTeX/texmf-dist/tex/latex/unicode-math/unicode-math.sty (/Users/mleman/Library/TinyTeX/texmf-dist/tex/latex/l3kernel/expl3.sty
Package: expl3 2024-03-14 L3 programming layer (loader) 
(/Users/mleman/Library/TinyTeX/texmf-dist/tex/latex/l3backend/l3backend-xetex.def
File: l3backend-xetex.def 2024-03-14 L3 backend support: XeTeX
\g__graphics_track_int=\count271
\l__pdf_internal_box=\box53
\g__pdf_backend_object_int=\count272
\g__pdf_backend_annotation_int=\count273
\g__pdf_backend_link_int=\count274
))
Package: unicode-math 2023/08/13 v0.8r Unicode maths in XeLaTeX and LuaLaTeX
(/Users/mleman/Library/TinyTeX/texmf-dist/tex/latex/unicode-math/unicode-math-xetex.sty
Package: unicode-math-xetex 2023/08/13 v0.8r Unicode maths in XeLaTeX and LuaLaTeX
(/Users/mleman/Library/TinyTeX/texmf-dist/tex/latex/l3packages/xparse/xparse.sty
Package: xparse 2024-03-14 L3 Experimental document command parser
) (/Users/mleman/Library/TinyTeX/texmf-dist/tex/latex/l3packages/l3keys2e/l3keys2e.sty
Package: l3keys2e 2024-03-14 LaTeX2e option processing using LaTeX3 keys
) (/Users/mleman/Library/TinyTeX/texmf-dist/tex/latex/fontspec/fontspec.sty
Package: fontspec 2024/02/13 v2.9a Font selection for XeLaTeX and LuaLaTeX
(/Users/mleman/Library/TinyTeX/texmf-dist/tex/latex/fontspec/fontspec-xetex.sty
Package: fontspec-xetex 2024/02/13 v2.9a Font selection for XeLaTeX and LuaLaTeX
\l__fontspec_script_int=\count275
\l__fontspec_language_int=\count276
\l__fontspec_strnum_int=\count277
\l__fontspec_tmp_int=\count278
\l__fontspec_tmpa_int=\count279
\l__fontspec_tmpb_int=\count280
\l__fontspec_tmpc_int=\count281
\l__fontspec_em_int=\count282
\l__fontspec_emdef_int=\count283
\l__fontspec_strong_int=\count284
\l__fontspec_strongdef_int=\count285
\l__fontspec_tmpa_dim=\dimen150
\l__fontspec_tmpb_dim=\dimen151
\l__fontspec_tmpc_dim=\dimen152
(/Users/mleman/Library/TinyTeX/texmf-dist/tex/latex/base/fontenc.sty
Package: fontenc 2021/04/29 v2.0v Standard LaTeX package
) (/Users/mleman/Library/TinyTeX/texmf-dist/tex/latex/fontspec/fontspec.cfg))) (/Users/mleman/Library/TinyTeX/texmf-dist/tex/latex/base/fix-cm.sty
Package: fix-cm 2020/11/24 v1.1t fixes to LaTeX
(/Users/mleman/Library/TinyTeX/texmf-dist/tex/latex/base/ts1enc.def
File: ts1enc.def 2001/06/05 v3.0e (jk/car/fm) Standard LaTeX file
LaTeX Font Info:    Redeclaring font encoding TS1 on input line 47.
))
\g__um_fam_int=\count286
\g__um_fonts_used_int=\count287
\l__um_primecount_int=\count288
\g__um_primekern_muskip=\muskip17
(/Users/mleman/Library/TinyTeX/texmf-dist/tex/latex/unicode-math/unicode-math-table.tex))) (/Users/mleman/Library/TinyTeX/texmf-dist/tex/latex/lm/lmodern.sty
Package: lmodern 2015/05/01 v1.6.1 Latin Modern Fonts
LaTeX Font Info:    Overwriting symbol font `operators' in version `normal'
(Font)                  OT1/cmr/m/n --> OT1/lmr/m/n on input line 22.
LaTeX Font Info:    Overwriting symbol font `letters' in version `normal'
(Font)                  OML/cmm/m/it --> OML/lmm/m/it on input line 23.
LaTeX Font Info:    Overwriting symbol font `symbols' in version `normal'
(Font)                  OMS/cmsy/m/n --> OMS/lmsy/m/n on input line 24.
LaTeX Font Info:    Overwriting symbol font `largesymbols' in version `normal'
(Font)                  OMX/cmex/m/n --> OMX/lmex/m/n on input line 25.
LaTeX Font Info:    Overwriting symbol font `operators' in version `bold'
(Font)                  OT1/cmr/bx/n --> OT1/lmr/bx/n on input line 26.
LaTeX Font Info:    Overwriting symbol font `letters' in version `bold'
(Font)                  OML/cmm/b/it --> OML/lmm/b/it on input line 27.
LaTeX Font Info:    Overwriting symbol font `symbols' in version `bold'
(Font)                  OMS/cmsy/b/n --> OMS/lmsy/b/n on input line 28.
LaTeX Font Info:    Overwriting symbol font `largesymbols' in version `bold'
(Font)                  OMX/cmex/m/n --> OMX/lmex/m/n on input line 29.
LaTeX Font Info:    Overwriting math alphabet `\mathbf' in version `normal'
(Font)                  OT1/cmr/bx/n --> OT1/lmr/bx/n on input line 31.
LaTeX Font Info:    Overwriting math alphabet `\mathsf' in version `normal'
(Font)                  OT1/cmss/m/n --> OT1/lmss/m/n on input line 32.
LaTeX Font Info:    Overwriting math alphabet `\mathit' in version `normal'
(Font)                  OT1/cmr/m/it --> OT1/lmr/m/it on input line 33.
LaTeX Font Info:    Overwriting math alphabet `\mathtt' in version `normal'
(Font)                  OT1/cmtt/m/n --> OT1/lmtt/m/n on input line 34.
LaTeX Font Info:    Overwriting math alphabet `\mathbf' in version `bold'
(Font)                  OT1/cmr/bx/n --> OT1/lmr/bx/n on input line 35.
LaTeX Font Info:    Overwriting math alphabet `\mathsf' in version `bold'
(Font)                  OT1/cmss/bx/n --> OT1/lmss/bx/n on input line 36.
LaTeX Font Info:    Overwriting math alphabet `\mathit' in version `bold'
(Font)                  OT1/cmr/bx/it --> OT1/lmr/bx/it on input line 37.
LaTeX Font Info:    Overwriting math alphabet `\mathtt' in version `bold'
(Font)                  OT1/cmtt/m/n --> OT1/lmtt/m/n on input line 38.
) (/Users/mleman/Library/TinyTeX/texmf-dist/tex/latex/xcolor/xcolor.sty
Package: xcolor 2023/11/15 v3.01 LaTeX color extensions (UK)
(/Users/mleman/Library/TinyTeX/texmf-dist/tex/latex/graphics-cfg/color.cfg
File: color.cfg 2016/01/02 v1.6 sample color configuration
)
Package xcolor Info: Driver file: xetex.def on input line 274.
(/Users/mleman/Library/TinyTeX/texmf-dist/tex/latex/graphics-def/xetex.def
File: xetex.def 2022/09/22 v5.0n Graphics/color driver for xetex
) (/Users/mleman/Library/TinyTeX/texmf-dist/tex/latex/graphics/mathcolor.ltx)
Package xcolor Info: Model `cmy' substituted by `cmy0' on input line 1350.
Package xcolor Info: Model `RGB' extended on input line 1366.
Package xcolor Info: Model `HTML' substituted by `rgb' on input line 1368.
Package xcolor Info: Model `Hsb' substituted by `hsb' on input line 1369.
Package xcolor Info: Model `tHsb' substituted by `hsb' on input line 1370.
Package xcolor Info: Model `HSB' substituted by `hsb' on input line 1371.
Package xcolor Info: Model `Gray' substituted by `gray' on input line 1372.
Package xcolor Info: Model `wave' substituted by `hsb' on input line 1373.
) (/Users/mleman/Library/TinyTeX/texmf-dist/tex/latex/fancyvrb/fancyvrb.sty
Package: fancyvrb 2024/01/20 4.5c verbatim text (tvz,hv)
(/Users/mleman/Library/TinyTeX/texmf-dist/tex/latex/graphics/keyval.sty
Package: keyval 2022/05/29 v1.15 key=value parser (DPC)
\KV@toks@=\toks22
)
\FV@CodeLineNo=\count289
\FV@InFile=\read2
\FV@TabBox=\box54
\c@FancyVerbLine=\count290
\FV@StepNumber=\count291
\FV@OutFile=\write3
) (/Users/mleman/Library/TinyTeX/texmf-dist/tex/latex/framed/framed.sty
Package: framed 2011/10/22 v 0.96: framed or shaded text with page breaks
\OuterFrameSep=\skip53
\fb@frw=\dimen153
\fb@frh=\dimen154
\FrameRule=\dimen155
\FrameSep=\dimen156
) (/Users/mleman/Library/TinyTeX/texmf-dist/tex/latex/tools/longtable.sty
Package: longtable 2023-11-01 v4.19 Multi-page Table package (DPC)
\LTleft=\skip54
\LTright=\skip55
\LTpre=\skip56
\LTpost=\skip57
\LTchunksize=\count292
\LTcapwidth=\dimen157
\LT@head=\box55
\LT@firsthead=\box56
\LT@foot=\box57
\LT@lastfoot=\box58
\LT@gbox=\box59
\LT@cols=\count293
\LT@rows=\count294
\c@LT@tables=\count295
\c@LT@chunks=\count296
\LT@p@ftn=\toks23
) (/Users/mleman/Library/TinyTeX/texmf-dist/tex/latex/booktabs/booktabs.sty
Package: booktabs 2020/01/12 v1.61803398 Publication quality tables
\heavyrulewidth=\dimen158
\lightrulewidth=\dimen159
\cmidrulewidth=\dimen160
\belowrulesep=\dimen161
\belowbottomsep=\dimen162
\aboverulesep=\dimen163
\abovetopsep=\dimen164
\cmidrulesep=\dimen165
\cmidrulekern=\dimen166
\defaultaddspace=\dimen167
\@cmidla=\count297
\@cmidlb=\count298
\@aboverulesep=\dimen168
\@belowrulesep=\dimen169
\@thisruleclass=\count299
\@lastruleclass=\count300
\@thisrulewidth=\dimen170
) (/Users/mleman/Library/TinyTeX/texmf-dist/tex/latex/tools/array.sty
Package: array 2023/10/16 v2.5g Tabular extension package (FMi)
\col@sep=\dimen171
\ar@mcellbox=\box60
\extrarowheight=\dimen172
\NC@list=\toks24
\extratabsurround=\skip58
\backup@length=\skip59
\ar@cellbox=\box61
) (/Users/mleman/Library/TinyTeX/texmf-dist/tex/latex/tools/calc.sty
Package: calc 2023/07/08 v4.3 Infix arithmetic (KKT,FJ)
\calc@Acount=\count301
\calc@Bcount=\count302
\calc@Adimen=\dimen173
\calc@Bdimen=\dimen174
\calc@Askip=\skip60
\calc@Bskip=\skip61
LaTeX Info: Redefining \setlength on input line 80.
LaTeX Info: Redefining \addtolength on input line 81.
\calc@Ccount=\count303
\calc@Cskip=\skip62
) (/Users/mleman/Library/TinyTeX/texmf-dist/tex/latex/etoolbox/etoolbox.sty
Package: etoolbox 2020/10/05 v2.5k e-TeX tools for LaTeX (JAW)
\etb@tempcnta=\count304
) (/Users/mleman/Library/TinyTeX/texmf-dist/tex/latex/mdwtools/footnote.sty
Package: footnote 1997/01/28 1.13 Save footnotes around boxes
\fn@notes=\box62
\fn@width=\dimen175
) (/Users/mleman/Library/TinyTeX/texmf-dist/tex/latex/graphics/graphicx.sty
Package: graphicx 2021/09/16 v1.2d Enhanced LaTeX Graphics (DPC,SPQR)
(/Users/mleman/Library/TinyTeX/texmf-dist/tex/latex/graphics/graphics.sty
Package: graphics 2022/03/10 v1.4e Standard LaTeX Graphics (DPC,SPQR)
(/Users/mleman/Library/TinyTeX/texmf-dist/tex/latex/graphics/trig.sty
Package: trig 2021/08/11 v1.11 sin cos tan (DPC)
) (/Users/mleman/Library/TinyTeX/texmf-dist/tex/latex/graphics-cfg/graphics.cfg
File: graphics.cfg 2016/06/04 v1.11 sample graphics configuration
)
Package graphics Info: Driver file: xetex.def on input line 107.
)
\Gin@req@height=\dimen176
\Gin@req@width=\dimen177
) (/Users/mleman/Library/TinyTeX/texmf-dist/tex/latex/marginnote/marginnote.sty
Package: marginnote 2018/08/09 1.4b non floating margin notes for LaTeX
\c@mn@abspage=\count305
) (/Users/mleman/Library/TinyTeX/texmf-dist/tex/latex/base/flafter.sty
Package: flafter 2021/07/31 v1.4e Standard LaTeX floats after reference (FMi)
Applying: [2015/01/01] float order in 2-column on input line 49.
Already applied: [0000/00/00] float order in 2-column on input line 151.
) (/Users/mleman/Library/TinyTeX/texmf-dist/tex/latex/multirow/multirow.sty
Package: multirow 2021/03/15 v2.8 Span multiple rows of a table
\multirow@colwidth=\skip63
\multirow@cntb=\count306
\multirow@dima=\skip64
\bigstrutjot=\dimen178
) (/Users/mleman/Library/TinyTeX/texmf-dist/tex/latex/wrapfig/wrapfig.sty
\wrapoverhang=\dimen179
\WF@size=\dimen180
\c@WF@wrappedlines=\count307
\WF@box=\box63
\WF@everypar=\toks25
Package: wrapfig 2003/01/31  v 3.6
) (/Users/mleman/Library/TinyTeX/texmf-dist/tex/latex/float/float.sty
Package: float 2001/11/08 v1.3d Float enhancements (AL)
\c@float@type=\count308
\float@exts=\toks26
\float@box=\box64
\@float@everytoks=\toks27
\@floatcapt=\box65
) (/Users/mleman/Library/TinyTeX/texmf-dist/tex/latex/colortbl/colortbl.sty
Package: colortbl 2024/02/20 v1.0g Color table columns (DPC)
\everycr=\toks28
\minrowclearance=\skip65
\rownum=\count309
) (/Users/mleman/Library/TinyTeX/texmf-dist/tex/latex/pdflscape/pdflscape.sty
Package: pdflscape 2022-10-27 v0.13 Display of landscape pages in PDF
(/Users/mleman/Library/TinyTeX/texmf-dist/tex/latex/pdflscape/pdflscape-nometadata.sty
Package: pdflscape-nometadata 2022-10-28 v0.13 Display of landscape pages in PDF (HO)
(/Users/mleman/Library/TinyTeX/texmf-dist/tex/latex/graphics/lscape.sty
Package: lscape 2020/05/28 v3.02 Landscape Pages (DPC)
)
Package pdflscape Info: Auto-detected driver: dvipdfm (xetex) on input line 98.
)) (/Users/mleman/Library/TinyTeX/texmf-dist/tex/latex/tabu/tabu.sty
Package: tabu 2019/01/11 v2.9 - flexible LaTeX tabulars (FC+tabu-fixed)
(/Users/mleman/Library/TinyTeX/texmf-dist/tex/latex/varwidth/varwidth.sty
Package: varwidth 2009/03/30 ver 0.92;  Variable-width minipages
\@vwid@box=\box66
\sift@deathcycles=\count310
\@vwid@loff=\dimen181
\@vwid@roff=\dimen182
)
\c@taburow=\count311
\tabu@nbcols=\count312
\tabu@cnt=\count313
\tabu@Xcol=\count314
\tabu@alloc=\count315
\tabu@nested=\count316
\tabu@target=\dimen183
\tabu@spreadtarget=\dimen184
\tabu@naturalX=\dimen185
\tabucolX=\dimen186
\tabu@Xsum=\dimen187
\extrarowdepth=\dimen188
\abovetabulinesep=\dimen189
\belowtabulinesep=\dimen190
\tabustrutrule=\dimen191
\tabu@thebody=\toks29
\tabu@footnotes=\toks30
\tabu@box=\box67
\tabu@arstrutbox=\box68
\tabu@hleads=\box69
\tabu@vleads=\box70
\tabu@cellskip=\skip66
) (/Users/mleman/Library/TinyTeX/texmf-dist/tex/latex/threeparttable/threeparttable.sty
Package: threeparttable 2003/06/13  v 3.0
\@tempboxb=\box71
) (/Users/mleman/Library/TinyTeX/texmf-dist/tex/latex/threeparttablex/threeparttablex.sty
Package: threeparttablex 2013/07/23 v0.3 by daleif
(/Users/mleman/Library/TinyTeX/texmf-dist/tex/latex/environ/environ.sty
Package: environ 2014/05/04 v0.3 A new way to define environments
(/Users/mleman/Library/TinyTeX/texmf-dist/tex/latex/trimspaces/trimspaces.sty
Package: trimspaces 2009/09/17 v1.1 Trim spaces around a token list
))
\TPTL@width=\skip67
) (/Users/mleman/Library/TinyTeX/texmf-dist/tex/generic/ulem/ulem.sty
\UL@box=\box72
\UL@hyphenbox=\box73
\UL@skip=\skip68
\UL@hook=\toks31
\UL@height=\dimen192
\UL@pe=\count317
\UL@pixel=\dimen193
\ULC@box=\box74
Package: ulem 2019/11/18
\ULdepth=\dimen194
) (/Users/mleman/Library/TinyTeX/texmf-dist/tex/latex/makecell/makecell.sty
Package: makecell 2009/08/03 V0.1e Managing of Tab Column Heads and Cells
\rotheadsize=\dimen195
\c@nlinenum=\count318
\TeXr@lab=\toks32
) (/Users/mleman/Library/TinyTeX/texmf-dist/tex/latex/natbib/natbib.sty
Package: natbib 2010/09/13 8.31b (PWD, AO)
\bibhang=\skip69
\bibsep=\skip70
LaTeX Info: Redefining \cite on input line 694.
\c@NAT@ctr=\count319
) (/Users/mleman/Library/TinyTeX/texmf-dist/tex/latex/bookmark/bookmark.sty
Package: bookmark 2023-12-10 v1.31 PDF bookmarks (HO)
(/Users/mleman/Library/TinyTeX/texmf-dist/tex/latex/hyperref/hyperref.sty
Package: hyperref 2024-01-20 v7.01h Hypertext links for LaTeX
(/Users/mleman/Library/TinyTeX/texmf-dist/tex/latex/kvsetkeys/kvsetkeys.sty
Package: kvsetkeys 2022-10-05 v1.19 Key value parser (HO)
) (/Users/mleman/Library/TinyTeX/texmf-dist/tex/generic/kvdefinekeys/kvdefinekeys.sty
Package: kvdefinekeys 2019-12-19 v1.6 Define keys (HO)
) (/Users/mleman/Library/TinyTeX/texmf-dist/tex/generic/pdfescape/pdfescape.sty
Package: pdfescape 2019/12/09 v1.15 Implements pdfTeX's escape features (HO)
(/Users/mleman/Library/TinyTeX/texmf-dist/tex/generic/ltxcmds/ltxcmds.sty
Package: ltxcmds 2023-12-04 v1.26 LaTeX kernel commands for general use (HO)
) (/Users/mleman/Library/TinyTeX/texmf-dist/tex/generic/pdftexcmds/pdftexcmds.sty
Package: pdftexcmds 2020-06-27 v0.33 Utility functions of pdfTeX for LuaTeX (HO)
(/Users/mleman/Library/TinyTeX/texmf-dist/tex/generic/infwarerr/infwarerr.sty
Package: infwarerr 2019/12/03 v1.5 Providing info/warning/error messages (HO)
)
Package pdftexcmds Info: \pdf@primitive is available.
Package pdftexcmds Info: \pdf@ifprimitive is available.
Package pdftexcmds Info: \pdfdraftmode not found.
)) (/Users/mleman/Library/TinyTeX/texmf-dist/tex/latex/hycolor/hycolor.sty
Package: hycolor 2020-01-27 v1.10 Color options for hyperref/bookmark (HO)
) (/Users/mleman/Library/TinyTeX/texmf-dist/tex/latex/auxhook/auxhook.sty
Package: auxhook 2019-12-17 v1.6 Hooks for auxiliary files (HO)
) (/Users/mleman/Library/TinyTeX/texmf-dist/tex/latex/hyperref/nameref.sty
Package: nameref 2023-11-26 v2.56 Cross-referencing by name of section
(/Users/mleman/Library/TinyTeX/texmf-dist/tex/latex/refcount/refcount.sty
Package: refcount 2019/12/15 v3.6 Data extraction from label references (HO)
) (/Users/mleman/Library/TinyTeX/texmf-dist/tex/generic/gettitlestring/gettitlestring.sty
Package: gettitlestring 2019/12/15 v1.6 Cleanup title references (HO)
(/Users/mleman/Library/TinyTeX/texmf-dist/tex/latex/kvoptions/kvoptions.sty
Package: kvoptions 2022-06-15 v3.15 Key value format for package options (HO)
))
\c@section@level=\count320
)
\@linkdim=\dimen196
\Hy@linkcounter=\count321
\Hy@pagecounter=\count322
(/Users/mleman/Library/TinyTeX/texmf-dist/tex/latex/hyperref/pd1enc.def
File: pd1enc.def 2024-01-20 v7.01h Hyperref: PDFDocEncoding definition (HO)
) (/Users/mleman/Library/TinyTeX/texmf-dist/tex/generic/intcalc/intcalc.sty
Package: intcalc 2019/12/15 v1.3 Expandable calculations with integers (HO)
)
\Hy@SavedSpaceFactor=\count323
(/Users/mleman/Library/TinyTeX/texmf-dist/tex/latex/hyperref/puenc.def
File: puenc.def 2024-01-20 v7.01h Hyperref: PDF Unicode definition (HO)
)
Package hyperref Info: Option `unicode' set `true' on input line 4062.
Package hyperref Info: Hyper figures OFF on input line 4179.
Package hyperref Info: Link nesting OFF on input line 4184.
Package hyperref Info: Hyper index ON on input line 4187.
Package hyperref Info: Plain pages OFF on input line 4194.
Package hyperref Info: Backreferencing OFF on input line 4199.
Package hyperref Info: Implicit mode ON; LaTeX internals redefined.
Package hyperref Info: Bookmarks ON on input line 4446.
\c@Hy@tempcnt=\count324
(/Users/mleman/Library/TinyTeX/texmf-dist/tex/latex/url/url.sty
\Urlmuskip=\muskip18
Package: url 2013/09/16  ver 3.4  Verb mode for urls, etc.
)
LaTeX Info: Redefining \url on input line 4784.
\XeTeXLinkMargin=\dimen197
(/Users/mleman/Library/TinyTeX/texmf-dist/tex/generic/bitset/bitset.sty
Package: bitset 2019/12/09 v1.3 Handle bit-vector datatype (HO)
(/Users/mleman/Library/TinyTeX/texmf-dist/tex/generic/bigintcalc/bigintcalc.sty
Package: bigintcalc 2019/12/15 v1.5 Expandable calculations on big integers (HO)
))
\Fld@menulength=\count325
\Field@Width=\dimen198
\Fld@charsize=\dimen199
Package hyperref Info: Hyper figures OFF on input line 6063.
Package hyperref Info: Link nesting OFF on input line 6068.
Package hyperref Info: Hyper index ON on input line 6071.
Package hyperref Info: backreferencing OFF on input line 6078.
Package hyperref Info: Link coloring OFF on input line 6083.
Package hyperref Info: Link coloring with OCG OFF on input line 6088.
Package hyperref Info: PDF/A mode OFF on input line 6093.
(/Users/mleman/Library/TinyTeX/texmf-dist/tex/latex/base/atbegshi-ltx.sty
Package: atbegshi-ltx 2021/01/10 v1.0c Emulation of the original atbegshi
package with kernel methods
)
\Hy@abspage=\count326
\c@Item=\count327
\c@Hfootnote=\count328
)
Package hyperref Info: Driver (autodetected): hxetex.
(/Users/mleman/Library/TinyTeX/texmf-dist/tex/latex/hyperref/hxetex.def
File: hxetex.def 2024-01-20 v7.01h Hyperref driver for XeTeX
(/Users/mleman/Library/TinyTeX/texmf-dist/tex/generic/stringenc/stringenc.sty
Package: stringenc 2019/11/29 v1.12 Convert strings between diff. encodings (HO)
)
\pdfm@box=\box75
\c@Hy@AnnotLevel=\count329
\HyField@AnnotCount=\count330
\Fld@listcount=\count331
\c@bookmark@seq@number=\count332
(/Users/mleman/Library/TinyTeX/texmf-dist/tex/latex/rerunfilecheck/rerunfilecheck.sty
Package: rerunfilecheck 2022-07-10 v1.10 Rerun checks for auxiliary files (HO)
(/Users/mleman/Library/TinyTeX/texmf-dist/tex/latex/base/atveryend-ltx.sty
Package: atveryend-ltx 2020/08/19 v1.0a Emulation of the original atveryend package
with kernel methods
) (/Users/mleman/Library/TinyTeX/texmf-dist/tex/generic/uniquecounter/uniquecounter.sty
Package: uniquecounter 2019/12/15 v1.4 Provide unlimited unique counter (HO)
)
Package uniquecounter Info: New unique counter `rerunfilecheck' on input line 285.
)
\Hy@SectionHShift=\skip71
) (/Users/mleman/Library/TinyTeX/texmf-dist/tex/latex/bookmark/bkm-dvipdfm.def
File: bkm-dvipdfm.def 2023-12-10 v1.31 bookmark driver for dvipdfm (HO)
\BKM@id=\count333
)) (./_main.aux)
\openout1 = `_main.aux'.

LaTeX Font Info:    Checking defaults for OML/cmm/m/it on input line 141.
LaTeX Font Info:    ... okay on input line 141.
LaTeX Font Info:    Checking defaults for OMS/cmsy/m/n on input line 141.
LaTeX Font Info:    ... okay on input line 141.
LaTeX Font Info:    Checking defaults for OT1/cmr/m/n on input line 141.
LaTeX Font Info:    ... okay on input line 141.
LaTeX Font Info:    Checking defaults for T1/cmr/m/n on input line 141.
LaTeX Font Info:    ... okay on input line 141.
LaTeX Font Info:    Checking defaults for TS1/cmr/m/n on input line 141.
LaTeX Font Info:    ... okay on input line 141.
LaTeX Font Info:    Checking defaults for TU/lmr/m/n on input line 141.
LaTeX Font Info:    ... okay on input line 141.
LaTeX Font Info:    Checking defaults for OMX/cmex/m/n on input line 141.
LaTeX Font Info:    ... okay on input line 141.
LaTeX Font Info:    Checking defaults for U/cmr/m/n on input line 141.
LaTeX Font Info:    ... okay on input line 141.
LaTeX Font Info:    Checking defaults for PD1/pdf/m/n on input line 141.
LaTeX Font Info:    ... okay on input line 141.
LaTeX Font Info:    Checking defaults for PU/pdf/m/n on input line 141.
LaTeX Font Info:    ... okay on input line 141.
LaTeX Font Info:    Overwriting math alphabet `\mathrm' in version `normal'
(Font)                  OT1/lmr/m/n --> TU/lmr/m/n on input line 141.
LaTeX Font Info:    Overwriting math alphabet `\mathit' in version `normal'
(Font)                  OT1/lmr/m/it --> TU/lmr/m/it on input line 141.
LaTeX Font Info:    Overwriting math alphabet `\mathbf' in version `normal'
(Font)                  OT1/lmr/bx/n --> TU/lmr/bx/n on input line 141.
LaTeX Font Info:    Overwriting math alphabet `\mathsf' in version `normal'
(Font)                  OT1/lmss/m/n --> TU/lmss/m/n on input line 141.
LaTeX Font Info:    Overwriting math alphabet `\mathsf' in version `bold'
(Font)                  OT1/lmss/bx/n --> TU/lmss/bx/n on input line 141.
LaTeX Font Info:    Overwriting math alphabet `\mathtt' in version `normal'
(Font)                  OT1/lmtt/m/n --> TU/lmtt/m/n on input line 141.
LaTeX Font Info:    Overwriting math alphabet `\mathtt' in version `bold'
(Font)                  OT1/lmtt/m/n --> TU/lmtt/bx/n on input line 141.

Package fontspec Info: latinmodern-math scale = 0.9999964596882403.


Package fontspec Info: latinmodern-math scale = 0.9999964596882403.


Package fontspec Info: latinmodern-math scale = 0.9999964596882403.


Package fontspec Info: Font family 'latinmodern-math.otf(0)' created for font
(fontspec)             'latinmodern-math.otf' with options
(fontspec)             [Scale=MatchLowercase,BoldItalicFont={},ItalicFont={},SmallCapsFont={},Script=Math,BoldFont={latinmodern-math.otf}].
(fontspec)              
(fontspec)              This font family consists of the following NFSS
(fontspec)             series/shapes:
(fontspec)              
(fontspec)             - 'normal' (m/n) with NFSS spec.:
(fontspec)             <->s*[0.9999964596882403]"[latinmodern-math.otf]/OT:script=math;language=dflt;"
(fontspec)             - 'small caps'  (m/sc) with NFSS spec.: 
(fontspec)             - 'bold' (b/n) with NFSS spec.:
(fontspec)             <->s*[0.9999964596882403]"[latinmodern-math.otf]/OT:script=math;language=dflt;"
(fontspec)             - 'bold small caps'  (b/sc) with NFSS spec.: 

LaTeX Font Info:    Font shape `TU/latinmodern-math.otf(0)/m/n' will be
(Font)              scaled to size 10.0pt on input line 141.

Package fontspec Info: latinmodern-math scale = 0.9999964596882403.


Package fontspec Info: latinmodern-math scale = 0.9999964596882403.


Package fontspec Info: latinmodern-math scale = 0.9999964596882403.


Package fontspec Info: latinmodern-math scale = 0.9999964596882403.


Package fontspec Info: latinmodern-math scale = 0.9999964596882403.


Package fontspec Info: Font family 'latinmodern-math.otf(1)' created for font
(fontspec)             'latinmodern-math.otf' with options
(fontspec)             [Scale=MatchLowercase,BoldItalicFont={},ItalicFont={},SmallCapsFont={},Script=Math,SizeFeatures={{Size=8.5-},{Size=6-8.5,Font=latinmodern-math.otf,Style=MathScript},{Size=-6,Font=latinmodern-math.otf,Style=MathScriptScript}},BoldFont={latinmodern-math.otf}].
(fontspec)              
(fontspec)              This font family consists of the following NFSS
(fontspec)             series/shapes:
(fontspec)              
(fontspec)             - 'normal' (m/n) with NFSS spec.:
(fontspec)             <8.5->s*[0.9999964596882403]"[latinmodern-math.otf]/OT:script=math;language=dflt;"<6-8.5>s*[0.9999964596882403]"[latinmodern-math.otf]/OT:script=math;language=dflt;+ssty=0;"<-6>s*[0.9999964596882403]"[latinmodern-math.otf]/OT:script=math;language=dflt;+ssty=1;"
(fontspec)             - 'small caps'  (m/sc) with NFSS spec.: 
(fontspec)             - 'bold' (b/n) with NFSS spec.:
(fontspec)             <->s*[0.9999964596882403]"[latinmodern-math.otf]/OT:script=math;language=dflt;"
(fontspec)             - 'bold small caps'  (b/sc) with NFSS spec.: 

LaTeX Font Info:    Font shape `TU/latinmodern-math.otf(1)/m/n' will be
(Font)              scaled to size 10.0pt on input line 141.
LaTeX Font Info:    Encoding `OT1' has changed to `TU' for symbol font
(Font)              `operators' in the math version `normal' on input line 141.
LaTeX Font Info:    Overwriting symbol font `operators' in version `normal'
(Font)                  OT1/lmr/m/n --> TU/latinmodern-math.otf(1)/m/n on input line 141.
LaTeX Font Info:    Encoding `OT1' has changed to `TU' for symbol font
(Font)              `operators' in the math version `bold' on input line 141.
LaTeX Font Info:    Overwriting symbol font `operators' in version `bold'
(Font)                  OT1/lmr/bx/n --> TU/latinmodern-math.otf(1)/b/n on input line 141.

Package fontspec Info: latinmodern-math scale = 0.9999964596882403.


Package fontspec Info: latinmodern-math scale = 1.000096459334209.


Package fontspec Info: latinmodern-math scale = 0.9999964596882403.


Package fontspec Info: latinmodern-math scale = 1.000096459334209.


Package fontspec Info: latinmodern-math scale = 0.9999964596882403.


Package fontspec Info: latinmodern-math scale = 1.000096459334209.


Package fontspec Info: latinmodern-math scale = 0.9999964596882403.


Package fontspec Info: latinmodern-math scale = 1.000096459334209.


Package fontspec Info: latinmodern-math scale = 0.9999964596882403.


Package fontspec Info: latinmodern-math scale = 1.000096459334209.


Package fontspec Info: Font family 'latinmodern-math.otf(2)' created for font
(fontspec)             'latinmodern-math.otf' with options
(fontspec)             [Scale=MatchLowercase,BoldItalicFont={},ItalicFont={},SmallCapsFont={},Script=Math,SizeFeatures={{Size=8.5-},{Size=6-8.5,Font=latinmodern-math.otf,Style=MathScript},{Size=-6,Font=latinmodern-math.otf,Style=MathScriptScript}},BoldFont={latinmodern-math.otf},ScaleAgain=1.0001,FontAdjustment={\fontdimen
(fontspec)             8\font =6.77pt\relax \fontdimen 9\font =3.94pt\relax
(fontspec)             \fontdimen 10\font =4.44pt\relax \fontdimen 11\font
(fontspec)             =6.86pt\relax \fontdimen 12\font =3.45pt\relax
(fontspec)             \fontdimen 13\font =3.63pt\relax \fontdimen 14\font
(fontspec)             =3.63pt\relax \fontdimen 15\font =2.89pt\relax
(fontspec)             \fontdimen 16\font =2.47pt\relax \fontdimen 17\font
(fontspec)             =2.47pt\relax \fontdimen 18\font =2.5pt\relax
(fontspec)             \fontdimen 19\font =2.0pt\relax \fontdimen 22\font
(fontspec)             =2.5pt\relax \fontdimen 20\font =0pt\relax \fontdimen
(fontspec)             21\font =0pt\relax }].
(fontspec)              
(fontspec)              This font family consists of the following NFSS
(fontspec)             series/shapes:
(fontspec)              
(fontspec)             - 'normal' (m/n) with NFSS spec.:
(fontspec)             <8.5->s*[1.000096459334209]"[latinmodern-math.otf]/OT:script=math;language=dflt;"<6-8.5>s*[1.000096459334209]"[latinmodern-math.otf]/OT:script=math;language=dflt;+ssty=0;"<-6>s*[1.000096459334209]"[latinmodern-math.otf]/OT:script=math;language=dflt;+ssty=1;"
(fontspec)             - 'small caps'  (m/sc) with NFSS spec.: 
(fontspec)             and font adjustment code:
(fontspec)             \fontdimen 8\font =6.77pt\relax \fontdimen 9\font
(fontspec)             =3.94pt\relax \fontdimen 10\font =4.44pt\relax
(fontspec)             \fontdimen 11\font =6.86pt\relax \fontdimen 12\font
(fontspec)             =3.45pt\relax \fontdimen 13\font =3.63pt\relax
(fontspec)             \fontdimen 14\font =3.63pt\relax \fontdimen 15\font
(fontspec)             =2.89pt\relax \fontdimen 16\font =2.47pt\relax
(fontspec)             \fontdimen 17\font =2.47pt\relax \fontdimen 18\font
(fontspec)             =2.5pt\relax \fontdimen 19\font =2.0pt\relax \fontdimen
(fontspec)             22\font =2.5pt\relax \fontdimen 20\font =0pt\relax
(fontspec)             \fontdimen 21\font =0pt\relax 
(fontspec)             - 'bold' (b/n) with NFSS spec.:
(fontspec)             <->s*[1.000096459334209]"[latinmodern-math.otf]/OT:script=math;language=dflt;"
(fontspec)             - 'bold small caps'  (b/sc) with NFSS spec.: 
(fontspec)             and font adjustment code:
(fontspec)             \fontdimen 8\font =6.77pt\relax \fontdimen 9\font
(fontspec)             =3.94pt\relax \fontdimen 10\font =4.44pt\relax
(fontspec)             \fontdimen 11\font =6.86pt\relax \fontdimen 12\font
(fontspec)             =3.45pt\relax \fontdimen 13\font =3.63pt\relax
(fontspec)             \fontdimen 14\font =3.63pt\relax \fontdimen 15\font
(fontspec)             =2.89pt\relax \fontdimen 16\font =2.47pt\relax
(fontspec)             \fontdimen 17\font =2.47pt\relax \fontdimen 18\font
(fontspec)             =2.5pt\relax \fontdimen 19\font =2.0pt\relax \fontdimen
(fontspec)             22\font =2.5pt\relax \fontdimen 20\font =0pt\relax
(fontspec)             \fontdimen 21\font =0pt\relax 

LaTeX Font Info:    Encoding `OMS' has changed to `TU' for symbol font
(Font)              `symbols' in the math version `normal' on input line 141.
LaTeX Font Info:    Overwriting symbol font `symbols' in version `normal'
(Font)                  OMS/lmsy/m/n --> TU/latinmodern-math.otf(2)/m/n on input line 141.
LaTeX Font Info:    Encoding `OMS' has changed to `TU' for symbol font
(Font)              `symbols' in the math version `bold' on input line 141.
LaTeX Font Info:    Overwriting symbol font `symbols' in version `bold'
(Font)                  OMS/lmsy/b/n --> TU/latinmodern-math.otf(2)/b/n on input line 141.

Package fontspec Info: latinmodern-math scale = 0.9999964596882403.


Package fontspec Info: latinmodern-math scale = 0.9998964600422715.


Package fontspec Info: latinmodern-math scale = 0.9999964596882403.


Package fontspec Info: latinmodern-math scale = 0.9998964600422715.


Package fontspec Info: latinmodern-math scale = 0.9999964596882403.


Package fontspec Info: latinmodern-math scale = 0.9998964600422715.


Package fontspec Info: latinmodern-math scale = 0.9999964596882403.


Package fontspec Info: latinmodern-math scale = 0.9998964600422715.


Package fontspec Info: latinmodern-math scale = 0.9999964596882403.


Package fontspec Info: latinmodern-math scale = 0.9998964600422715.


Package fontspec Info: Font family 'latinmodern-math.otf(3)' created for font
(fontspec)             'latinmodern-math.otf' with options
(fontspec)             [Scale=MatchLowercase,BoldItalicFont={},ItalicFont={},SmallCapsFont={},Script=Math,SizeFeatures={{Size=8.5-},{Size=6-8.5,Font=latinmodern-math.otf,Style=MathScript},{Size=-6,Font=latinmodern-math.otf,Style=MathScriptScript}},BoldFont={latinmodern-math.otf},ScaleAgain=0.9999,FontAdjustment={\fontdimen
(fontspec)             8\font =0.4pt\relax \fontdimen 9\font =2.0pt\relax
(fontspec)             \fontdimen 10\font =1.67pt\relax \fontdimen 11\font
(fontspec)             =1.11pt\relax \fontdimen 12\font =6.0pt\relax
(fontspec)             \fontdimen 13\font =0pt\relax }].
(fontspec)              
(fontspec)              This font family consists of the following NFSS
(fontspec)             series/shapes:
(fontspec)              
(fontspec)             - 'normal' (m/n) with NFSS spec.:
(fontspec)             <8.5->s*[0.9998964600422715]"[latinmodern-math.otf]/OT:script=math;language=dflt;"<6-8.5>s*[0.9998964600422715]"[latinmodern-math.otf]/OT:script=math;language=dflt;+ssty=0;"<-6>s*[0.9998964600422715]"[latinmodern-math.otf]/OT:script=math;language=dflt;+ssty=1;"
(fontspec)             - 'small caps'  (m/sc) with NFSS spec.: 
(fontspec)             and font adjustment code:
(fontspec)             \fontdimen 8\font =0.4pt\relax \fontdimen 9\font
(fontspec)             =2.0pt\relax \fontdimen 10\font =1.67pt\relax
(fontspec)             \fontdimen 11\font =1.11pt\relax \fontdimen 12\font
(fontspec)             =6.0pt\relax \fontdimen 13\font =0pt\relax 
(fontspec)             - 'bold' (b/n) with NFSS spec.:
(fontspec)             <->s*[0.9998964600422715]"[latinmodern-math.otf]/OT:script=math;language=dflt;"
(fontspec)             - 'bold small caps'  (b/sc) with NFSS spec.: 
(fontspec)             and font adjustment code:
(fontspec)             \fontdimen 8\font =0.4pt\relax \fontdimen 9\font
(fontspec)             =2.0pt\relax \fontdimen 10\font =1.67pt\relax
(fontspec)             \fontdimen 11\font =1.11pt\relax \fontdimen 12\font
(fontspec)             =6.0pt\relax \fontdimen 13\font =0pt\relax 

LaTeX Font Info:    Encoding `OMX' has changed to `TU' for symbol font
(Font)              `largesymbols' in the math version `normal' on input line 141.
LaTeX Font Info:    Overwriting symbol font `largesymbols' in version `normal'
(Font)                  OMX/lmex/m/n --> TU/latinmodern-math.otf(3)/m/n on input line 141.
LaTeX Font Info:    Encoding `OMX' has changed to `TU' for symbol font
(Font)              `largesymbols' in the math version `bold' on input line 141.
LaTeX Font Info:    Overwriting symbol font `largesymbols' in version `bold'
(Font)                  OMX/lmex/m/n --> TU/latinmodern-math.otf(3)/b/n on input line 141.
Package hyperref Info: Link coloring OFF on input line 141.
LaTeX Font Info:    Font shape `TU/latinmodern-math.otf(1)/m/n' will be
(Font)              scaled to size 12.0pt on input line 143.
LaTeX Font Info:    Font shape `TU/latinmodern-math.otf(1)/m/n' will be
(Font)              scaled to size 8.0pt on input line 143.
LaTeX Font Info:    Font shape `TU/latinmodern-math.otf(1)/m/n' will be
(Font)              scaled to size 6.0pt on input line 143.
LaTeX Font Info:    Trying to load font information for OML+lmm on input line 143.
(/Users/mleman/Library/TinyTeX/texmf-dist/tex/latex/lm/omllmm.fd
File: omllmm.fd 2015/05/01 v1.6.1 Font defs for Latin Modern
)
LaTeX Font Info:    Font shape `TU/latinmodern-math.otf(2)/m/n' will be
(Font)              scaled to size 12.0011pt on input line 143.
LaTeX Font Info:    Font shape `TU/latinmodern-math.otf(2)/m/n' will be
(Font)              scaled to size 8.00073pt on input line 143.
LaTeX Font Info:    Font shape `TU/latinmodern-math.otf(2)/m/n' will be
(Font)              scaled to size 6.00055pt on input line 143.
LaTeX Font Info:    Font shape `TU/latinmodern-math.otf(3)/m/n' will be
(Font)              scaled to size 11.99872pt on input line 143.
LaTeX Font Info:    Font shape `TU/latinmodern-math.otf(3)/m/n' will be
(Font)              scaled to size 7.99915pt on input line 143.
LaTeX Font Info:    Font shape `TU/latinmodern-math.otf(3)/m/n' will be
(Font)              scaled to size 5.99936pt on input line 143.
LaTeX Font Info:    Trying to load font information for U+msa on input line 143.
(/Users/mleman/Library/TinyTeX/texmf-dist/tex/latex/amsfonts/umsa.fd
File: umsa.fd 2013/01/14 v3.01 AMS symbols A
)
LaTeX Font Info:    Trying to load font information for U+msb on input line 143.
(/Users/mleman/Library/TinyTeX/texmf-dist/tex/latex/amsfonts/umsb.fd
File: umsb.fd 2013/01/14 v3.01 AMS symbols B
) [1


] [2

] (./_main.toc
LaTeX Font Info:    Font shape `TU/latinmodern-math.otf(1)/m/n' will be
(Font)              scaled to size 7.0pt on input line 2.
LaTeX Font Info:    Font shape `TU/latinmodern-math.otf(1)/m/n' will be
(Font)              scaled to size 5.0pt on input line 2.
LaTeX Font Info:    Font shape `TU/latinmodern-math.otf(2)/m/n' will be
(Font)              scaled to size 10.00092pt on input line 2.
LaTeX Font Info:    Font shape `TU/latinmodern-math.otf(2)/m/n' will be
(Font)              scaled to size 7.00064pt on input line 2.
LaTeX Font Info:    Font shape `TU/latinmodern-math.otf(2)/m/n' will be
(Font)              scaled to size 5.00046pt on input line 2.
LaTeX Font Info:    Font shape `TU/latinmodern-math.otf(3)/m/n' will be
(Font)              scaled to size 9.99893pt on input line 2.
LaTeX Font Info:    Font shape `TU/latinmodern-math.otf(3)/m/n' will be
(Font)              scaled to size 6.99925pt on input line 2.
LaTeX Font Info:    Font shape `TU/latinmodern-math.otf(3)/m/n' will be
(Font)              scaled to size 4.99947pt on input line 2.
[3] [4] [5])
\tf@toc=\write4
\openout4 = `_main.toc'.

[6]
Chapter 1.
[7

]
File: Figures/Index_ChapterOverview.png Graphic file (type bmp)
<Figures/Index_ChapterOverview.png>
[8]

LaTeX Warning: Reference `chapTappers2' on page 9 undefined on input line 213.

[9]

LaTeX Warning: Reference `chapDrummers' on page 10 undefined on input line 216.


LaTeX Warning: Reference `chapConclusions' on page 10 undefined on input line 218.

[10]
Underfull \hbox (badness 10000) in paragraph at lines 263--264
[][][][][][][] [] [][][] [] [][][][][][][][][][]$[]\TU/lmr/m/n/10 .\TU/lmtt/m/n/10 {r include=FALSE} # automatically create a
 []


Underfull \hbox (badness 10000) in paragraph at lines 263--264
\TU/lmtt/m/n/10 bib database for R packages knitr::write_bib(c(   .packages(),
 []

[11] [12

]
Chapter 2.
[13] [14]
File: Figures/chapTheory_BayesianModel.jpg Graphic file (type bmp)
<Figures/chapTheory_BayesianModel.jpg>
[15]

LaTeX Warning: Reference `chapTappers2' on page 16 undefined on input line 327.

File: Figures/chapTheory_BayesianModel_2subjects.jpg Graphic file (type bmp)
<Figures/chapTheory_BayesianModel_2subjects.jpg>
[16] [17] [18] [19]
File: Figures/chapTheoryInteractionHypothesis.pdf Graphic file (type pdf)
<use Figures/chapTheoryInteractionHypothesis.pdf>

Underfull \vbox (badness 3199) has occurred while \output is active []

[20]
Underfull \vbox (badness 6675) has occurred while \output is active []

[21] [22]
Chapter 3.
LaTeX Font Info:    Font shape `TU/lmtt/bx/n' in size <10> not available
(Font)              Font shape `TU/lmtt/b/n' tried instead on input line 447.
[23

] [24]
Overfull \hbox (64.5pt too wide) in paragraph at lines 533--533
[]\TU/lmtt/m/n/10 ##  $ names: Factor w/ 2 levels "metronome","subject": 2 1 2 1 2 1 2 2 1 1 ...[] 
 []

[25]
File: Figures/chapModellingTapping1.pdf Graphic file (type pdf)
<use Figures/chapModellingTapping1.pdf>
[26] [27] [28]
File: Figures/chapModellingTapping0.pdf Graphic file (type pdf)
<use Figures/chapModellingTapping0.pdf>
[29]
File: Figures/chapModellingBrms1.pdf Graphic file (type pdf)
<use Figures/chapModellingBrms1.pdf>
[30] [31]
File: Figures/chapModellingB1predicted.pdf Graphic file (type pdf)
<use Figures/chapModellingB1predicted.pdf>
[32] [33] [34] [35] [36]
Chapter 4.
File: Figures/chapListenerWorkflow.jpg Graphic file (type bmp)
<Figures/chapListenerWorkflow.jpg>
[37

]
Overfull \hbox (40.42453pt too wide) has occurred while \output is active
\TU/lmr/m/n/10 38 \TU/lmr/m/sl/10 CHAPTER 4.  UNDERSTANDING THE LISTENER’S APPRECIATION OF MUSIC
 []

[38]
File: Figures/chapListener_Dagitty1c.png Graphic file (type bmp)
<Figures/chapListener_Dagitty1c.png>
[39]
Overfull \hbox (40.42453pt too wide) has occurred while \output is active
\TU/lmr/m/n/10 40 \TU/lmr/m/sl/10 CHAPTER 4.  UNDERSTANDING THE LISTENER’S APPRECIATION OF MUSIC
 []

[40] [41]
Underfull \vbox (badness 1028) has occurred while \output is active []


Overfull \hbox (40.42453pt too wide) has occurred while \output is active
\TU/lmr/m/n/10 42 \TU/lmr/m/sl/10 CHAPTER 4.  UNDERSTANDING THE LISTENER’S APPRECIATION OF MUSIC
 []

[42]
File: Figures/chapListening_Plot1.pdf Graphic file (type pdf)
<use Figures/chapListening_Plot1.pdf>
File: Figures/chapListening_Plot2.pdf Graphic file (type pdf)
<use Figures/chapListening_Plot2.pdf>
File: Figures/chapListening_Plot4.pdf Graphic file (type pdf)
<use Figures/chapListening_Plot4.pdf>
[43]
Overfull \hbox (40.42453pt too wide) has occurred while \output is active
\TU/lmr/m/n/10 44 \TU/lmr/m/sl/10 CHAPTER 4.  UNDERSTANDING THE LISTENER’S APPRECIATION OF MUSIC
 []

[44]
File: _main_files/figure-latex/chapListenerExplore1a-1.pdf Graphic file (type pdf)
<use _main_files/figure-latex/chapListenerExplore1a-1.pdf>
File: _main_files/figure-latex/chapListenerExplore1b-1.pdf Graphic file (type pdf)
<use _main_files/figure-latex/chapListenerExplore1b-1.pdf>
File: Figures/chapListening_Plot3.pdf Graphic file (type pdf)
<use Figures/chapListening_Plot3.pdf>
[45]
Overfull \hbox (40.42453pt too wide) has occurred while \output is active
\TU/lmr/m/n/10 46 \TU/lmr/m/sl/10 CHAPTER 4.  UNDERSTANDING THE LISTENER’S APPRECIATION OF MUSIC
 []

[46] [47]
Overfull \hbox (33.0pt too wide) in paragraph at lines 1179--1179
[]\TU/lmtt/m/n/10 ## ####################### Model Fit Indices ###########################[] 
 []


Overfull \hbox (40.42453pt too wide) has occurred while \output is active
\TU/lmr/m/n/10 48 \TU/lmr/m/sl/10 CHAPTER 4.  UNDERSTANDING THE LISTENER’S APPRECIATION OF MUSIC
 []

[48]
Overfull \hbox (59.25pt too wide) in paragraph at lines 1179--1179
[]\TU/lmtt/m/n/10 ##             chisq  df pvalue rmsea   cfi   tli  srmr        aic        bic[] 
 []


Overfull \hbox (54.0pt too wide) in paragraph at lines 1179--1179
[]\TU/lmtt/m/n/10 ## semfit1  902.093† 122   .000 .089  .849† .810  .083† 40633.042† 41042.366[] 
 []


Overfull \hbox (59.25pt too wide) in paragraph at lines 1179--1179
[]\TU/lmtt/m/n/10 ## semfit2  956.857  130   .000 .089† .840  .811† .085  40671.807  41038.044†[] 
 []


Overfull \hbox (54.0pt too wide) in paragraph at lines 1179--1179
[]\TU/lmtt/m/n/10 ## semfit3 1125.185  136   .000 .095  .809  .783  .093  40828.134  41162.057[] 
 []


Overfull \hbox (33.0pt too wide) in paragraph at lines 1200--1200
[]\TU/lmtt/m/n/10 ## ####################### Model Fit Indices ###########################[] 
 []


Overfull \hbox (64.5pt too wide) in paragraph at lines 1200--1200
[]\TU/lmtt/m/n/10 ##              chisq  df pvalue rmsea   cfi   tli  srmr        aic        bic[] 
 []


Overfull \hbox (59.25pt too wide) in paragraph at lines 1200--1200
[]\TU/lmtt/m/n/10 ## semfit1B  912.025† 122   .000 .090  .848† .806  .088† 45486.939† 45928.579[] 
 []


Overfull \hbox (64.5pt too wide) in paragraph at lines 1200--1200
[]\TU/lmtt/m/n/10 ## semfit2B  965.852  130   .000 .089† .839  .807† .091  45524.766  45923.319†[] 
 []


Overfull \hbox (59.25pt too wide) in paragraph at lines 1200--1200
[]\TU/lmtt/m/n/10 ## semfit3B 1136.275  137   .000 .095  .808  .781  .097  45681.189  46042.041[] 
 []

LaTeX Font Info:    Font shape `TU/lmtt/bx/n' in size <9> not available
(Font)              Font shape `TU/lmtt/b/n' tried instead on input line 1211.
[49]
Overfull \hbox (40.42453pt too wide) has occurred while \output is active
\TU/lmr/m/n/10 50 \TU/lmr/m/sl/10 CHAPTER 4.  UNDERSTANDING THE LISTENER’S APPRECIATION OF MUSIC
 []

[50]
Overfull \hbox (9.502pt too wide) in paragraph at lines 1299--1300
[]\TU/lmr/m/n/10 Overall, the model suggests that the main predictor for Q1 is \TU/lmtt/m/n/10 Kind_of_Experience
 []

[51]
File: Figures/chapListener_ArousalValence_pred1.pdf Graphic file (type pdf)
<use Figures/chapListener_ArousalValence_pred1.pdf>

Underfull \hbox (badness 1132) in paragraph at lines 1340--1345
\TU/lmr/m/n/10 In a second example, we look at the latent variables \TU/lmtt/m/n/10 Evaluation \TU/lmr/m/n/10 and
 []


Overfull \hbox (40.42453pt too wide) has occurred while \output is active
\TU/lmr/m/n/10 52 \TU/lmr/m/sl/10 CHAPTER 4.  UNDERSTANDING THE LISTENER’S APPRECIATION OF MUSIC
 []

[52]
File: Figures/chapListener_ArousalValence_pred.pdf Graphic file (type pdf)
<use Figures/chapListener_ArousalValence_pred.pdf>
[53]
Overfull \hbox (40.42453pt too wide) has occurred while \output is active
\TU/lmr/m/n/10 54 \TU/lmr/m/sl/10 CHAPTER 4.  UNDERSTANDING THE LISTENER’S APPRECIATION OF MUSIC
 []

[54] [55]
Overfull \hbox (40.42453pt too wide) has occurred while \output is active
\TU/lmr/m/n/10 56 \TU/lmr/m/sl/10 CHAPTER 4.  UNDERSTANDING THE LISTENER’S APPRECIATION OF MUSIC
 []

[56

]
Chapter 5.
[57]
Overfull \hbox (54.98451pt too wide) has occurred while \output is active
\TU/lmr/m/n/10 58 \TU/lmr/m/sl/10 CHAPTER 5.  UNDERSTANDING THE DANCER’S SYNCHRONIZATION TO MUSIC
 []

[58]
File: Figures/chapDancer_Fig_2.png Graphic file (type bmp)
<Figures/chapDancer_Fig_2.png>
[59]
File: Figures/chapDancer_Fig1_IF1andF1.pdf Graphic file (type pdf)
<use Figures/chapDancer_Fig1_IF1andF1.pdf>
File: Figures/chapDancer_Fig1_F2.pdf Graphic file (type pdf)
<use Figures/chapDancer_Fig1_F2.pdf>

Overfull \hbox (54.98451pt too wide) has occurred while \output is active
\TU/lmr/m/n/10 60 \TU/lmr/m/sl/10 CHAPTER 5.  UNDERSTANDING THE DANCER’S SYNCHRONIZATION TO MUSIC
 []

[60]
File: Figures/chapDancer_Dataplot1.pdf Graphic file (type pdf)
<use Figures/chapDancer_Dataplot1.pdf>
[61]
File: Figures/chapDancer_Dataplot2.pdf Graphic file (type pdf)
<use Figures/chapDancer_Dataplot2.pdf>

Overfull \hbox (54.98451pt too wide) has occurred while \output is active
\TU/lmr/m/n/10 62 \TU/lmr/m/sl/10 CHAPTER 5.  UNDERSTANDING THE DANCER’S SYNCHRONIZATION TO MUSIC
 []

[62] [63]
File: Figures/chapDancer_model1_Fragments.pdf Graphic file (type pdf)
<use Figures/chapDancer_model1_Fragments.pdf>
File: Figures/chapDancer_model1_FragmentsParticipants.pdf Graphic file (type pdf)
<use Figures/chapDancer_model1_FragmentsParticipants.pdf>

Overfull \hbox (54.98451pt too wide) has occurred while \output is active
\TU/lmr/m/n/10 64 \TU/lmr/m/sl/10 CHAPTER 5.  UNDERSTANDING THE DANCER’S SYNCHRONIZATION TO MUSIC
 []

[64] [65]
File: Figures/chapDancer_ContrastFragments_test_1.pdf Graphic file (type pdf)
<use Figures/chapDancer_ContrastFragments_test_1.pdf>
File: Figures/chapDancer_ContrastFragments_test_2.pdf Graphic file (type pdf)
<use Figures/chapDancer_ContrastFragments_test_2.pdf>
File: Figures/chapDancer_ContrastFragments_test_3.pdf Graphic file (type pdf)
<use Figures/chapDancer_ContrastFragments_test_3.pdf>

Underfull \vbox (badness 10000) has occurred while \output is active []


Overfull \hbox (54.98451pt too wide) has occurred while \output is active
\TU/lmr/m/n/10 66 \TU/lmr/m/sl/10 CHAPTER 5.  UNDERSTANDING THE DANCER’S SYNCHRONIZATION TO MUSIC
 []

[66] [67]
File: Figures/chapDancer_model3_FragmentsParticipants.pdf Graphic file (type pdf)
<use Figures/chapDancer_model3_FragmentsParticipants.pdf>

Overfull \hbox (54.98451pt too wide) has occurred while \output is active
\TU/lmr/m/n/10 68 \TU/lmr/m/sl/10 CHAPTER 5.  UNDERSTANDING THE DANCER’S SYNCHRONIZATION TO MUSIC
 []

[68]
File: Figures/chapDancer_Plots_1.pdf Graphic file (type pdf)
<use Figures/chapDancer_Plots_1.pdf>
File: Figures/chapDancer_Plots_2.pdf Graphic file (type pdf)
<use Figures/chapDancer_Plots_2.pdf>
File: Figures/chapDancer_Plots_3.pdf Graphic file (type pdf)
<use Figures/chapDancer_Plots_3.pdf>
[69]
Overfull \hbox (54.98451pt too wide) has occurred while \output is active
\TU/lmr/m/n/10 70 \TU/lmr/m/sl/10 CHAPTER 5.  UNDERSTANDING THE DANCER’S SYNCHRONIZATION TO MUSIC
 []

[70] [71]
Overfull \hbox (54.98451pt too wide) has occurred while \output is active
\TU/lmr/m/n/10 72 \TU/lmr/m/sl/10 CHAPTER 5.  UNDERSTANDING THE DANCER’S SYNCHRONIZATION TO MUSIC
 []

[72

]
Chapter 6.
[73]
File: Figures/chapViolinist_TeacherAvatar.jpg Graphic file (type bmp)
<Figures/chapViolinist_TeacherAvatar.jpg>

Overfull \hbox (7.14453pt too wide) has occurred while \output is active
\TU/lmr/m/n/10 74 \TU/lmr/m/sl/10 CHAPTER 6.  UNDERSTANDING VIOLIN PLAYING WITH A HOLOLENS
 []

[74] [75]
Overfull \hbox (7.14453pt too wide) has occurred while \output is active
\TU/lmr/m/n/10 76 \TU/lmr/m/sl/10 CHAPTER 6.  UNDERSTANDING VIOLIN PLAYING WITH A HOLOLENS
 []

[76]
Overfull \hbox (85.5pt too wide) in paragraph at lines 1937--1937
[]\TU/lmtt/m/n/10 ##      PD logPD[,1]   PDi startIndex endIndex  time subject trial condition piece[] 
 []


Overfull \hbox (85.5pt too wide) in paragraph at lines 1937--1937
[]\TU/lmtt/m/n/10 ##   <dbl>     <dbl> <int>      <dbl>    <dbl> <dbl> <fct>   <fct> <fct>     <chr>[] 
 []


Overfull \hbox (69.75pt too wide) in paragraph at lines 1937--1937
[]\TU/lmtt/m/n/10 ## 1  0.09     -0.84    91       3.59     4.3   3.59 P001    T1    3D        F1[] 
 []


Overfull \hbox (69.75pt too wide) in paragraph at lines 1937--1937
[]\TU/lmtt/m/n/10 ## 2  0.09     -0.84    91       3.59     4.3   3.89 P001    T1    3D        F1[] 
 []


Overfull \hbox (69.75pt too wide) in paragraph at lines 1937--1937
[]\TU/lmtt/m/n/10 ## 3  0.09     -0.84    91       3.59     4.3   4.19 P001    T1    3D        F1[] 
 []


Overfull \hbox (69.75pt too wide) in paragraph at lines 1937--1937
[]\TU/lmtt/m/n/10 ## 4  0.21      0.26   210       4.3      5.33  4.3  P001    T1    3D        F1[] 
 []


Overfull \hbox (69.75pt too wide) in paragraph at lines 1937--1937
[]\TU/lmtt/m/n/10 ## 5  0.21      0.26   210       4.3      5.33  4.6  P001    T1    3D        F1[] 
 []


Overfull \hbox (69.75pt too wide) in paragraph at lines 1937--1937
[]\TU/lmtt/m/n/10 ## 6  0.21      0.26   210       4.3      5.33  4.9  P001    T1    3D        F1[] 
 []

[77]
File: Figures/chapViolinist_PD_hist.pdf Graphic file (type pdf)
<use Figures/chapViolinist_PD_hist.pdf>

Overfull \hbox (17.25pt too wide) in paragraph at lines 1975--1975
[]\TU/lmtt/m/n/10 ## alternative hypothesis: true difference in means is not equal to 0[] 
 []

File: Figures/chapViolinist_PD_data.pdf Graphic file (type pdf)
<use Figures/chapViolinist_PD_data.pdf>
File: Figures/chapViolinist_Score_F1.pdf Graphic file (type pdf)
<use Figures/chapViolinist_Score_F1.pdf>

Overfull \hbox (7.14453pt too wide) has occurred while \output is active
\TU/lmr/m/n/10 78 \TU/lmr/m/sl/10 CHAPTER 6.  UNDERSTANDING VIOLIN PLAYING WITH A HOLOLENS
 []

[78] [79]
File: Figures/chapViolinist_Diff_model_F1.pdf Graphic file (type pdf)
<use Figures/chapViolinist_Diff_model_F1.pdf>

Overfull \hbox (7.14453pt too wide) has occurred while \output is active
\TU/lmr/m/n/10 80 \TU/lmr/m/sl/10 CHAPTER 6.  UNDERSTANDING VIOLIN PLAYING WITH A HOLOLENS
 []

[80] [81]
Overfull \hbox (7.14453pt too wide) has occurred while \output is active
\TU/lmr/m/n/10 82 \TU/lmr/m/sl/10 CHAPTER 6.  UNDERSTANDING VIOLIN PLAYING WITH A HOLOLENS
 []

[82]
File: Figures/chapViolinist_ContrastBlock_1.pdf Graphic file (type pdf)
<use Figures/chapViolinist_ContrastBlock_1.pdf>
File: Figures/chapViolinist_ContrastBlock_2.pdf Graphic file (type pdf)
<use Figures/chapViolinist_ContrastBlock_2.pdf>
[83]
Overfull \hbox (7.14453pt too wide) has occurred while \output is active
\TU/lmr/m/n/10 84 \TU/lmr/m/sl/10 CHAPTER 6.  UNDERSTANDING VIOLIN PLAYING WITH A HOLOLENS
 []

[84]
File: Figures/chapViolinist_smooths_piece_F1_condition_2D_subject_P009.pdf Graphic file (type pdf)
<use Figures/chapViolinist_smooths_piece_F1_condition_2D_subject_P009.pdf>
File: Figures/chapViolinist_contrasts_subject_P009_piece_F1_condition_2D_subject_P009_Ref_T1.pdf Graphic file (type pdf)
<use Figures/chapViolinist_contrasts_subject_P009_piece_F1_condition_2D_subject_P009_Ref_T1.pdf>
[85]
Overfull \hbox (7.14453pt too wide) has occurred while \output is active
\TU/lmr/m/n/10 86 \TU/lmr/m/sl/10 CHAPTER 6.  UNDERSTANDING VIOLIN PLAYING WITH A HOLOLENS
 []

[86]
File: Figures/chapViolinist_Summary_epred.pdf Graphic file (type pdf)
<use Figures/chapViolinist_Summary_epred.pdf>
[87]
Overfull \hbox (7.14453pt too wide) has occurred while \output is active
\TU/lmr/m/n/10 88 \TU/lmr/m/sl/10 CHAPTER 6.  UNDERSTANDING VIOLIN PLAYING WITH A HOLOLENS
 []

[88]
File: Figures/GUSO2_A2model_2conditions_piece_F1.rds.pdf Graphic file (type pdf)
<use Figures/GUSO2_A2model_2conditions_piece_F1.rds.pdf>
File: Figures/chapViolinist_Diff_model_F2.pdf Graphic file (type pdf)
<use Figures/chapViolinist_Diff_model_F2.pdf>
File: Figures/GUSO2_A2model_2conditions_piece_F2.rds.pdf Graphic file (type pdf)
<use Figures/GUSO2_A2model_2conditions_piece_F2.rds.pdf>

Underfull \vbox (badness 3364) has occurred while \output is active []

[89]
Overfull \hbox (7.14453pt too wide) has occurred while \output is active
\TU/lmr/m/n/10 90 \TU/lmr/m/sl/10 CHAPTER 6.  UNDERSTANDING VIOLIN PLAYING WITH A HOLOLENS
 []

[90]
Underfull \vbox (badness 5893) has occurred while \output is active []

[91]
Overfull \hbox (7.14453pt too wide) has occurred while \output is active
\TU/lmr/m/n/10 92 \TU/lmr/m/sl/10 CHAPTER 6.  UNDERSTANDING VIOLIN PLAYING WITH A HOLOLENS
 []

[92]
Chapter 7.
File: Figures/chapExoskeletons_TeacherStudent.png Graphic file (type bmp)
<Figures/chapExoskeletons_TeacherStudent.png>
[93

]
File: Figures/chapExoskeletons_Shalan Alhamwy_P1255694.jpg Graphic file (type bmp)
<Figures/chapExoskeletons_Shalan Alhamwy_P1255694.jpg>

Overfull \hbox (53.06453pt too wide) has occurred while \output is active
\TU/lmr/m/n/10 94 \TU/lmr/m/sl/10 CHAPTER 7.  UNDERSTANDING TWO VIOLIN PLAYERS WITH EXOSKELETONS
 []

[94] [95]
Overfull \hbox (53.06453pt too wide) has occurred while \output is active
\TU/lmr/m/n/10 96 \TU/lmr/m/sl/10 CHAPTER 7.  UNDERSTANDING TWO VIOLIN PLAYERS WITH EXOSKELETONS
 []

[96]
File: Figures/chapExoskeletons_Bow_Violin_markers.pdf Graphic file (type pdf)
<use Figures/chapExoskeletons_Bow_Violin_markers.pdf>
File: Figures/chapExoskeletons_PCA_extracted.pdf Graphic file (type pdf)
<use Figures/chapExoskeletons_PCA_extracted.pdf>
[97]
Overfull \hbox (53.06453pt too wide) has occurred while \output is active
\TU/lmr/m/n/10 98 \TU/lmr/m/sl/10 CHAPTER 7.  UNDERSTANDING TWO VIOLIN PLAYERS WITH EXOSKELETONS
 []

[98]
Overfull \hbox (85.5pt too wide) in paragraph at lines 2594--2594
[]\TU/lmtt/m/n/10 ##  $ Placeholder: Factor w/ 560 levels "D03_B1_T1_AE",..: 1 1 1 1 1 1 1 1 1 1 ...[] 
 []


Overfull \hbox (96.0pt too wide) in paragraph at lines 2594--2594
[]\TU/lmtt/m/n/10 ##  $ Dyad       : Factor w/ 20 levels "D03","D07","D09",..: 1 1 1 1 1 1 1 1 1 1 ...[] 
 []


Overfull \hbox (75.0pt too wide) in paragraph at lines 2594--2594
[]\TU/lmtt/m/n/10 ##  $ Block      : Factor w/ 7 levels "B1","B2","B3",..: 1 1 1 1 1 1 1 1 1 1 ...[] 
 []


Overfull \hbox (75.0pt too wide) in paragraph at lines 2594--2594
[]\TU/lmtt/m/n/10 ##  $ Trial      : Factor w/ 6 levels "T1","T2","T3",..: 1 1 1 1 1 1 1 1 1 1 ...[] 
 []


Overfull \hbox (69.75pt too wide) in paragraph at lines 2594--2594
[]\TU/lmtt/m/n/10 ##  $ Condition  : Factor w/ 6 levels "A","AE","AV",..: 2 2 2 2 2 2 2 2 2 2 ...[] 
 []


Overfull \hbox (69.75pt too wide) in paragraph at lines 2594--2594
[]\TU/lmtt/m/n/10 ##  $ Tempo      : Factor w/ 2 levels "100BPM","72BPM": 2 2 2 2 2 2 2 2 2 2 ...[] 
 []


Overfull \hbox (127.5pt too wide) in paragraph at lines 2594--2594
[]\TU/lmtt/m/n/10 ##  $ Expertise  : Factor w/ 3 levels "amateur","professional",..: 1 1 1 1 1 1 1 1 1 1 ...[] 
 []


Overfull \hbox (12.0pt too wide) in paragraph at lines 2594--2594
[]\TU/lmtt/m/n/10 ##  $ BOW2_1 Y   : num [1:4382362] -96.7 -97.1 -97.4 -97.7 -97.9 ...[] 
 []


Overfull \hbox (12.0pt too wide) in paragraph at lines 2594--2594
[]\TU/lmtt/m/n/10 ##  $ VIOLIN2_3 Y: num [1:4382362] -41.5 -41.6 -41.6 -41.8 -42.1 ...[] 
 []


Overfull \hbox (12.0pt too wide) in paragraph at lines 2594--2594
[]\TU/lmtt/m/n/10 ##  $ VY2        : num [1:4382362] -44.1 -44.2 -44.3 -44.4 -44.5 ...[] 
 []


Overfull \hbox (12.0pt too wide) in paragraph at lines 2594--2594
[]\TU/lmtt/m/n/10 ##  $ X1         : num [1:4382362] -15.3 -15.3 -15.3 -15.3 -15.3 ...[] 
 []


Overfull \hbox (1.5pt too wide) in paragraph at lines 2594--2594
[]\TU/lmtt/m/n/10 ##  $ s1         : num [1:4382362, 1] -107 -107 -107 -107 -107 ...[] 
 []


LaTeX Warning: Reference `fig:chapExoskeletonOverview1' on page 99 undefined on input line 2597.

File: Figures/chapExoskeletons_DataPlotting_p1.pdf Graphic file (type pdf)
<use Figures/chapExoskeletons_DataPlotting_p1.pdf>
[99]
Overfull \hbox (58.06453pt too wide) has occurred while \output is active
\TU/lmr/m/n/10 100 \TU/lmr/m/sl/10 CHAPTER 7.  UNDERSTANDING TWO VIOLIN PLAYERS WITH EXOSKELETONS
 []

[100]
File: Figures/chapExoskeletons_subject12relphase.png Graphic file (type bmp)
<Figures/chapExoskeletons_subject12relphase.png>

Overfull \hbox (90.75pt too wide) in paragraph at lines 2653--2653
[]\TU/lmtt/m/n/10 ##  $ Placeholder: Factor w/ 480 levels "D03_B1_T1_AE",..: 1 2 3 4 5 6 7 8 9 10 ...[] 
 []


Overfull \hbox (96.0pt too wide) in paragraph at lines 2653--2653
[]\TU/lmtt/m/n/10 ##  $ Dyad       : Factor w/ 20 levels "D03","D04","D05",..: 1 1 1 1 1 1 1 1 1 1 ...[] 
 []


Overfull \hbox (75.0pt too wide) in paragraph at lines 2653--2653
[]\TU/lmtt/m/n/10 ##  $ Block      : Factor w/ 6 levels "B1","B2","B3",..: 1 1 1 1 2 2 2 2 3 3 ...[] 
 []


Overfull \hbox (75.0pt too wide) in paragraph at lines 2653--2653
[]\TU/lmtt/m/n/10 ##  $ Trial      : Factor w/ 4 levels "T1","T2","T3",..: 1 2 3 4 1 2 3 4 1 2 ...[] 
 []

[101]
Overfull \hbox (69.75pt too wide) in paragraph at lines 2653--2653
[]\TU/lmtt/m/n/10 ##  $ Condition  : Factor w/ 4 levels "A","AE","AV",..: 2 3 4 1 3 2 1 4 4 3 ...[] 
 []


Overfull \hbox (69.75pt too wide) in paragraph at lines 2653--2653
[]\TU/lmtt/m/n/10 ##  $ Tempo      : Factor w/ 2 levels "100BPM","72BPM": 2 2 2 2 1 1 1 1 2 2 ...[] 
 []


Overfull \hbox (127.5pt too wide) in paragraph at lines 2653--2653
[]\TU/lmtt/m/n/10 ##  $ Expertise  : Factor w/ 3 levels "amateur","professional",..: 1 1 1 1 1 1 1 1 1 1 ...[] 
 []

File: Figures/chapExoskeletons_fit_R_pp_check.pdf Graphic file (type pdf)
<use Figures/chapExoskeletons_fit_R_pp_check.pdf>
File: Figures/chapExoskeletons_fit_alpha_pp_check.pdf Graphic file (type pdf)
<use Figures/chapExoskeletons_fit_alpha_pp_check.pdf>
File: Figures/chapExoskeletons_fit_R.pdf Graphic file (type pdf)
<use Figures/chapExoskeletons_fit_R.pdf>

Overfull \hbox (58.06453pt too wide) has occurred while \output is active
\TU/lmr/m/n/10 102 \TU/lmr/m/sl/10 CHAPTER 7.  UNDERSTANDING TWO VIOLIN PLAYERS WITH EXOSKELETONS
 []

[102]

LaTeX Warning: Reference `fig:posteriorpredictionsR' on page 103 undefined on input line 2709.


Overfull \hbox (44.30455pt too wide) has occurred while \output is active
\TU/lmr/m/sl/10 7.7.  POSTERIOR PREDICTIONS MODEL 1 (SYNCHRONIZATION STRENGH R) \TU/lmr/m/n/10 103
 []

[103]
Overfull \hbox (58.06453pt too wide) has occurred while \output is active
\TU/lmr/m/n/10 104 \TU/lmr/m/sl/10 CHAPTER 7.  UNDERSTANDING TWO VIOLIN PLAYERS WITH EXOSKELETONS
 []

[104]
Overfull \hbox (45.19669pt too wide) in paragraph at lines 2784--2784
[]\TU/lmr/bx/n/14.4 Posterior predictions model 2 (fit_log_abs_alpha) 
 []

File: Figures/chapExoskeletons_fit_alpha.pdf Graphic file (type pdf)
<use Figures/chapExoskeletons_fit_alpha.pdf>
[105]
Overfull \hbox (58.06453pt too wide) has occurred while \output is active
\TU/lmr/m/n/10 106 \TU/lmr/m/sl/10 CHAPTER 7.  UNDERSTANDING TWO VIOLIN PLAYERS WITH EXOSKELETONS
 []

[106] [107]
Overfull \hbox (58.06453pt too wide) has occurred while \output is active
\TU/lmr/m/n/10 108 \TU/lmr/m/sl/10 CHAPTER 7.  UNDERSTANDING TWO VIOLIN PLAYERS WITH EXOSKELETONS
 []

[108

]
Chapter 8.
[109]
File: Figures/chapTappers_20230626_ODEanalysis.jpg Graphic file (type bmp)
<Figures/chapTappers_20230626_ODEanalysis.jpg>
[110] [111]
File: Figures/chapTappers_ODE_system.jpg Graphic file (type bmp)
<Figures/chapTappers_ODE_system.jpg>

LaTeX Warning: Reference `chapTappersequation1' on page 112 undefined on input line 2958.


Overfull \hbox (12.64272pt too wide) detected at line 2964
[][][][] [] [][] [] [] [][][][][][][][] [] [][] [] [][][][]  [][][][] [][][][][] [] [][][][] [] [][][][][][][][][][][][][][][][][][][][]
 []

[112] [113]

LaTeX Warning: Reference `equation1' on page 114 undefined on input line 3035.

[114] [115]
Underfull \hbox (badness 1642) in paragraph at lines 3102--3104
[]\TU/lmr/m/n/10 Extraction of event times. The time instances corresponding to
 []

[116]
File: _main_files/figure-latex/chapTappers4couplingdelay2-1.pdf Graphic file (type pdf)
<use _main_files/figure-latex/chapTappers4couplingdelay2-1.pdf>

LaTeX Warning: Reference `fig:chapTappers6odePhi12view' on page 117 undefined on input line 3142.

[117]
Overfull \hbox (6.75pt too wide) in paragraph at lines 3153--3153
[]\TU/lmtt/m/n/10 ##     time    phi_m1    phi_s1    phi_m2    phi_s2 sim       names[] 
 []


Overfull \hbox (6.75pt too wide) in paragraph at lines 3153--3153
[]\TU/lmtt/m/n/10 ## 1 0.6000  6.283185  6.276223  6.180182  6.187058   1 metronome 1[] 
 []


Overfull \hbox (6.75pt too wide) in paragraph at lines 3153--3153
[]\TU/lmtt/m/n/10 ## 2 0.6006  6.289468  6.282494  6.186362  6.193250   1   subject 1[] 
 []


Overfull \hbox (6.75pt too wide) in paragraph at lines 3153--3153
[]\TU/lmtt/m/n/10 ## 3 0.6093  6.380575  6.373420  6.275975  6.283040   1   subject 2[] 
 []


Overfull \hbox (6.75pt too wide) in paragraph at lines 3153--3153
[]\TU/lmtt/m/n/10 ## 4 0.6100  6.387905  6.380736  6.283185  6.290265   1 metronome 2[] 
 []


Overfull \hbox (6.75pt too wide) in paragraph at lines 3153--3153
[]\TU/lmtt/m/n/10 ## 5 1.1999 12.565323 12.542819 12.359335 12.381545   1 metronome 1[] 
 []


Overfull \hbox (6.75pt too wide) in paragraph at lines 3153--3153
[]\TU/lmtt/m/n/10 ## 6 1.2021 12.588362 12.565792 12.381995 12.404271   1   subject 1[] 
 []


LaTeX Warning: Reference `fig:chapTappers7generatedODEsample1ip' on page 118 undefined on input line 3164.


Overfull \hbox (9.85002pt too wide) in paragraph at lines 3158--3166
\TU/lmr/m/n/10 ODE-system 1 (see the first row of table @ref(tab:chapTappers5coupling_delay3)).
 []

File: Figures/chapTappers_ODEgeneratedData_DataNoisy_KDsample1.png Graphic file (type bmp)
<Figures/chapTappers_ODEgeneratedData_DataNoisy_KDsample1.png>
File: Figures/chapTappers_ODEgeneratedData_DataNoisy_KDsample1_inst_period.png Graphic file (type bmp)
<Figures/chapTappers_ODEgeneratedData_DataNoisy_KDsample1_inst_period.png>
File: Figures/chapTappers_ODEgeneratedData_DataNoisy_KDsample21.png Graphic file (type bmp)
<Figures/chapTappers_ODEgeneratedData_DataNoisy_KDsample21.png>
File: Figures/chapTappers_ODEgeneratedData_DataNoisy_KDsample21_inst_period.png Graphic file (type bmp)
<Figures/chapTappers_ODEgeneratedData_DataNoisy_KDsample21_inst_period.png>
File: Figures/chapTappers_ODEgeneratedData_DataNoisy_KDsample26.png Graphic file (type bmp)
<Figures/chapTappers_ODEgeneratedData_DataNoisy_KDsample26.png>
File: Figures/chapTappers_ODEgeneratedData_DataNoisy_KDsample26_inst_period.png Graphic file (type bmp)
<Figures/chapTappers_ODEgeneratedData_DataNoisy_KDsample26_inst_period.png>
[118] [119]
File: Figures/chapTappers_OverviewODE_fittedParametersK_13_july.png Graphic file (type bmp)
<Figures/chapTappers_OverviewODE_fittedParametersK_13_july.png>
File: Figures/chapTappers_OverviewODE_fittedParametersErrorK_13_july.png Graphic file (type bmp)
<Figures/chapTappers_OverviewODE_fittedParametersErrorK_13_july.png>
File: Figures/chapTappers_OverviewODE_fittedParametersD_13_july.png Graphic file (type bmp)
<Figures/chapTappers_OverviewODE_fittedParametersD_13_july.png>
File: Figures/chapTappers_OverviewODE_fittedParametersErrorD_13_july.png Graphic file (type bmp)
<Figures/chapTappers_OverviewODE_fittedParametersErrorD_13_july.png>

LaTeX Warning: Reference `fig:chapTappers12ODEfittedParametersD' on page 120 undefined on input line 3269.

[120] [121] [122]
File: Figures/chapTappers_sim_Stan_Final_13_july_1.png Graphic file (type bmp)
<Figures/chapTappers_sim_Stan_Final_13_july_1.png>
File: Figures/chapTappers_sim_Stan_Final_13_july_1_InstPeriod.png Graphic file (type bmp)
<Figures/chapTappers_sim_Stan_Final_13_july_1_InstPeriod.png>
File: Figures/chapTappers_sim_Stan_Final_13_july_21.png Graphic file (type bmp)
<Figures/chapTappers_sim_Stan_Final_13_july_21.png>
File: Figures/chapTappers_sim_Stan_Final_13_july_21_InstPeriod.png Graphic file (type bmp)
<Figures/chapTappers_sim_Stan_Final_13_july_21_InstPeriod.png>
File: Figures/chapTappers_sim_Stan_Final_13_july_26.png Graphic file (type bmp)
<Figures/chapTappers_sim_Stan_Final_13_july_26.png>
File: Figures/chapTappers_sim_Stan_Final_13_july_26_InstPeriod.png Graphic file (type bmp)
<Figures/chapTappers_sim_Stan_Final_13_july_26_InstPeriod.png>
[123] [124]
LaTeX Font Info:    Font shape `TU/lmtt/bx/n' in size <5> not available
(Font)              Font shape `TU/lmtt/b/n' tried instead on input line 3397.
[125]
No file _main.bbl.
[126] (./_main.aux)
 ***********
LaTeX2e <2023-11-01> patch level 1
L3 programming layer <2024-03-14>
 ***********

LaTeX Warning: There were undefined references.

 ) 
Here is how much of TeX's memory you used:
 20433 strings out of 476760
 405447 string characters out of 5801554
 1989145 words of memory out of 5000000
 42083 multiletter control sequences out of 15000+600000
 564722 words of font info for 102 fonts, out of 8000000 for 9000
 14 hyphenation exceptions out of 8191
 90i,13n,121p,1207b,489s stack positions out of 10000i,1000n,20000p,200000b,200000s

Output written on _main.pdf (126 pages).
