This is pdfTeX, Version 3.141592653-2.6-1.40.26 (TeX Live 2024) (preloaded format=pdflatex 2024.11.15)  16 NOV 2024 12:24
entering extended mode
 restricted \write18 enabled.
 %&-line parsing enabled.
**ExploringMusicInteractions.tex
(./ExploringMusicInteractions.tex
LaTeX2e <2024-11-01>
L3 programming layer <2024-11-02>
(./krantz.cls
Document Class: krantz 2005/09/16 v1.4f Standard LaTeX document class
(/Users/mleman/Library/TinyTeX/texmf-dist/tex/latex/base/bk10.clo
File: bk10.clo 2024/06/29 v1.4n Standard LaTeX file (size option)
)
\trimheight=\dimen141
\trimwidth=\dimen142
\normaltextheight=\dimen143
\tempa=\dimen144
\tempdimen=\dimen145
\htrim=\dimen146
\vtrimtop=\dimen147
\vtrimbot=\dimen148
\ul@box=\box52
\ur@box=\box53
\ll@box=\box54
\lr@box=\box55
\@cipboxa=\box56
\@cipboxb=\box57
\@ciprulewidth=\dimen149
\c@part=\count196
\c@chapter=\count197
\c@section=\count198
\c@subsection=\count199
\c@subsubsection=\count266
\c@paragraph=\count267
\c@subparagraph=\count268
\secwd=\dimen150
\subsecwd=\dimen151
\subsubsecwd=\dimen152
\c@figure=\count269
\c@table=\count270
\abovecaptionskip=\skip49
\belowcaptionskip=\skip50
\c@numauthors=\count271
\section@toc@skip=\skip51
\SectionTOCWidth=\skip52
\subsection@toc@skip=\skip53
\SubSectionTOCWidth=\skip54
\subsubsection@toc@skip=\skip55
\SubSubSectionTOCWidth=\skip56
\paragraph@toc@skip=\skip57
\ParagraphTOCWidth=\skip58
\subparagraph@toc@skip=\skip59
\@AUonebox=\box58
\@AUtwobox=\box59
\@AUthreebox=\box60
\@AUfourbox=\box61
\@AUaffonebox=\box62
\@AUafftwobox=\box63
\@AUaffthreebox=\box64
\@AUafffourbox=\box65
\@finalAUboxfromone=\box66
\@finalAUboxfromtwo=\box67
\@finalAUboxfromthree=\box68
\@finalAUboxfromfour=\box69
\c@chaptocdepth=\count272
\bibindent=\dimen153
\tempbox=\box70
\nomenwidth=\dimen154
\@tablebox=\box71
\@tabletitlebox=\box72
\@tablewidth=\dimen155
\@tabletitlewidth=\dimen156
\max@tablewidth=\dimen157
\tempbox=\box73
\tempdimen=\dimen158
\tempbox=\box74
\notewidth=\dimen159
\wherebox=\box75
\wherewidth=\dimen160
\listtextleftmargin=\skip60
\listtextleftmarginii=\skip61
\listtextleftmarginiii=\skip62
\listtextrightmargin=\skip63
\listlabelleftskip=\skip64
\listlabelleftskipii=\skip65
\listlabelleftskipiii=\skip66
\abovelistskipi=\skip67
\belowlistskipi=\skip68
\abovelistskipii=\skip69
\belowlistskipii=\skip70
\abovelistskipiii=\skip71
\belowlistskipiii=\skip72
\labelsepi=\skip73
\labelsepii=\skip74
\labelsepiii=\skip75
\itemsepi=\skip76
\itemsepii=\skip77
\itemsepiii=\skip78
\enumdimwd=\dimen161
\enumdim=\dimen162
\concolwidth=\dimen163
\stempbox=\box76
) (/Users/mleman/Library/TinyTeX/texmf-dist/tex/latex/amsmath/amsmath.sty
Package: amsmath 2024/11/05 v2.17t AMS math features
\@mathmargin=\skip79
For additional information on amsmath, use the `?' option.
(/Users/mleman/Library/TinyTeX/texmf-dist/tex/latex/amsmath/amstext.sty
Package: amstext 2021/08/26 v2.01 AMS text
(/Users/mleman/Library/TinyTeX/texmf-dist/tex/latex/amsmath/amsgen.sty
File: amsgen.sty 1999/11/30 v2.0 generic functions
\@emptytoks=\toks17
\ex@=\dimen164
)) (/Users/mleman/Library/TinyTeX/texmf-dist/tex/latex/amsmath/amsbsy.sty
Package: amsbsy 1999/11/29 v1.2d Bold Symbols
\pmbraise@=\dimen165
) (/Users/mleman/Library/TinyTeX/texmf-dist/tex/latex/amsmath/amsopn.sty
Package: amsopn 2022/04/08 v2.04 operator names
)
\inf@bad=\count273
LaTeX Info: Redefining \frac on input line 233.
\uproot@=\count274
\leftroot@=\count275
LaTeX Info: Redefining \overline on input line 398.
LaTeX Info: Redefining \colon on input line 409.
\classnum@=\count276
\DOTSCASE@=\count277
LaTeX Info: Redefining \ldots on input line 495.
LaTeX Info: Redefining \dots on input line 498.
LaTeX Info: Redefining \cdots on input line 619.
\Mathstrutbox@=\box77
\strutbox@=\box78
LaTeX Info: Redefining \big on input line 721.
LaTeX Info: Redefining \Big on input line 722.
LaTeX Info: Redefining \bigg on input line 723.
LaTeX Info: Redefining \Bigg on input line 724.
\big@size=\dimen166
LaTeX Font Info:    Redeclaring font encoding OML on input line 742.
LaTeX Font Info:    Redeclaring font encoding OMS on input line 743.
\macc@depth=\count278
LaTeX Info: Redefining \bmod on input line 904.
LaTeX Info: Redefining \pmod on input line 909.
LaTeX Info: Redefining \smash on input line 939.
LaTeX Info: Redefining \relbar on input line 969.
LaTeX Info: Redefining \Relbar on input line 970.
\c@MaxMatrixCols=\count279
\dotsspace@=\muskip17
\c@parentequation=\count280
\dspbrk@lvl=\count281
\tag@help=\toks18
\row@=\count282
\column@=\count283
\maxfields@=\count284
\andhelp@=\toks19
\eqnshift@=\dimen167
\alignsep@=\dimen168
\tagshift@=\dimen169
\tagwidth@=\dimen170
\totwidth@=\dimen171
\lineht@=\dimen172
\@envbody=\toks20
\multlinegap=\skip80
\multlinetaggap=\skip81
\mathdisplay@stack=\toks21
LaTeX Info: Redefining \[ on input line 2953.
LaTeX Info: Redefining \] on input line 2954.
) (/Users/mleman/Library/TinyTeX/texmf-dist/tex/latex/amsfonts/amssymb.sty
Package: amssymb 2013/01/14 v3.01 AMS font symbols
(/Users/mleman/Library/TinyTeX/texmf-dist/tex/latex/amsfonts/amsfonts.sty
Package: amsfonts 2013/01/14 v3.01 Basic AMSFonts support
\symAMSa=\mathgroup4
\symAMSb=\mathgroup5
LaTeX Font Info:    Redeclaring math symbol \hbar on input line 98.
LaTeX Font Info:    Overwriting math alphabet `\mathfrak' in version `bold'
(Font)                  U/euf/m/n --> U/euf/b/n on input line 106.
)) (/Users/mleman/Library/TinyTeX/texmf-dist/tex/generic/iftex/iftex.sty
Package: iftex 2022/02/03 v1.0f TeX engine tests
) (/Users/mleman/Library/TinyTeX/texmf-dist/tex/latex/base/fontenc.sty
Package: fontenc 2021/04/29 v2.0v Standard LaTeX package
) (/Users/mleman/Library/TinyTeX/texmf-dist/tex/latex/base/inputenc.sty
Package: inputenc 2024/02/08 v1.3d Input encoding file
\inpenc@prehook=\toks22
\inpenc@posthook=\toks23
) (/Users/mleman/Library/TinyTeX/texmf-dist/tex/latex/base/textcomp.sty
Package: textcomp 2024/04/24 v2.1b Standard LaTeX package
) (/Users/mleman/Library/TinyTeX/texmf-dist/tex/latex/lm/lmodern.sty
Package: lmodern 2015/05/01 v1.6.1 Latin Modern Fonts
LaTeX Font Info:    Overwriting symbol font `operators' in version `normal'
(Font)                  OT1/cmr/m/n --> OT1/lmr/m/n on input line 22.
LaTeX Font Info:    Overwriting symbol font `letters' in version `normal'
(Font)                  OML/cmm/m/it --> OML/lmm/m/it on input line 23.
LaTeX Font Info:    Overwriting symbol font `symbols' in version `normal'
(Font)                  OMS/cmsy/m/n --> OMS/lmsy/m/n on input line 24.
LaTeX Font Info:    Overwriting symbol font `largesymbols' in version `normal'
(Font)                  OMX/cmex/m/n --> OMX/lmex/m/n on input line 25.
LaTeX Font Info:    Overwriting symbol font `operators' in version `bold'
(Font)                  OT1/cmr/bx/n --> OT1/lmr/bx/n on input line 26.
LaTeX Font Info:    Overwriting symbol font `letters' in version `bold'
(Font)                  OML/cmm/b/it --> OML/lmm/b/it on input line 27.
LaTeX Font Info:    Overwriting symbol font `symbols' in version `bold'
(Font)                  OMS/cmsy/b/n --> OMS/lmsy/b/n on input line 28.
LaTeX Font Info:    Overwriting symbol font `largesymbols' in version `bold'
(Font)                  OMX/cmex/m/n --> OMX/lmex/m/n on input line 29.
LaTeX Font Info:    Overwriting math alphabet `\mathbf' in version `normal'
(Font)                  OT1/cmr/bx/n --> OT1/lmr/bx/n on input line 31.
LaTeX Font Info:    Overwriting math alphabet `\mathsf' in version `normal'
(Font)                  OT1/cmss/m/n --> OT1/lmss/m/n on input line 32.
LaTeX Font Info:    Overwriting math alphabet `\mathit' in version `normal'
(Font)                  OT1/cmr/m/it --> OT1/lmr/m/it on input line 33.
LaTeX Font Info:    Overwriting math alphabet `\mathtt' in version `normal'
(Font)                  OT1/cmtt/m/n --> OT1/lmtt/m/n on input line 34.
LaTeX Font Info:    Overwriting math alphabet `\mathbf' in version `bold'
(Font)                  OT1/cmr/bx/n --> OT1/lmr/bx/n on input line 35.
LaTeX Font Info:    Overwriting math alphabet `\mathsf' in version `bold'
(Font)                  OT1/cmss/bx/n --> OT1/lmss/bx/n on input line 36.
LaTeX Font Info:    Overwriting math alphabet `\mathit' in version `bold'
(Font)                  OT1/cmr/bx/it --> OT1/lmr/bx/it on input line 37.
LaTeX Font Info:    Overwriting math alphabet `\mathtt' in version `bold'
(Font)                  OT1/cmtt/m/n --> OT1/lmtt/m/n on input line 38.
) (/Users/mleman/Library/TinyTeX/texmf-dist/tex/latex/xcolor/xcolor.sty
Package: xcolor 2024/09/29 v3.02 LaTeX color extensions (UK)
(/Users/mleman/Library/TinyTeX/texmf-dist/tex/latex/graphics-cfg/color.cfg
File: color.cfg 2016/01/02 v1.6 sample color configuration
)
Package xcolor Info: Driver file: pdftex.def on input line 274.
(/Users/mleman/Library/TinyTeX/texmf-dist/tex/latex/graphics-def/pdftex.def
File: pdftex.def 2024/04/13 v1.2c Graphics/color driver for pdftex
) (/Users/mleman/Library/TinyTeX/texmf-dist/tex/latex/graphics/mathcolor.ltx)
Package xcolor Info: Model `cmy' substituted by `cmy0' on input line 1349.
Package xcolor Info: Model `hsb' substituted by `rgb' on input line 1353.
Package xcolor Info: Model `RGB' extended on input line 1365.
Package xcolor Info: Model `HTML' substituted by `rgb' on input line 1367.
Package xcolor Info: Model `Hsb' substituted by `hsb' on input line 1368.
Package xcolor Info: Model `tHsb' substituted by `hsb' on input line 1369.
Package xcolor Info: Model `HSB' substituted by `hsb' on input line 1370.
Package xcolor Info: Model `Gray' substituted by `gray' on input line 1371.
Package xcolor Info: Model `wave' substituted by `hsb' on input line 1372.
) (/Users/mleman/Library/TinyTeX/texmf-dist/tex/latex/graphics/dvipsnam.def
File: dvipsnam.def 2016/06/17 v3.0m Driver-dependent file (DPC,SPQR)
) (/Users/mleman/Library/TinyTeX/texmf-dist/tex/latex/xcolor/svgnam.def
File: svgnam.def 2024/09/29 v3.02 Predefined colors according to SVG 1.1 (UK)
) (/Users/mleman/Library/TinyTeX/texmf-dist/tex/latex/xcolor/x11nam.def
File: x11nam.def 2024/09/29 v3.02 Predefined colors according to Unix/X11 (UK)
) (/Users/mleman/Library/TinyTeX/texmf-dist/tex/latex/fancyvrb/fancyvrb.sty
Package: fancyvrb 2024/01/20 4.5c verbatim text (tvz,hv)
(/Users/mleman/Library/TinyTeX/texmf-dist/tex/latex/graphics/keyval.sty
Package: keyval 2022/05/29 v1.15 key=value parser (DPC)
\KV@toks@=\toks24
)
\FV@CodeLineNo=\count285
\FV@InFile=\read2
\FV@TabBox=\box79
\c@FancyVerbLine=\count286
\FV@StepNumber=\count287
\FV@OutFile=\write3
) (/Users/mleman/Library/TinyTeX/texmf-dist/tex/latex/framed/framed.sty
Package: framed 2011/10/22 v 0.96: framed or shaded text with page breaks
\OuterFrameSep=\skip82
\fb@frw=\dimen173
\fb@frh=\dimen174
\FrameRule=\dimen175
\FrameSep=\dimen176
) (/Users/mleman/Library/TinyTeX/texmf-dist/tex/latex/tools/longtable.sty
Package: longtable 2024-10-27 v4.22 Multi-page Table package (DPC)
\LTleft=\skip83
\LTright=\skip84
\LTpre=\skip85
\LTpost=\skip86
\LTchunksize=\count288
\LTcapwidth=\dimen177
\LT@head=\box80
\LT@firsthead=\box81
\LT@foot=\box82
\LT@lastfoot=\box83
\LT@gbox=\box84
\LT@cols=\count289
\LT@rows=\count290
\c@LT@tables=\count291
\c@LT@chunks=\count292
\LT@p@ftn=\toks25
) (/Users/mleman/Library/TinyTeX/texmf-dist/tex/latex/booktabs/booktabs.sty
Package: booktabs 2020/01/12 v1.61803398 Publication quality tables
\heavyrulewidth=\dimen178
\lightrulewidth=\dimen179
\cmidrulewidth=\dimen180
\belowrulesep=\dimen181
\belowbottomsep=\dimen182
\aboverulesep=\dimen183
\abovetopsep=\dimen184
\cmidrulesep=\dimen185
\cmidrulekern=\dimen186
\defaultaddspace=\dimen187
\@cmidla=\count293
\@cmidlb=\count294
\@aboverulesep=\dimen188
\@belowrulesep=\dimen189
\@thisruleclass=\count295
\@lastruleclass=\count296
\@thisrulewidth=\dimen190
) (/Users/mleman/Library/TinyTeX/texmf-dist/tex/latex/tools/array.sty
Package: array 2024/10/17 v2.6g Tabular extension package (FMi)
\col@sep=\dimen191
\ar@mcellbox=\box85
\extrarowheight=\dimen192
\NC@list=\toks26
\extratabsurround=\skip87
\backup@length=\skip88
\ar@cellbox=\box86
) (/Users/mleman/Library/TinyTeX/texmf-dist/tex/latex/tools/calc.sty
Package: calc 2023/07/08 v4.3 Infix arithmetic (KKT,FJ)
\calc@Acount=\count297
\calc@Bcount=\count298
\calc@Adimen=\dimen193
\calc@Bdimen=\dimen194
\calc@Askip=\skip89
\calc@Bskip=\skip90
LaTeX Info: Redefining \setlength on input line 80.
LaTeX Info: Redefining \addtolength on input line 81.
\calc@Ccount=\count299
\calc@Cskip=\skip91
) (/Users/mleman/Library/TinyTeX/texmf-dist/tex/latex/etoolbox/etoolbox.sty
Package: etoolbox 2020/10/05 v2.5k e-TeX tools for LaTeX (JAW)
\etb@tempcnta=\count300
) (/Users/mleman/Library/TinyTeX/texmf-dist/tex/latex/mdwtools/footnote.sty
Package: footnote 1997/01/28 1.13 Save footnotes around boxes
\fn@notes=\box87
\fn@width=\dimen195
) (/Users/mleman/Library/TinyTeX/texmf-dist/tex/latex/graphics/graphicx.sty
Package: graphicx 2021/09/16 v1.2d Enhanced LaTeX Graphics (DPC,SPQR)
(/Users/mleman/Library/TinyTeX/texmf-dist/tex/latex/graphics/graphics.sty
Package: graphics 2024/08/06 v1.4g Standard LaTeX Graphics (DPC,SPQR)
(/Users/mleman/Library/TinyTeX/texmf-dist/tex/latex/graphics/trig.sty
Package: trig 2023/12/02 v1.11 sin cos tan (DPC)
) (/Users/mleman/Library/TinyTeX/texmf-dist/tex/latex/graphics-cfg/graphics.cfg
File: graphics.cfg 2016/06/04 v1.11 sample graphics configuration
)
Package graphics Info: Driver file: pdftex.def on input line 106.
)
\Gin@req@height=\dimen196
\Gin@req@width=\dimen197
) (/Users/mleman/Library/TinyTeX/texmf-dist/tex/latex/multirow/multirow.sty
Package: multirow 2024/11/12 v2.9 Span multiple rows of a table
\multirow@colwidth=\skip92
\multirow@cntb=\count301
\multirow@dima=\skip93
\bigstrutjot=\dimen198
) (/Users/mleman/Library/TinyTeX/texmf-dist/tex/latex/wrapfig/wrapfig.sty
\wrapoverhang=\dimen199
\WF@size=\dimen256
\c@WF@wrappedlines=\count302
\WF@box=\box88
\WF@everypar=\toks27
Package: wrapfig 2003/01/31  v 3.6
) (/Users/mleman/Library/TinyTeX/texmf-dist/tex/latex/float/float.sty
Package: float 2001/11/08 v1.3d Float enhancements (AL)
\c@float@type=\count303
\float@exts=\toks28
\float@box=\box89
\@float@everytoks=\toks29
\@floatcapt=\box90
) (/Users/mleman/Library/TinyTeX/texmf-dist/tex/latex/colortbl/colortbl.sty
Package: colortbl 2024/07/06 v1.0i Color table columns (DPC)
\everycr=\toks30
\minrowclearance=\skip94
\rownum=\count304
) (/Users/mleman/Library/TinyTeX/texmf-dist/tex/latex/pdflscape/pdflscape.sty
Package: pdflscape 2022-10-27 v0.13 Display of landscape pages in PDF
(/Users/mleman/Library/TinyTeX/texmf-dist/tex/latex/pdflscape/pdflscape-nometadata.sty
Package: pdflscape-nometadata 2022-10-28 v0.13 Display of landscape pages in PDF (HO)
(/Users/mleman/Library/TinyTeX/texmf-dist/tex/latex/graphics/lscape.sty
Package: lscape 2020/05/28 v3.02 Landscape Pages (DPC)
)
Package pdflscape Info: Auto-detected driver: pdftex on input line 81.
)) (/Users/mleman/Library/TinyTeX/texmf-dist/tex/latex/tabu/tabu.sty
Package: tabu 2019/01/11 v2.9 - flexible LaTeX tabulars (FC+tabu-fixed)
(/Users/mleman/Library/TinyTeX/texmf-dist/tex/latex/varwidth/varwidth.sty
Package: varwidth 2009/03/30 ver 0.92;  Variable-width minipages
\@vwid@box=\box91
\sift@deathcycles=\count305
\@vwid@loff=\dimen257
\@vwid@roff=\dimen258
)
\c@taburow=\count306
\tabu@nbcols=\count307
\tabu@cnt=\count308
\tabu@Xcol=\count309
\tabu@alloc=\count310
\tabu@nested=\count311
\tabu@target=\dimen259
\tabu@spreadtarget=\dimen260
\tabu@naturalX=\dimen261
\tabucolX=\dimen262
\tabu@Xsum=\dimen263
\extrarowdepth=\dimen264
\abovetabulinesep=\dimen265
\belowtabulinesep=\dimen266
\tabustrutrule=\dimen267
\tabu@thebody=\toks31
\tabu@footnotes=\toks32
\tabu@box=\box92
\tabu@arstrutbox=\box93
\tabu@hleads=\box94
\tabu@vleads=\box95
\tabu@cellskip=\skip95
) (/Users/mleman/Library/TinyTeX/texmf-dist/tex/latex/threeparttable/threeparttable.sty
Package: threeparttable 2003/06/13  v 3.0
\@tempboxb=\box96
) (/Users/mleman/Library/TinyTeX/texmf-dist/tex/latex/threeparttablex/threeparttablex.sty
Package: threeparttablex 2013/07/23 v0.3 by daleif
(/Users/mleman/Library/TinyTeX/texmf-dist/tex/latex/environ/environ.sty
Package: environ 2014/05/04 v0.3 A new way to define environments
(/Users/mleman/Library/TinyTeX/texmf-dist/tex/latex/trimspaces/trimspaces.sty
Package: trimspaces 2009/09/17 v1.1 Trim spaces around a token list
))
\TPTL@width=\skip96
) (/Users/mleman/Library/TinyTeX/texmf-dist/tex/generic/ulem/ulem.sty
\UL@box=\box97
\UL@hyphenbox=\box98
\UL@skip=\skip97
\UL@hook=\toks33
\UL@height=\dimen268
\UL@pe=\count312
\UL@pixel=\dimen269
\ULC@box=\box99
Package: ulem 2019/11/18
\ULdepth=\dimen270
) (/Users/mleman/Library/TinyTeX/texmf-dist/tex/latex/makecell/makecell.sty
Package: makecell 2009/08/03 V0.1e Managing of Tab Column Heads and Cells
\rotheadsize=\dimen271
\c@nlinenum=\count313
\TeXr@lab=\toks34
) (/Users/mleman/Library/TinyTeX/texmf-dist/tex/latex/bookmark/bookmark.sty
Package: bookmark 2023-12-10 v1.31 PDF bookmarks (HO)
(/Users/mleman/Library/TinyTeX/texmf-dist/tex/latex/hyperref/hyperref.sty
Package: hyperref 2024-11-05 v7.01l Hypertext links for LaTeX
(/Users/mleman/Library/TinyTeX/texmf-dist/tex/latex/kvsetkeys/kvsetkeys.sty
Package: kvsetkeys 2022-10-05 v1.19 Key value parser (HO)
) (/Users/mleman/Library/TinyTeX/texmf-dist/tex/generic/kvdefinekeys/kvdefinekeys.sty
Package: kvdefinekeys 2019-12-19 v1.6 Define keys (HO)
) (/Users/mleman/Library/TinyTeX/texmf-dist/tex/generic/pdfescape/pdfescape.sty
Package: pdfescape 2019/12/09 v1.15 Implements pdfTeX's escape features (HO)
(/Users/mleman/Library/TinyTeX/texmf-dist/tex/generic/ltxcmds/ltxcmds.sty
Package: ltxcmds 2023-12-04 v1.26 LaTeX kernel commands for general use (HO)
) (/Users/mleman/Library/TinyTeX/texmf-dist/tex/generic/pdftexcmds/pdftexcmds.sty
Package: pdftexcmds 2020-06-27 v0.33 Utility functions of pdfTeX for LuaTeX (HO)
(/Users/mleman/Library/TinyTeX/texmf-dist/tex/generic/infwarerr/infwarerr.sty
Package: infwarerr 2019/12/03 v1.5 Providing info/warning/error messages (HO)
)
Package pdftexcmds Info: \pdf@primitive is available.
Package pdftexcmds Info: \pdf@ifprimitive is available.
Package pdftexcmds Info: \pdfdraftmode found.
)) (/Users/mleman/Library/TinyTeX/texmf-dist/tex/latex/hycolor/hycolor.sty
Package: hycolor 2020-01-27 v1.10 Color options for hyperref/bookmark (HO)
) (/Users/mleman/Library/TinyTeX/texmf-dist/tex/latex/hyperref/nameref.sty
Package: nameref 2023-11-26 v2.56 Cross-referencing by name of section
(/Users/mleman/Library/TinyTeX/texmf-dist/tex/latex/refcount/refcount.sty
Package: refcount 2019/12/15 v3.6 Data extraction from label references (HO)
) (/Users/mleman/Library/TinyTeX/texmf-dist/tex/generic/gettitlestring/gettitlestring.sty
Package: gettitlestring 2019/12/15 v1.6 Cleanup title references (HO)
(/Users/mleman/Library/TinyTeX/texmf-dist/tex/latex/kvoptions/kvoptions.sty
Package: kvoptions 2022-06-15 v3.15 Key value format for package options (HO)
))
\c@section@level=\count314
) (/Users/mleman/Library/TinyTeX/texmf-dist/tex/generic/stringenc/stringenc.sty
Package: stringenc 2019/11/29 v1.12 Convert strings between diff. encodings (HO)
)
\@linkdim=\dimen272
\Hy@linkcounter=\count315
\Hy@pagecounter=\count316
(/Users/mleman/Library/TinyTeX/texmf-dist/tex/latex/hyperref/pd1enc.def
File: pd1enc.def 2024-11-05 v7.01l Hyperref: PDFDocEncoding definition (HO)
Now handling font encoding PD1 ...
... no UTF-8 mapping file for font encoding PD1
) (/Users/mleman/Library/TinyTeX/texmf-dist/tex/generic/intcalc/intcalc.sty
Package: intcalc 2019/12/15 v1.3 Expandable calculations with integers (HO)
)
\Hy@SavedSpaceFactor=\count317
(/Users/mleman/Library/TinyTeX/texmf-dist/tex/latex/hyperref/puenc.def
File: puenc.def 2024-11-05 v7.01l Hyperref: PDF Unicode definition (HO)
Now handling font encoding PU ...
... no UTF-8 mapping file for font encoding PU
)
Package hyperref Info: Option `unicode' set `true' on input line 4040.
Package hyperref Info: Hyper figures OFF on input line 4157.
Package hyperref Info: Link nesting OFF on input line 4162.
Package hyperref Info: Hyper index ON on input line 4165.
Package hyperref Info: Plain pages OFF on input line 4172.
Package hyperref Info: Backreferencing OFF on input line 4177.
Package hyperref Info: Implicit mode ON; LaTeX internals redefined.
Package hyperref Info: Bookmarks ON on input line 4424.
\c@Hy@tempcnt=\count318
(/Users/mleman/Library/TinyTeX/texmf-dist/tex/latex/url/url.sty
\Urlmuskip=\muskip18
Package: url 2013/09/16  ver 3.4  Verb mode for urls, etc.
)
LaTeX Info: Redefining \url on input line 4763.
\XeTeXLinkMargin=\dimen273
(/Users/mleman/Library/TinyTeX/texmf-dist/tex/generic/bitset/bitset.sty
Package: bitset 2019/12/09 v1.3 Handle bit-vector datatype (HO)
(/Users/mleman/Library/TinyTeX/texmf-dist/tex/generic/bigintcalc/bigintcalc.sty
Package: bigintcalc 2019/12/15 v1.5 Expandable calculations on big integers (HO)
))
\Fld@menulength=\count319
\Field@Width=\dimen274
\Fld@charsize=\dimen275
Package hyperref Info: Hyper figures OFF on input line 6042.
Package hyperref Info: Link nesting OFF on input line 6047.
Package hyperref Info: Hyper index ON on input line 6050.
Package hyperref Info: backreferencing OFF on input line 6057.
Package hyperref Info: Link coloring OFF on input line 6062.
Package hyperref Info: Link coloring with OCG OFF on input line 6067.
Package hyperref Info: PDF/A mode OFF on input line 6072.
(/Users/mleman/Library/TinyTeX/texmf-dist/tex/latex/base/atbegshi-ltx.sty
Package: atbegshi-ltx 2021/01/10 v1.0c Emulation of the original atbegshi
package with kernel methods
)
\Hy@abspage=\count320
\c@Item=\count321
\c@Hfootnote=\count322
)
Package hyperref Info: Driver (autodetected): hpdftex.
(/Users/mleman/Library/TinyTeX/texmf-dist/tex/latex/hyperref/hpdftex.def
File: hpdftex.def 2024-11-05 v7.01l Hyperref driver for pdfTeX
(/Users/mleman/Library/TinyTeX/texmf-dist/tex/latex/base/atveryend-ltx.sty
Package: atveryend-ltx 2020/08/19 v1.0a Emulation of the original atveryend package
with kernel methods
)
\Fld@listcount=\count323
\c@bookmark@seq@number=\count324
(/Users/mleman/Library/TinyTeX/texmf-dist/tex/latex/rerunfilecheck/rerunfilecheck.sty
Package: rerunfilecheck 2022-07-10 v1.10 Rerun checks for auxiliary files (HO)
(/Users/mleman/Library/TinyTeX/texmf-dist/tex/generic/uniquecounter/uniquecounter.sty
Package: uniquecounter 2019/12/15 v1.4 Provide unlimited unique counter (HO)
)
Package uniquecounter Info: New unique counter `rerunfilecheck' on input line 285.
)
\Hy@SectionHShift=\skip98
) (/Users/mleman/Library/TinyTeX/texmf-dist/tex/latex/bookmark/bkm-pdftex.def
File: bkm-pdftex.def 2023-12-10 v1.31 bookmark driver for pdfTeX and luaTeX (HO)
\BKM@id=\count325
))
Package hyperref Info: Option `colorlinks' set `true' on input line 136.
LaTeX Font Info:    Trying to load font information for T1+lmr on input line 142.
(/Users/mleman/Library/TinyTeX/texmf-dist/tex/latex/lm/t1lmr.fd
File: t1lmr.fd 2015/05/01 v1.6.1 Font defs for Latin Modern
) (/Users/mleman/Library/TinyTeX/texmf-dist/tex/latex/l3backend/l3backend-pdftex.def
File: l3backend-pdftex.def 2024-05-08 L3 backend support: PDF output (pdfTeX)
\l__color_backend_stack_int=\count326
\l__pdf_internal_box=\box100
) (./ExploringMusicInteractions.aux)
\openout1 = `ExploringMusicInteractions.aux'.

LaTeX Font Info:    Checking defaults for OML/cmm/m/it on input line 142.
LaTeX Font Info:    ... okay on input line 142.
LaTeX Font Info:    Checking defaults for OMS/cmsy/m/n on input line 142.
LaTeX Font Info:    ... okay on input line 142.
LaTeX Font Info:    Checking defaults for OT1/cmr/m/n on input line 142.
LaTeX Font Info:    ... okay on input line 142.
LaTeX Font Info:    Checking defaults for T1/cmr/m/n on input line 142.
LaTeX Font Info:    ... okay on input line 142.
LaTeX Font Info:    Checking defaults for TS1/cmr/m/n on input line 142.
LaTeX Font Info:    ... okay on input line 142.
LaTeX Font Info:    Checking defaults for OMX/cmex/m/n on input line 142.
LaTeX Font Info:    ... okay on input line 142.
LaTeX Font Info:    Checking defaults for U/cmr/m/n on input line 142.
LaTeX Font Info:    ... okay on input line 142.
LaTeX Font Info:    Checking defaults for PD1/pdf/m/n on input line 142.
LaTeX Font Info:    ... okay on input line 142.
LaTeX Font Info:    Checking defaults for PU/pdf/m/n on input line 142.
LaTeX Font Info:    ... okay on input line 142.
LaTeX Font Info:    Trying to load font information for TS1+lmr on input line 142.
(/Users/mleman/Library/TinyTeX/texmf-dist/tex/latex/lm/ts1lmr.fd
File: ts1lmr.fd 2015/05/01 v1.6.1 Font defs for Latin Modern
) (/Users/mleman/Library/TinyTeX/texmf-dist/tex/latex/epstopdf-pkg/epstopdf-base.sty
Package: epstopdf-base 2020-01-24 v2.11 Base part for package epstopdf
Package epstopdf-base Info: Redefining graphics rule for `.eps' on input line 485.
(/Users/mleman/Library/TinyTeX/texmf-dist/tex/latex/latexconfig/epstopdf-sys.cfg
File: epstopdf-sys.cfg 2010/07/13 v1.3 Configuration of (r)epstopdf for TeX Live
))
Package hyperref Info: Link coloring ON on input line 142.



Underfull \vbox (badness 10000) has occurred while \output is active []


Overfull \hbox (336.25pt too wide) has occurred while \output is active
[]
 []


Underfull \vbox (badness 10000) has occurred while \output is active []


Overfull \hbox (336.25pt too wide) has occurred while \output is active
[]
 []


Underfull \vbox (badness 10000) has occurred while \output is active []


Overfull \hbox (336.25pt too wide) has occurred while \output is active
[]
 []


Underfull \vbox (badness 10000) has occurred while \output is active []


Overfull \hbox (336.25pt too wide) has occurred while \output is active
[]
 []


Underfull \hbox (badness 10000) has occurred while \output is active
 [][][][] 
 []

[1


{/Users/mleman/Library/TinyTeX/texmf-var/fonts/map/pdftex/updmap/pdftex.map}{/Users/mleman/Library/TinyTeX/texmf-dist/fonts/enc/dvips/lm/lm-ec.enc}]


Underfull \vbox (badness 10000) has occurred while \output is active []


Overfull \hbox (336.25pt too wide) has occurred while \output is active
[]
 []


Underfull \vbox (badness 10000) has occurred while \output is active []


Overfull \hbox (336.25pt too wide) has occurred while \output is active
[]
 []


Underfull \vbox (badness 10000) has occurred while \output is active []


Overfull \hbox (336.25pt too wide) has occurred while \output is active
[]
 []


Underfull \vbox (badness 10000) has occurred while \output is active []


Overfull \hbox (336.25pt too wide) has occurred while \output is active
[]
 []


Underfull \hbox (badness 10000) has occurred while \output is active
 [][][][] 
 []

[2

]
Underfull \vbox (badness 10000) detected at line 148
 []


Overfull \hbox (336.25pt too wide) detected at line 148
[]
 []


Underfull \vbox (badness 10000) detected at line 148
 []


Overfull \hbox (336.25pt too wide) detected at line 148
[]
 []


Underfull \vbox (badness 10000) detected at line 148
 []


Overfull \hbox (336.25pt too wide) detected at line 148
[]
 []


Underfull \vbox (badness 10000) detected at line 148
 []


Overfull \hbox (336.25pt too wide) detected at line 148
[]
 []


Underfull \hbox (badness 10000) detected at line 148
[]
 []

(./ExploringMusicInteractions.toc
LaTeX Font Info:    Trying to load font information for OT1+lmr on input line 1.
(/Users/mleman/Library/TinyTeX/texmf-dist/tex/latex/lm/ot1lmr.fd
File: ot1lmr.fd 2015/05/01 v1.6.1 Font defs for Latin Modern
)
LaTeX Font Info:    Trying to load font information for OML+lmm on input line 1.
(/Users/mleman/Library/TinyTeX/texmf-dist/tex/latex/lm/omllmm.fd
File: omllmm.fd 2015/05/01 v1.6.1 Font defs for Latin Modern
)
LaTeX Font Info:    Trying to load font information for OMS+lmsy on input line 1.
(/Users/mleman/Library/TinyTeX/texmf-dist/tex/latex/lm/omslmsy.fd
File: omslmsy.fd 2015/05/01 v1.6.1 Font defs for Latin Modern
)
LaTeX Font Info:    Trying to load font information for OMX+lmex on input line 1.
(/Users/mleman/Library/TinyTeX/texmf-dist/tex/latex/lm/omxlmex.fd
File: omxlmex.fd 2015/05/01 v1.6.1 Font defs for Latin Modern
)
LaTeX Font Info:    External font `lmex10' loaded for size
(Font)              <10> on input line 1.
LaTeX Font Info:    External font `lmex10' loaded for size
(Font)              <7> on input line 1.
LaTeX Font Info:    External font `lmex10' loaded for size
(Font)              <5> on input line 1.
LaTeX Font Info:    Trying to load font information for U+msa on input line 1.
(/Users/mleman/Library/TinyTeX/texmf-dist/tex/latex/amsfonts/umsa.fd
File: umsa.fd 2013/01/14 v3.01 AMS symbols A
)
LaTeX Font Info:    Trying to load font information for U+msb on input line 1.
(/Users/mleman/Library/TinyTeX/texmf-dist/tex/latex/amsfonts/umsb.fd
File: umsb.fd 2013/01/14 v3.01 AMS symbols B
)


Underfull \hbox (badness 10000) has occurred while \output is active
 [][][][] 
 []

[3]

[4]

[5])
\tf@toc=\write4
\openout4 = `ExploringMusicInteractions.toc'.



[6]
LaTeX Font Info:    Calculating math sizes for size <11> on input line 193.
LaTeX Font Info:    External font `lmex10' loaded for size
(Font)              <11> on input line 193.
LaTeX Font Info:    External font `lmex10' loaded for size
(Font)              <7.69997> on input line 193.
LaTeX Font Info:    External font `lmex10' loaded for size
(Font)              <5.5> on input line 193.

Overfull \hbox (211.77882pt too wide) in paragraph at lines 193--208
 [][] 
 []


LaTeX Warning: Reference `tab:IndexChapterOverview' on page 7 undefined on input line 210.



[7{/Users/mleman/Library/TinyTeX/texmf-dist/fonts/enc/dvips/lm/lm-ts1.enc}]

[8]
LaTeX Font Info:    Trying to load font information for T1+lmtt on input line 246.
(/Users/mleman/Library/TinyTeX/texmf-dist/tex/latex/lm/t1lmtt.fd
File: t1lmtt.fd 2015/05/01 v1.6.1 Font defs for Latin Modern
)
Underfull \hbox (badness 10000) in paragraph at lines 262--263
[]\T1/lmr/m/n/10 The scripts that should be run in all chap-ters are called:
 []



[9]
LaTeX Font Info:    External font `lmex10' loaded for size
(Font)              <8> on input line 301.
LaTeX Font Info:    External font `lmex10' loaded for size
(Font)              <6> on input line 301.


[10]

[11]

[12]

[13]

[14]

[15]

[16]
<Figures/chapTheory_InteractionHypothesis.png, id=326, 963.6pt x 542.025pt>
File: Figures/chapTheory_InteractionHypothesis.png Graphic file (type png)
<use Figures/chapTheory_InteractionHypothesis.png>
Package pdftex.def Info: Figures/chapTheory_InteractionHypothesis.png  used on input line 420.
(pdftex.def)             Requested size: 336.50047pt x 189.28151pt.


[17 <./Figures/chapTheory_InteractionHypothesis.png>]

[18]

[19]
LaTeX Font Info:    Font shape `T1/lmtt/bx/n' in size <10> not available
(Font)              Font shape `T1/lmtt/b/n' tried instead on input line 466.
<Figures/chapModelling_BayesianModel.jpg, id=347, 722.7pt x 406.51875pt>
File: Figures/chapModelling_BayesianModel.jpg Graphic file (type jpg)
<use Figures/chapModelling_BayesianModel.jpg>
Package pdftex.def Info: Figures/chapModelling_BayesianModel.jpg  used on input line 483.
(pdftex.def)             Requested size: 336.50415pt x 189.28358pt.


[20 <./Figures/chapModelling_BayesianModel.jpg>]

[21]
<Figures/chapModelling_BayesianModel_2subjects.png, id=363, 963.6pt x 542.025pt>
File: Figures/chapModelling_BayesianModel_2subjects.png Graphic file (type png)
<use Figures/chapModelling_BayesianModel_2subjects.png>
Package pdftex.def Info: Figures/chapModelling_BayesianModel_2subjects.png  used on input line 522.
(pdftex.def)             Requested size: 336.50047pt x 189.28151pt.


[22 <./Figures/chapModelling_BayesianModel_2subjects.png>]

[23{/Users/mleman/Library/TinyTeX/texmf-dist/fonts/enc/dvips/lm/lm-mathit.enc}{/Users/mleman/Library/TinyTeX/texmf-dist/fonts/enc/dvips/lm/lm-mathsy.enc}{/Users/mleman/Library/TinyTeX/texmf-dist/fonts/enc/dvips/lm/lm-rm.enc}{/Users/mleman/Library/TinyTeX/texmf-dist/fonts/enc/dvips/lm/lm-mathex.enc}]
<Figures/chapModelling_Tapping1.png, id=385, 2710.125pt x 1204.5pt>
File: Figures/chapModelling_Tapping1.png Graphic file (type png)
<use Figures/chapModelling_Tapping1.png>
Package pdftex.def Info: Figures/chapModelling_Tapping1.png  used on input line 638.
(pdftex.def)             Requested size: 336.49037pt x 149.55127pt.


[24]

[25 <./Figures/chapModelling_Tapping1.png>]
Underfull \hbox (badness 2809) in paragraph at lines 709--711
[]\T1/lmr/m/n/10 where $[]$ is the ro-tated value, and $\OML/lmm/m/it/10 mod$ \T1/lmr/m/n/10 is the mod-ulo op-er-a-tion
 []



[26]

LaTeX Warning: Reference `tab:chapModellingRelPhases' on page 27 undefined on input line 746.



[27]

LaTeX Warning: Reference `tab:chapModellingPeriods' on page 28 undefined on input line 786.


LaTeX Warning: Reference `tab:chapModellingRelPhases' on page 28 undefined on input line 805.



[28]
<Figures/chapModelling_Tapping0.png, id=429, 2710.125pt x 1204.5pt>
File: Figures/chapModelling_Tapping0.png Graphic file (type png)
<use Figures/chapModelling_Tapping0.png>
Package pdftex.def Info: Figures/chapModelling_Tapping0.png  used on input line 822.
(pdftex.def)             Requested size: 336.49037pt x 149.55127pt.
<Figures/chapModelling_Brms1.png, id=430, 5420.25pt x 2409.0pt>
File: Figures/chapModelling_Brms1.png Graphic file (type png)
<use Figures/chapModelling_Brms1.png>
Package pdftex.def Info: Figures/chapModelling_Brms1.png  used on input line 831.
(pdftex.def)             Requested size: 336.44902pt x 149.5329pt.


[29 <./Figures/chapModelling_Tapping0.png>]

[30 <./Figures/chapModelling_Brms1.png>]

[31]
<Figures/chapModelling_B1predicted.png, id=453, 5420.25pt x 2409.0pt>
File: Figures/chapModelling_B1predicted.png Graphic file (type png)
<use Figures/chapModelling_B1predicted.png>
Package pdftex.def Info: Figures/chapModelling_B1predicted.png  used on input line 931.
(pdftex.def)             Requested size: 336.44902pt x 149.5329pt.


[32 <./Figures/chapModelling_B1predicted.png>]

[33]
<Figures/chapListener_Workflow.jpg, id=472, 722.7pt x 406.51875pt>
File: Figures/chapListener_Workflow.jpg Graphic file (type jpg)
<use Figures/chapListener_Workflow.jpg>
Package pdftex.def Info: Figures/chapListener_Workflow.jpg  used on input line 988.
(pdftex.def)             Requested size: 336.50415pt x 189.28358pt.


[34 <./Figures/chapListener_Workflow.jpg>]

[35]
<Figures/chapListener_Dagitty1c.png, id=483, 2619.7875pt x 2011.515pt>
File: Figures/chapListener_Dagitty1c.png Graphic file (type png)
<use Figures/chapListener_Dagitty1c.png>
Package pdftex.def Info: Figures/chapListener_Dagitty1c.png  used on input line 1036.
(pdftex.def)             Requested size: 336.46695pt x 258.34473pt.


[36 <./Figures/chapListener_Dagitty1c.png>]

[37]
Overfull \hbox (1293.02101pt too wide) in paragraph at lines 1075--1122
 [][] 
 []


LaTeX Warning: Float too large for page by 8.12202pt on input line 1122.



[38]

[39]
Overfull \hbox (718.74693pt too wide) in paragraph at lines 1190--1190
[]\T1/lmtt/m/n/10 ##  $ Title                  : chr  "Concerto in D voor viool en orkest op35 3Finale" "Miserere" "Comptine dun autre t" "BWV 0248: Weihnachtsoratorium (Jauchzet, frohlocket! Auf, preiset die Tage)" ...[] 
 []


Overfull \hbox (340.74803pt too wide) in paragraph at lines 1190--1190
[]\T1/lmtt/m/n/10 ##  $ Composer               : chr  "Tsjaikovski, Pjotr Iljitsj" "Allegri, Gregorio" "Tiersen, Yann" "Bach, Johann Sebastian" ...[] 
 []


Overfull \hbox (9.999pt too wide) in paragraph at lines 1190--1190
[]\T1/lmtt/m/n/10 ##  $ Q1                     : num  10 10 9 9 10 9 10 10 10 10 ...[] 
 []


Overfull \hbox (9.999pt too wide) in paragraph at lines 1190--1190
[]\T1/lmtt/m/n/10 ##  $ Q29                    : num  NA 3 NA 2 NA NA NA 4 NA NA ...[] 
 []


Overfull \hbox (188.49847pt too wide) in paragraph at lines 1190--1190
[]\T1/lmtt/m/n/10 ##  $ Q50                    : Factor w/ 7 levels "0","0m-15m","15m-30m",..: 7 4 6 7 7 6 7 7 7 5 ...[] 
 []


Overfull \hbox (188.49847pt too wide) in paragraph at lines 1190--1190
[]\T1/lmtt/m/n/10 ##  $ Q51                    : Factor w/ 7 levels "0","0m-15m","15m-30m",..: 1 1 1 1 1 1 1 1 1 3 ...[] 
 []


Overfull \hbox (156.99857pt too wide) in paragraph at lines 1190--1190
[]\T1/lmtt/m/n/10 ##  $ Q53                    : Factor w/ 10 levels "11-20","21-30",..: 6 4 7 6 6 7 7 6 6 7 ...[] 
 []


Overfull \hbox (151.74858pt too wide) in paragraph at lines 1190--1190
[]\T1/lmtt/m/n/10 ##  $ Q54                    : Factor w/ 3 levels "male","female",..: 2 2 2 2 1 1 2 2 2 2 ...[] 
 []


Overfull \hbox (57.24886pt too wide) in paragraph at lines 1190--1190
[]\T1/lmtt/m/n/10 ##  $ Q57                    : chr  "Liking" "Liking" "Liking" "Liking" ...[] 
 []



[40]
Overfull \hbox (88.74876pt too wide) in paragraph at lines 1190--1190
[]\T1/lmtt/m/n/10 ##  $ ArousalValence_category: chr  "high_pos" "low_pos" "low_pos" "high_pos" ...[] 
 []

<Figures/chapListening_Plot1.png, id=516, 2710.125pt x 1204.5pt>
File: Figures/chapListening_Plot1.png Graphic file (type png)
<use Figures/chapListening_Plot1.png>
Package pdftex.def Info: Figures/chapListening_Plot1.png  used on input line 1208.
(pdftex.def)             Requested size: 269.16748pt x 119.62999pt.


[41 <./Figures/chapListening_Plot1.png>]
<Figures/chapListening_Plot2.png, id=525, 2710.125pt x 1204.5pt>
File: Figures/chapListening_Plot2.png Graphic file (type png)
<use Figures/chapListening_Plot2.png>
Package pdftex.def Info: Figures/chapListening_Plot2.png  used on input line 1218.
(pdftex.def)             Requested size: 336.49037pt x 149.55127pt.
<Figures/chapListening_Plot4.png, id=527, 2710.125pt x 1204.5pt>
File: Figures/chapListening_Plot4.png Graphic file (type png)
<use Figures/chapListening_Plot4.png>
Package pdftex.def Info: Figures/chapListening_Plot4.png  used on input line 1245.
(pdftex.def)             Requested size: 336.49037pt x 149.55127pt.


[42 <./Figures/chapListening_Plot2.png>]
<Figures/chapListener_Cor1.pdf, id=537, 505.89pt x 505.89pt>
File: Figures/chapListener_Cor1.pdf Graphic file (type pdf)
<use Figures/chapListener_Cor1.pdf>
Package pdftex.def Info: Figures/chapListener_Cor1.pdf  used on input line 1278.
(pdftex.def)             Requested size: 164.89088pt x 164.89088pt.
<Figures/chapListener_Cor2.png, id=538, 481.8pt x 481.8pt>
File: Figures/chapListener_Cor2.png Graphic file (type png)
<use Figures/chapListener_Cor2.png>
Package pdftex.def Info: Figures/chapListener_Cor2.png  used on input line 1278.
(pdftex.def)             Requested size: 164.88316pt x 164.88316pt.


[43 <./Figures/chapListening_Plot4.png>]
Underfull \hbox (badness 1231) in paragraph at lines 1299--1300
\T1/lmr/m/n/10 fore, from now on, we use the ques-tion la-bels as used in the ta-ble
 []

LaTeX Font Info:    Trying to load font information for TS1+lmtt on input line 1309.
(/Users/mleman/Library/TinyTeX/texmf-dist/tex/latex/lm/ts1lmtt.fd
File: ts1lmtt.fd 2015/05/01 v1.6.1 Font defs for Latin Modern
)

[44 <./Figures/chapListener_Cor1.pdf> <./Figures/chapListener_Cor2.png>]

[45]
Overfull \hbox (3.69934pt too wide) in paragraph at lines 1386--1386
[]\T1/lmtt/m/n/9 ## ####################### Model Fit Indices ###########################[] 
 []


Overfull \hbox (27.3243pt too wide) in paragraph at lines 1386--1386
[]\T1/lmtt/m/n/9 ##             chisq  df pvalue rmsea   cfi   tli  srmr        aic        bic[] 
 []


Overfull \hbox (22.5993pt too wide) in paragraph at lines 1386--1386
[]\T1/lmtt/m/n/9 ## semfit1  902.093\TS1/lmtt/m/n/9 „ \T1/lmtt/m/n/9 122   .000 .089  .849\TS1/lmtt/m/n/9 „ \T1/lmtt/m/n/9 .810  .083\TS1/lmtt/m/n/9 „ \T1/lmtt/m/n/9 40633.042\TS1/lmtt/m/n/9 „ \T1/lmtt/m/n/9 41042.366[] 
 []


Overfull \hbox (27.3243pt too wide) in paragraph at lines 1386--1386
[]\T1/lmtt/m/n/9 ## semfit2  956.857  130   .000 .089\TS1/lmtt/m/n/9 „ \T1/lmtt/m/n/9 .840  .811\TS1/lmtt/m/n/9 „ \T1/lmtt/m/n/9 .085  40671.807  41038.044\TS1/lmtt/m/n/9 „[] 
 []


Overfull \hbox (22.5993pt too wide) in paragraph at lines 1386--1386
[]\T1/lmtt/m/n/9 ## semfit3 1125.185  136   .000 .095  .809  .783  .093  40828.134  41162.057[] 
 []



[46]
LaTeX Font Info:    Font shape `T1/lmtt/bx/n' in size <5> not available
(Font)              Font shape `T1/lmtt/b/n' tried instead on input line 1416.


[47]

[48]
<Figures/chapListener_Bach_pred1_nonscaled.png, id=589, 2710.125pt x 1204.5pt>
File: Figures/chapListener_Bach_pred1_nonscaled.png Graphic file (type png)
<use Figures/chapListener_Bach_pred1_nonscaled.png>
Package pdftex.def Info: Figures/chapListener_Bach_pred1_nonscaled.png  used on input line 1554.
(pdftex.def)             Requested size: 336.49037pt x 149.55127pt.


[49 <./Figures/chapListener_Bach_pred1_nonscaled.png>]
<Figures/chapListener_ArousalValence_pred.png, id=600, 2710.125pt x 1204.5pt>
File: Figures/chapListener_ArousalValence_pred.png Graphic file (type png)
<use Figures/chapListener_ArousalValence_pred.png>
Package pdftex.def Info: Figures/chapListener_ArousalValence_pred.png  used on input line 1577.
(pdftex.def)             Requested size: 336.49037pt x 149.55127pt.


[50 <./Figures/chapListener_ArousalValence_pred.png>]

[51]

[52]

[53]
<Figures/chapDancer_Fig_2.png, id=627, 213.39568pt x 91.99724pt>
File: Figures/chapDancer_Fig_2.png Graphic file (type png)
<use Figures/chapDancer_Fig_2.png>
Package pdftex.def Info: Figures/chapDancer_Fig_2.png  used on input line 1659.
(pdftex.def)             Requested size: 213.40492pt x 92.00119pt.
<Figures/chapDancer_Fig1_IF1andF1.png, id=630, 4784.87625pt x 2682.02pt>
File: Figures/chapDancer_Fig1_IF1andF1.png Graphic file (type png)
<use Figures/chapDancer_Fig1_IF1andF1.png>
Package pdftex.def Info: Figures/chapDancer_Fig1_IF1andF1.png  used on input line 1676.
(pdftex.def)             Requested size: 336.43579pt x 188.57907pt.
<Figures/chapDancer_Fig1_F2.png, id=631, 4707.5875pt x 2470.22874pt>
File: Figures/chapDancer_Fig1_F2.png Graphic file (type png)
<use Figures/chapDancer_Fig1_F2.png>
Package pdftex.def Info: Figures/chapDancer_Fig1_F2.png  used on input line 1685.
(pdftex.def)             Requested size: 336.46066pt x 176.55217pt.


[54 <./Figures/chapDancer_Fig_2.png>]

[55 <./Figures/chapDancer_Fig1_IF1andF1.png> <./Figures/chapDancer_Fig1_F2.png>]

[56]
<Figures/chapDancer_Dataplot_p1.png, id=655, 2710.125pt x 1204.5pt>
File: Figures/chapDancer_Dataplot_p1.png Graphic file (type png)
<use Figures/chapDancer_Dataplot_p1.png>
Package pdftex.def Info: Figures/chapDancer_Dataplot_p1.png  used on input line 1751.
(pdftex.def)             Requested size: 336.49037pt x 149.55127pt.
<Figures/chapDancer_Dataplot_p2.png, id=656, 2710.125pt x 1204.5pt>
File: Figures/chapDancer_Dataplot_p2.png Graphic file (type png)
<use Figures/chapDancer_Dataplot_p2.png>
Package pdftex.def Info: Figures/chapDancer_Dataplot_p2.png  used on input line 1751.
(pdftex.def)             Requested size: 336.49037pt x 149.55127pt.

Overfull \hbox (4.99037pt too wide) in paragraph at lines 1751--1752
 []\T1/lmr/m/n/10 {[] 
 []



[57]

[58 <./Figures/chapDancer_Dataplot_p1.png> <./Figures/chapDancer_Dataplot_p2.png>]
<Figures/chapDancer_Dataplot_p3.png, id=669, 2710.125pt x 1204.5pt>
File: Figures/chapDancer_Dataplot_p3.png Graphic file (type png)
<use Figures/chapDancer_Dataplot_p3.png>
Package pdftex.def Info: Figures/chapDancer_Dataplot_p3.png  used on input line 1768.
(pdftex.def)             Requested size: 336.49037pt x 149.55127pt.
<Figures/chapDancer_Dataplot_p4.png, id=670, 2710.125pt x 1204.5pt>
File: Figures/chapDancer_Dataplot_p4.png Graphic file (type png)
<use Figures/chapDancer_Dataplot_p4.png>
Package pdftex.def Info: Figures/chapDancer_Dataplot_p4.png  used on input line 1768.
(pdftex.def)             Requested size: 336.49037pt x 149.55127pt.


[59 <./Figures/chapDancer_Dataplot_p3.png> <./Figures/chapDancer_Dataplot_p4.png>]

[60]
<Figures/chapDancer_model1_pp_check.png, id=685, 5420.25pt x 2409.0pt>
File: Figures/chapDancer_model1_pp_check.png Graphic file (type png)
<use Figures/chapDancer_model1_pp_check.png>
Package pdftex.def Info: Figures/chapDancer_model1_pp_check.png  used on input line 1829.
(pdftex.def)             Requested size: 336.44902pt x 149.5329pt.
<Figures/chapDancer_model1_Fragments.png, id=687, 5420.25pt x 2409.0pt>
File: Figures/chapDancer_model1_Fragments.png Graphic file (type png)
<use Figures/chapDancer_model1_Fragments.png>
Package pdftex.def Info: Figures/chapDancer_model1_Fragments.png  used on input line 1840.
(pdftex.def)             Requested size: 336.44902pt x 149.5329pt.


[61 <./Figures/chapDancer_model1_pp_check.png>]
<Figures/chapDancer_model1_FragmentsParticipants_new.png, id=701, 5420.25pt x 2409.0pt>
File: Figures/chapDancer_model1_FragmentsParticipants_new.png Graphic file (type png)
<use Figures/chapDancer_model1_FragmentsParticipants_new.png>
Package pdftex.def Info: Figures/chapDancer_model1_FragmentsParticipants_new.png  used on input line 1856.
(pdftex.def)             Requested size: 336.44902pt x 149.5329pt.


[62 <./Figures/chapDancer_model1_Fragments.png> <./Figures/chapDancer_model1_FragmentsParticipants_new.png>]

[63]
<Figures/chapDancer_ContrastFragments_test_1.png, id=717, 2710.125pt x 1204.5pt>
File: Figures/chapDancer_ContrastFragments_test_1.png Graphic file (type png)
<use Figures/chapDancer_ContrastFragments_test_1.png>
Package pdftex.def Info: Figures/chapDancer_ContrastFragments_test_1.png  used on input line 1910.
(pdftex.def)             Requested size: 336.49037pt x 149.55127pt.

LaTeX Warning: Reference `tab:chapDancerTableContrasts1' on page 64 undefined on input line 1917.



[64 <./Figures/chapDancer_ContrastFragments_test_1.png>]
<Figures/chapDancer_model3_FragmentsParticipants.png, id=724, 5420.25pt x 2409.0pt>
File: Figures/chapDancer_model3_FragmentsParticipants.png Graphic file (type png)
<use Figures/chapDancer_model3_FragmentsParticipants.png>
Package pdftex.def Info: Figures/chapDancer_model3_FragmentsParticipants.png  used on input line 1963.
(pdftex.def)             Requested size: 336.44902pt x 149.5329pt.


[65]
<Figures/chapDancer_Plots_3.png, id=733, 2710.125pt x 1204.5pt>
File: Figures/chapDancer_Plots_3.png Graphic file (type png)
<use Figures/chapDancer_Plots_3.png>
Package pdftex.def Info: Figures/chapDancer_Plots_3.png  used on input line 1984.
(pdftex.def)             Requested size: 336.49037pt x 149.55127pt.


[66 <./Figures/chapDancer_model3_FragmentsParticipants.png>]

LaTeX Warning: Reference `tab:chapDancerTableContrasts2' on page 67 undefined on input line 2021.


LaTeX Warning: Reference `tab:chapDancerTableContrasts2' on page 67 undefined on input line 2026.



[67 <./Figures/chapDancer_Plots_3.png>]

[68]

[69]
<Figures/chapViolinist_TeacherAvatar.jpg, id=762, 2658.93375pt x 1938.24126pt>
File: Figures/chapViolinist_TeacherAvatar.jpg Graphic file (type jpg)
<use Figures/chapViolinist_TeacherAvatar.jpg>
Package pdftex.def Info: Figures/chapViolinist_TeacherAvatar.jpg  used on input line 2082.
(pdftex.def)             Requested size: 336.46368pt x 245.26665pt.


[70 <./Figures/chapViolinist_TeacherAvatar.jpg>]

[71]

[72]
Overfull \hbox (34.84761pt too wide) in paragraph at lines 2161--2174
 [][] 
 []

<Figures/chapViolinist_PD_NewData_p1_hist.png, id=778, 2710.125pt x 1204.5pt>
File: Figures/chapViolinist_PD_NewData_p1_hist.png Graphic file (type png)
<use Figures/chapViolinist_PD_NewData_p1_hist.png>
Package pdftex.def Info: Figures/chapViolinist_PD_NewData_p1_hist.png  used on input line 2192.
(pdftex.def)             Requested size: 336.49037pt x 149.55127pt.
<Figures/chapViolinist_PD_NewData_p2_hist.png, id=779, 2710.125pt x 1204.5pt>
File: Figures/chapViolinist_PD_NewData_p2_hist.png Graphic file (type png)
<use Figures/chapViolinist_PD_NewData_p2_hist.png>
Package pdftex.def Info: Figures/chapViolinist_PD_NewData_p2_hist.png  used on input line 2192.
(pdftex.def)             Requested size: 336.49037pt x 149.55127pt.
<Figures/chapViolinist_PD_NewData_p3_data.png, id=781, 2710.125pt x 1204.5pt>
File: Figures/chapViolinist_PD_NewData_p3_data.png Graphic file (type png)
<use Figures/chapViolinist_PD_NewData_p3_data.png>
Package pdftex.def Info: Figures/chapViolinist_PD_NewData_p3_data.png  used on input line 2207.
(pdftex.def)             Requested size: 336.49037pt x 149.55127pt.


[73]

[74 <./Figures/chapViolinist_PD_NewData_p1_hist.png> <./Figures/chapViolinist_PD_NewData_p2_hist.png> <./Figures/chapViolinist_PD_NewData_p3_data.png>]
<Figures/chapViolinist_Score_F1.jpg, id=797, 4333.18875pt x 1664.2175pt>
File: Figures/chapViolinist_Score_F1.jpg Graphic file (type jpg)
<use Figures/chapViolinist_Score_F1.jpg>
Package pdftex.def Info: Figures/chapViolinist_Score_F1.jpg  used on input line 2218.
(pdftex.def)             Requested size: 336.47986pt x 129.22946pt.


[75 <./Figures/chapViolinist_Score_F1.jpg>]
<Figures/chapViolinist_Diff_model_F1.png, id=804, 650.43pt x 289.08pt>
File: Figures/chapViolinist_Diff_model_F1.png Graphic file (type png)
<use Figures/chapViolinist_Diff_model_F1.png>
Package pdftex.def Info: Figures/chapViolinist_Diff_model_F1.png  used on input line 2257.
(pdftex.def)             Requested size: 336.50856pt x 149.55936pt.


[76]

[77 <./Figures/chapViolinist_Diff_model_F1.png (PNG copy)>]
<Figures/chapViolinist_ContrastBlock_1.png, id=821, 2710.125pt x 1204.5pt>
File: Figures/chapViolinist_ContrastBlock_1.png Graphic file (type png)
<use Figures/chapViolinist_ContrastBlock_1.png>
Package pdftex.def Info: Figures/chapViolinist_ContrastBlock_1.png  used on input line 2319.
(pdftex.def)             Requested size: 336.49037pt x 149.55127pt.
<Figures/chapViolinist_ContrastBlock_2.png, id=822, 2710.125pt x 1204.5pt>
File: Figures/chapViolinist_ContrastBlock_2.png Graphic file (type png)
<use Figures/chapViolinist_ContrastBlock_2.png>
Package pdftex.def Info: Figures/chapViolinist_ContrastBlock_2.png  used on input line 2328.
(pdftex.def)             Requested size: 336.49037pt x 149.55127pt.

LaTeX Warning: Reference `tab:chapViolinistBlockContrasts1' on page 78 undefined on input line 2336.



[78]

[79 <./Figures/chapViolinist_ContrastBlock_1.png> <./Figures/chapViolinist_ContrastBlock_2.png>]

[80]
<Figures/chapViolinist_smooths_piece_F1_condition_2D_subject_P009.png, id=845, 650.43pt x 289.08pt>
File: Figures/chapViolinist_smooths_piece_F1_condition_2D_subject_P009.png Graphic file (type png)
<use Figures/chapViolinist_smooths_piece_F1_condition_2D_subject_P009.png>
Package pdftex.def Info: Figures/chapViolinist_smooths_piece_F1_condition_2D_subject_P009.png  used on input line 2394.
(pdftex.def)             Requested size: 336.50856pt x 149.55936pt.
<Figures/chapViolinist_GUSO2_A2model_2conditions_piece_F1.rds.png, id=847, 650.43pt x 289.08pt>
File: Figures/chapViolinist_GUSO2_A2model_2conditions_piece_F1.rds.png Graphic file (type png)
<use Figures/chapViolinist_GUSO2_A2model_2conditions_piece_F1.rds.png>
Package pdftex.def Info: Figures/chapViolinist_GUSO2_A2model_2conditions_piece_F1.rds.png  used on input line 2409.
(pdftex.def)             Requested size: 336.50856pt x 149.55936pt.


[81 <./Figures/chapViolinist_smooths_piece_F1_condition_2D_subject_P009.png (PNG copy)>]
<Figures/chapViolinist_Diff_model_F2.png, id=856, 650.43pt x 289.08pt>
File: Figures/chapViolinist_Diff_model_F2.png Graphic file (type png)
<use Figures/chapViolinist_Diff_model_F2.png>
Package pdftex.def Info: Figures/chapViolinist_Diff_model_F2.png  used on input line 2423.
(pdftex.def)             Requested size: 336.50856pt x 149.55936pt.
<Figures/chapViolinist_GUSO2_A2model_2conditions_piece_F2.rds.png, id=857, 650.43pt x 289.08pt>
File: Figures/chapViolinist_GUSO2_A2model_2conditions_piece_F2.rds.png Graphic file (type png)
<use Figures/chapViolinist_GUSO2_A2model_2conditions_piece_F2.rds.png>
Package pdftex.def Info: Figures/chapViolinist_GUSO2_A2model_2conditions_piece_F2.rds.png  used on input line 2432.
(pdftex.def)             Requested size: 336.50856pt x 149.55936pt.


[82 <./Figures/chapViolinist_GUSO2_A2model_2conditions_piece_F1.rds.png (PNG copy)>]

[83 <./Figures/chapViolinist_Diff_model_F2.png (PNG copy)> <./Figures/chapViolinist_GUSO2_A2model_2conditions_piece_F2.rds.png (PNG copy)>]

[84]

[85]
<Figures/chapExoskeletons_TeacherStudent.png, id=880, 614.295pt x 221.82875pt>
File: Figures/chapExoskeletons_TeacherStudent.png Graphic file (type png)
<use Figures/chapExoskeletons_TeacherStudent.png>
Package pdftex.def Info: Figures/chapExoskeletons_TeacherStudent.png  used on input line 2494.
(pdftex.def)             Requested size: 336.50415pt x 121.51537pt.


[86 <./Figures/chapExoskeletons_TeacherStudent.png>]
<Figures/chapExoskeletons_Shalan_Alhamwy_P1255694.jpg, id=893, 3902.58pt x 4978.6pt>
File: Figures/chapExoskeletons_Shalan_Alhamwy_P1255694.jpg Graphic file (type jpg)
<use Figures/chapExoskeletons_Shalan_Alhamwy_P1255694.jpg>
Package pdftex.def Info: Figures/chapExoskeletons_Shalan_Alhamwy_P1255694.jpg  used on input line 2518.
(pdftex.def)             Requested size: 336.44902pt x 429.2148pt.


[87]

[88 <./Figures/chapExoskeletons_Shalan_Alhamwy_P1255694.jpg>]

[89]
<Figures/chapExoskeletons_Bow_Violin_markers.png, id=910, 2710.125pt x 1204.5pt>
File: Figures/chapExoskeletons_Bow_Violin_markers.png Graphic file (type png)
<use Figures/chapExoskeletons_Bow_Violin_markers.png>
Package pdftex.def Info: Figures/chapExoskeletons_Bow_Violin_markers.png  used on input line 2596.
(pdftex.def)             Requested size: 336.49037pt x 149.55127pt.


[90 <./Figures/chapExoskeletons_Bow_Violin_markers.png>]
<Figures/chapExoskeletons_PCA_extracted.png, id=920, 2710.125pt x 1204.5pt>
File: Figures/chapExoskeletons_PCA_extracted.png Graphic file (type png)
<use Figures/chapExoskeletons_PCA_extracted.png>
Package pdftex.def Info: Figures/chapExoskeletons_PCA_extracted.png  used on input line 2617.
(pdftex.def)             Requested size: 336.49037pt x 149.55127pt.
<Figures/chapExoskeletons_s1s2_time.png, id=922, 2710.125pt x 1204.5pt>
File: Figures/chapExoskeletons_s1s2_time.png Graphic file (type png)
<use Figures/chapExoskeletons_s1s2_time.png>
Package pdftex.def Info: Figures/chapExoskeletons_s1s2_time.png  used on input line 2628.
(pdftex.def)             Requested size: 164.87491pt x 73.27773pt.
<Figures/chapExoskeletons_s1s2.png, id=923, 2710.125pt x 1204.5pt>
File: Figures/chapExoskeletons_s1s2.png Graphic file (type png)
<use Figures/chapExoskeletons_s1s2.png>
Package pdftex.def Info: Figures/chapExoskeletons_s1s2.png  used on input line 2628.
(pdftex.def)             Requested size: 164.87491pt x 73.27773pt.


[91 <./Figures/chapExoskeletons_PCA_extracted.png> <./Figures/chapExoskeletons_s1s2_time.png> <./Figures/chapExoskeletons_s1s2.png>]
Overfull \hbox (93.99875pt too wide) in paragraph at lines 2681--2681
[]\T1/lmtt/m/n/10 ##  $ Placeholder: Factor w/ 560 levels "D03_B1_T1_AE",..: 1 1 1 1 1 1 1 1 1 1 ...[] 
 []


Overfull \hbox (104.49872pt too wide) in paragraph at lines 2681--2681
[]\T1/lmtt/m/n/10 ##  $ Dyad       : Factor w/ 20 levels "D03","D07","D09",..: 1 1 1 1 1 1 1 1 1 1 ...[] 
 []


Overfull \hbox (83.49878pt too wide) in paragraph at lines 2681--2681
[]\T1/lmtt/m/n/10 ##  $ Block      : Factor w/ 7 levels "B1","B2","B3",..: 1 1 1 1 1 1 1 1 1 1 ...[] 
 []


Overfull \hbox (83.49878pt too wide) in paragraph at lines 2681--2681
[]\T1/lmtt/m/n/10 ##  $ Trial      : Factor w/ 6 levels "T1","T2","T3",..: 1 1 1 1 1 1 1 1 1 1 ...[] 
 []


Overfull \hbox (78.2488pt too wide) in paragraph at lines 2681--2681
[]\T1/lmtt/m/n/10 ##  $ Condition  : Factor w/ 6 levels "A","AE","AV",..: 2 2 2 2 2 2 2 2 2 2 ...[] 
 []


Overfull \hbox (78.2488pt too wide) in paragraph at lines 2681--2681
[]\T1/lmtt/m/n/10 ##  $ Tempo      : Factor w/ 2 levels "100BPM","72BPM": 2 2 2 2 2 2 2 2 2 2 ...[] 
 []


Overfull \hbox (135.99863pt too wide) in paragraph at lines 2681--2681
[]\T1/lmtt/m/n/10 ##  $ Expertise  : Factor w/ 3 levels "amateur","professional",..: 1 1 1 1 1 1 1 1 1 1 ...[] 
 []


Overfull \hbox (20.49896pt too wide) in paragraph at lines 2681--2681
[]\T1/lmtt/m/n/10 ##  $ BOW2_1 Y   : num [1:4382362] -96.7 -97.1 -97.4 -97.7 -97.9 ...[] 
 []


Overfull \hbox (20.49896pt too wide) in paragraph at lines 2681--2681
[]\T1/lmtt/m/n/10 ##  $ VIOLIN2_3 Y: num [1:4382362] -41.5 -41.6 -41.6 -41.8 -42.1 ...[] 
 []


Overfull \hbox (20.49896pt too wide) in paragraph at lines 2681--2681
[]\T1/lmtt/m/n/10 ##  $ VY2        : num [1:4382362] -44.1 -44.2 -44.3 -44.4 -44.5 ...[] 
 []


Overfull \hbox (20.49896pt too wide) in paragraph at lines 2681--2681
[]\T1/lmtt/m/n/10 ##  $ X1         : num [1:4382362] -15.3 -15.3 -15.3 -15.3 -15.3 ...[] 
 []


Overfull \hbox (9.999pt too wide) in paragraph at lines 2681--2681
[]\T1/lmtt/m/n/10 ##  $ s1         : num [1:4382362, 1] -107 -107 -107 -107 -107 ...[] 
 []



[92]
<Figures/chapExoskeletons_subject_1_2_relphase.png, id=939, 2710.125pt x 1204.5pt>
File: Figures/chapExoskeletons_subject_1_2_relphase.png Graphic file (type png)
<use Figures/chapExoskeletons_subject_1_2_relphase.png>
Package pdftex.def Info: Figures/chapExoskeletons_subject_1_2_relphase.png  used on input line 2702.
(pdftex.def)             Requested size: 336.49037pt x 149.55127pt.

Overfull \hbox (99.24873pt too wide) in paragraph at lines 2726--2726
[]\T1/lmtt/m/n/10 ##  $ Placeholder: Factor w/ 480 levels "D03_B1_T1_AE",..: 1 2 3 4 5 6 7 8 9 10 ...[] 
 []



[93]
Overfull \hbox (104.49872pt too wide) in paragraph at lines 2726--2726
[]\T1/lmtt/m/n/10 ##  $ Dyad       : Factor w/ 20 levels "D03","D04","D05",..: 1 1 1 1 1 1 1 1 1 1 ...[] 
 []


Overfull \hbox (83.49878pt too wide) in paragraph at lines 2726--2726
[]\T1/lmtt/m/n/10 ##  $ Block      : Factor w/ 6 levels "B1","B2","B3",..: 1 1 1 1 2 2 2 2 3 3 ...[] 
 []


Overfull \hbox (83.49878pt too wide) in paragraph at lines 2726--2726
[]\T1/lmtt/m/n/10 ##  $ Trial      : Factor w/ 4 levels "T1","T2","T3",..: 1 2 3 4 1 2 3 4 1 2 ...[] 
 []


Overfull \hbox (78.2488pt too wide) in paragraph at lines 2726--2726
[]\T1/lmtt/m/n/10 ##  $ Condition  : Factor w/ 4 levels "A","AE","AV",..: 2 3 4 1 3 2 1 4 4 3 ...[] 
 []


Overfull \hbox (78.2488pt too wide) in paragraph at lines 2726--2726
[]\T1/lmtt/m/n/10 ##  $ Tempo      : Factor w/ 2 levels "100BPM","72BPM": 2 2 2 2 1 1 1 1 2 2 ...[] 
 []


Overfull \hbox (135.99863pt too wide) in paragraph at lines 2726--2726
[]\T1/lmtt/m/n/10 ##  $ Expertise  : Factor w/ 3 levels "amateur","professional",..: 1 1 1 1 1 1 1 1 1 1 ...[] 
 []



[94 <./Figures/chapExoskeletons_subject_1_2_relphase.png>]
<Figures/chapExoskeletons_fit_R_pp_check.png, id=951, 5420.25pt x 2409.0pt>
File: Figures/chapExoskeletons_fit_R_pp_check.png Graphic file (type png)
<use Figures/chapExoskeletons_fit_R_pp_check.png>
Package pdftex.def Info: Figures/chapExoskeletons_fit_R_pp_check.png  used on input line 2765.
(pdftex.def)             Requested size: 168.2245pt x 74.76645pt.
<Figures/chapExoskeletons_fit_alpha_pp_check.png, id=952, 5420.25pt x 2409.0pt>
File: Figures/chapExoskeletons_fit_alpha_pp_check.png Graphic file (type png)
<use Figures/chapExoskeletons_fit_alpha_pp_check.png>
Package pdftex.def Info: Figures/chapExoskeletons_fit_alpha_pp_check.png  used on input line 2765.
(pdftex.def)             Requested size: 168.2245pt x 74.76645pt.

Overfull \hbox (2.17122pt too wide) in paragraph at lines 2765--2765
[][] [] 
 []

<Figures/chapExoskeletons_fit_R.png, id=953, 5420.25pt x 2409.0pt>
File: Figures/chapExoskeletons_fit_R.png Graphic file (type png)
<use Figures/chapExoskeletons_fit_R.png>
Package pdftex.def Info: Figures/chapExoskeletons_fit_R.png  used on input line 2773.
(pdftex.def)             Requested size: 336.44902pt x 149.5329pt.


[95 <./Figures/chapExoskeletons_fit_R_pp_check.png> <./Figures/chapExoskeletons_fit_alpha_pp_check.png>]
<Figures/chapExoskeletons_fit_alpha.png, id=964, 5420.25pt x 2409.0pt>
File: Figures/chapExoskeletons_fit_alpha.png Graphic file (type png)
<use Figures/chapExoskeletons_fit_alpha.png>
Package pdftex.def Info: Figures/chapExoskeletons_fit_alpha.png  used on input line 2865.
(pdftex.def)             Requested size: 336.44902pt x 149.5329pt.


[96 <./Figures/chapExoskeletons_fit_R.png>]

[97]

[98 <./Figures/chapExoskeletons_fit_alpha.png>]

[99]

[100]

[101]

[102]

[103]

pdfTeX warning: pdflatex (file ./Figures/chapTappers_AnalysisPlan.pdf): PDF inclusion: found PDF version <1.7>, but at most version <1.5> allowed
<Figures/chapTappers_AnalysisPlan.pdf, id=1028, 963.6pt x 542.025pt>
File: Figures/chapTappers_AnalysisPlan.pdf Graphic file (type pdf)
<use Figures/chapTappers_AnalysisPlan.pdf>
Package pdftex.def Info: Figures/chapTappers_AnalysisPlan.pdf  used on input line 3077.
(pdftex.def)             Requested size: 336.50047pt x 189.28151pt.


[104]

[105 <./Figures/chapTappers_AnalysisPlan.pdf>]
<Figures/chapTappers_odepredictor.jpg, id=1052, 1007.765pt x 786.94pt>
File: Figures/chapTappers_odepredictor.jpg Graphic file (type jpg)
<use Figures/chapTappers_odepredictor.jpg>
Package pdftex.def Info: Figures/chapTappers_odepredictor.jpg  used on input line 3110.
(pdftex.def)             Requested size: 252.37119pt x 197.07072pt.


[106 <./Figures/chapTappers_odepredictor.jpg>]
<Figures/chapTappers_odesystem2parts.jpg, id=1059, 2142.0025pt x 855.195pt>
File: Figures/chapTappers_odesystem2parts.jpg Graphic file (type jpg)
<use Figures/chapTappers_odesystem2parts.jpg>
Package pdftex.def Info: Figures/chapTappers_odesystem2parts.jpg  used on input line 3134.
(pdftex.def)             Requested size: 336.48471pt x 134.3416pt.


[107 <./Figures/chapTappers_odesystem2parts.jpg>]
Overfull \hbox (66.63608pt too wide) detected at line 3196
[][][][][]
 []



[108]

[109]

[110]

LaTeX Font Warning: Font shape `T1/lmtt/bx/it' in size <10> not available
(Font)              Font shape `T1/lmtt/b/sl' tried instead on input line 3294.



[111]

[112]
Overfull \hbox (20.49896pt too wide) in paragraph at lines 3365--3365
[]\T1/lmtt/m/n/10 ##  $ time : num  0 0.01 0.02 0.03 0.04 0.05 0.06 0.07 0.08 0.09 ...[] 
 []


Overfull \hbox (9.999pt too wide) in paragraph at lines 3365--3365
[]\T1/lmtt/m/n/10 ##  $ es2s1: num  0.00 -8.58e-07 -3.43e-06 -7.71e-06 -1.37e-05 ...[] 
 []

<08_chapTappers_files/figure-latex/chapTappersSol1-1.pdf, id=1094, 459.7175pt x 313.17pt>
File: 08_chapTappers_files/figure-latex/chapTappersSol1-1.pdf Graphic file (type pdf)
<use 08_chapTappers_files/figure-latex/chapTappersSol1-1.pdf>
Package pdftex.def Info: 08_chapTappers_files/figure-latex/chapTappersSol1-1.pdf  used on input line 3376.
(pdftex.def)             Requested size: 336.51692pt x 229.24295pt.
<08_chapTappers_files/figure-latex/chapTappersPhase2-1.pdf, id=1096, 453.695pt x 313.17pt>
File: 08_chapTappers_files/figure-latex/chapTappersPhase2-1.pdf Graphic file (type pdf)
<use 08_chapTappers_files/figure-latex/chapTappersPhase2-1.pdf>
Package pdftex.def Info: 08_chapTappers_files/figure-latex/chapTappersPhase2-1.pdf  used on input line 3398.
(pdftex.def)             Requested size: 336.5044pt x 232.27736pt.


[113]

[114 <./08_chapTappers_files/figure-latex/chapTappersSol1-1.pdf>]
<08_chapTappers_files/figure-latex/chapTappersSol2-1.pdf, id=1114, 453.695pt x 313.17pt>
File: 08_chapTappers_files/figure-latex/chapTappersSol2-1.pdf Graphic file (type pdf)
<use 08_chapTappers_files/figure-latex/chapTappersSol2-1.pdf>
Package pdftex.def Info: 08_chapTappers_files/figure-latex/chapTappersSol2-1.pdf  used on input line 3410.
(pdftex.def)             Requested size: 336.5044pt x 232.27736pt.
<08_chapTappers_files/figure-latex/chapTappersSol3-1.pdf, id=1115, 453.695pt x 313.17pt>
File: 08_chapTappers_files/figure-latex/chapTappersSol3-1.pdf Graphic file (type pdf)
<use 08_chapTappers_files/figure-latex/chapTappersSol3-1.pdf>
Package pdftex.def Info: 08_chapTappers_files/figure-latex/chapTappersSol3-1.pdf  used on input line 3424.
(pdftex.def)             Requested size: 336.5044pt x 232.27736pt.
<08_chapTappers_files/figure-latex/chapTappersSol4-1.pdf, id=1116, 453.695pt x 313.17pt>
File: 08_chapTappers_files/figure-latex/chapTappersSol4-1.pdf Graphic file (type pdf)
<use 08_chapTappers_files/figure-latex/chapTappersSol4-1.pdf>
Package pdftex.def Info: 08_chapTappers_files/figure-latex/chapTappersSol4-1.pdf  used on input line 3436.
(pdftex.def)             Requested size: 336.5044pt x 232.27736pt.


[115 <./08_chapTappers_files/figure-latex/chapTappersPhase2-1.pdf>]

[116 <./08_chapTappers_files/figure-latex/chapTappersSol2-1.pdf>]

[117 <./08_chapTappers_files/figure-latex/chapTappersSol3-1.pdf>]

[118 <./08_chapTappers_files/figure-latex/chapTappersSol4-1.pdf>]
<08_chapTappers_files/figure-latex/chapTappersKDdistributions-1.pdf, id=1173, 443.6575pt x 302.12875pt>
File: 08_chapTappers_files/figure-latex/chapTappersKDdistributions-1.pdf Graphic file (type pdf)
<use 08_chapTappers_files/figure-latex/chapTappersKDdistributions-1.pdf>
Package pdftex.def Info: 08_chapTappers_files/figure-latex/chapTappersKDdistributions-1.pdf  used on input line 3534.
(pdftex.def)             Requested size: 336.49945pt x 229.1546pt.

LaTeX Warning: Float too large for page by 66.1208pt on input line 3599.



[119]

[120]

LaTeX Warning: Reference `tab:chapTappersKDtable' on page 121 undefined on input line 3603.


LaTeX Warning: Reference `tab:chapTappersKDtable' on page 121 undefined on input line 3612.


Overfull \hbox (59.7443pt too wide) in paragraph at lines 3619--3638
 [][] 
 []


LaTeX Warning: Reference `tab:chapTappers6odePhi12view' on page 121 undefined on input line 3640.



[121 <./08_chapTappers_files/figure-latex/chapTappersKDdistributions-1.pdf>]

LaTeX Warning: Command \O invalid in math mode on input line 3655.


Overfull \hbox (340.10956pt too wide) in paragraph at lines 3664--3683
 [][] 
 []


LaTeX Warning: Reference `tab:chapTappers5couplingdelay3' on page 122 undefined on input line 3688.

<Figures/chapTappers_SimulatedStatesObservations_model_1_RelativePhase.pdf, id=1204, 650.43pt x 289.08pt>
File: Figures/chapTappers_SimulatedStatesObservations_model_1_RelativePhase.pdf Graphic file (type pdf)
<use Figures/chapTappers_SimulatedStatesObservations_model_1_RelativePhase.pdf>
Package pdftex.def Info: Figures/chapTappers_SimulatedStatesObservations_model_1_RelativePhase.pdf  used on input line 3699.
(pdftex.def)             Requested size: 164.87987pt x 73.27994pt.
<Figures/chapTappers_SimulatedStatesObservations_model_1_InstPeriod.pdf, id=1205, 650.43pt x 289.08pt>
File: Figures/chapTappers_SimulatedStatesObservations_model_1_InstPeriod.pdf Graphic file (type pdf)
<use Figures/chapTappers_SimulatedStatesObservations_model_1_InstPeriod.pdf>
Package pdftex.def Info: Figures/chapTappers_SimulatedStatesObservations_model_1_InstPeriod.pdf  used on input line 3699.
(pdftex.def)             Requested size: 164.87987pt x 73.27994pt.


[122]
<Figures/chapTappers_SimulatedStatesObservations_model_21_RelativePhase.pdf, id=1214, 650.43pt x 289.08pt>
File: Figures/chapTappers_SimulatedStatesObservations_model_21_RelativePhase.pdf Graphic file (type pdf)
<use Figures/chapTappers_SimulatedStatesObservations_model_21_RelativePhase.pdf>
Package pdftex.def Info: Figures/chapTappers_SimulatedStatesObservations_model_21_RelativePhase.pdf  used on input line 3710.
(pdftex.def)             Requested size: 164.87987pt x 73.27994pt.
<Figures/chapTappers_SimulatedStatesObservations_model_21_InstPeriod.pdf, id=1215, 650.43pt x 289.08pt>
File: Figures/chapTappers_SimulatedStatesObservations_model_21_InstPeriod.pdf Graphic file (type pdf)
<use Figures/chapTappers_SimulatedStatesObservations_model_21_InstPeriod.pdf>
Package pdftex.def Info: Figures/chapTappers_SimulatedStatesObservations_model_21_InstPeriod.pdf  used on input line 3710.
(pdftex.def)             Requested size: 164.87987pt x 73.27994pt.


[123 <./Figures/chapTappers_SimulatedStatesObservations_model_1_RelativePhase.pdf> <./Figures/chapTappers_SimulatedStatesObservations_model_1_InstPeriod.pdf> <./Figures/chapTappers_SimulatedStatesObservations_model_21_RelativePhase.pdf> <./Figures/chapTappers_SimulatedStatesObservations_model_21_InstPeriod.pdf>]

LaTeX Warning: Reference `tab:chapTappersKDtable' on page 124 undefined on input line 3724.


LaTeX Warning: Reference `tab:chapTappersInData' on page 124 undefined on input line 3734.



[124]
Overfull \hbox (134.01614pt too wide) detected at line 3807
[][]
 []



[125]
Overfull \hbox (99.24873pt too wide) in paragraph at lines 3825--3825
[]\T1/lmtt/m/n/10 ##  $ observed       : num [1:244] -0.00906 -0.00906 -0.00875 -0.01047 -0.00461 ...[] 
 []


Overfull \hbox (57.24886pt too wide) in paragraph at lines 3825--3825
[]\T1/lmtt/m/n/10 ##  $ time           : num [1:244] 0.00156 0.00911 0.59189 0.599 0.6059 ...[] 
 []


Overfull \hbox (46.74889pt too wide) in paragraph at lines 3825--3825
[]\T1/lmtt/m/n/10 ##  $ time_gen       : num [1:100] 0.0001 0.3698 0.7395 1.1092 1.4789 ...[] 
 []



[126]

[127]

[128]
<Figures/chapTappers_PosteriorSummary_States_fig.pdf, id=1279, 650.43pt x 289.08pt>
File: Figures/chapTappers_PosteriorSummary_States_fig.pdf Graphic file (type pdf)
<use Figures/chapTappers_PosteriorSummary_States_fig.pdf>
Package pdftex.def Info: Figures/chapTappers_PosteriorSummary_States_fig.pdf  used on input line 3927.
(pdftex.def)             Requested size: 336.50856pt x 149.55936pt.

LaTeX Warning: Reference `tab:chapTappers15KDcompare3' on page 129 undefined on input line 3934.

LaTeX Font Info:    External font `lmex10' loaded for size
(Font)              <9> on input line 3955.

Overfull \hbox (131.51048pt too wide) in paragraph at lines 3955--4010
 [][] 
 []


LaTeX Warning: Float too large for page by 57.94038pt on input line 4010.


LaTeX Warning: Reference `tab:chapTappers13ODEfittedParametersKDTable' on page 129 undefined on input line 4012.



[129 <./Figures/chapTappers_PosteriorSummary_States_fig.pdf>]

[130]
<Figures/chapTappers_StateSpaceModel_PosteriorPredictions_Relphase_model_1.pdf, id=1303, 650.43pt x 289.08pt>
File: Figures/chapTappers_StateSpaceModel_PosteriorPredictions_Relphase_model_1.pdf Graphic file (type pdf)
<use Figures/chapTappers_StateSpaceModel_PosteriorPredictions_Relphase_model_1.pdf>
Package pdftex.def Info: Figures/chapTappers_StateSpaceModel_PosteriorPredictions_Relphase_model_1.pdf  used on input line 4045.
(pdftex.def)             Requested size: 151.4219pt x 67.29861pt.
<Figures/chapTappers_StateSpaceModel_PosteriorPredictions_InstPeriod_model_1.pdf, id=1304, 650.43pt x 289.08pt>
File: Figures/chapTappers_StateSpaceModel_PosteriorPredictions_InstPeriod_model_1.pdf Graphic file (type pdf)
<use Figures/chapTappers_StateSpaceModel_PosteriorPredictions_InstPeriod_model_1.pdf>
Package pdftex.def Info: Figures/chapTappers_StateSpaceModel_PosteriorPredictions_InstPeriod_model_1.pdf  used on input line 4045.
(pdftex.def)             Requested size: 151.4219pt x 67.29861pt.
<Figures/chapTappers_StateSpaceModel_PosteriorPredictions_Relphase_model_21.pdf, id=1305, 650.43pt x 289.08pt>
File: Figures/chapTappers_StateSpaceModel_PosteriorPredictions_Relphase_model_21.pdf Graphic file (type pdf)
<use Figures/chapTappers_StateSpaceModel_PosteriorPredictions_Relphase_model_21.pdf>
Package pdftex.def Info: Figures/chapTappers_StateSpaceModel_PosteriorPredictions_Relphase_model_21.pdf  used on input line 4045.
(pdftex.def)             Requested size: 151.4219pt x 67.29861pt.
<Figures/chapTappers_StateSpaceModel_PosteriorPredictions_InstPeriod_model_21.pdf, id=1306, 650.43pt x 289.08pt>
File: Figures/chapTappers_StateSpaceModel_PosteriorPredictions_InstPeriod_model_21.pdf Graphic file (type pdf)
<use Figures/chapTappers_StateSpaceModel_PosteriorPredictions_InstPeriod_model_21.pdf>
Package pdftex.def Info: Figures/chapTappers_StateSpaceModel_PosteriorPredictions_InstPeriod_model_21.pdf  used on input line 4045.
(pdftex.def)             Requested size: 151.4219pt x 67.29861pt.


[131 <./Figures/chapTappers_StateSpaceModel_PosteriorPredictions_Relphase_model_1.pdf> <./Figures/chapTappers_StateSpaceModel_PosteriorPredictions_InstPeriod_model_1.pdf> <./Figures/chapTappers_StateSpaceModel_PosteriorPredictions_Relphase_model_21.pdf> <./Figures/chapTappers_StateSpaceModel_PosteriorPredictions_InstPeriod_model_21.pdf>]
File: Figures/chapTappers_StateSpaceModel_PosteriorPredictions_Relphase_model_21.pdf Graphic file (type pdf)
<use Figures/chapTappers_StateSpaceModel_PosteriorPredictions_Relphase_model_21.pdf>
Package pdftex.def Info: Figures/chapTappers_StateSpaceModel_PosteriorPredictions_Relphase_model_21.pdf  used on input line 4056.
(pdftex.def)             Requested size: 151.4219pt x 67.29861pt.
File: Figures/chapTappers_StateSpaceModel_PosteriorPredictions_InstPeriod_model_21.pdf Graphic file (type pdf)
<use Figures/chapTappers_StateSpaceModel_PosteriorPredictions_InstPeriod_model_21.pdf>
Package pdftex.def Info: Figures/chapTappers_StateSpaceModel_PosteriorPredictions_InstPeriod_model_21.pdf  used on input line 4056.
(pdftex.def)             Requested size: 151.4219pt x 67.29861pt.


[132]
Overfull \hbox (30.99893pt too wide) in paragraph at lines 4096--4096
[]\T1/lmtt/m/n/10 <!-- (for a comprehensive overview, refer to Demos & Palmer, 2023) -->[] 
 []


Overfull \hbox (83.49878pt too wide) in paragraph at lines 4096--4096
[]\T1/lmtt/m/n/10 <!-- (see Repp and Su (2012) for a review of finger tapping and anticipation -->[] 
 []


Overfull \hbox (51.99887pt too wide) in paragraph at lines 4096--4096
[]        \T1/lmtt/m/n/10 <!-- , see a number of blogs listed at the end of this chapter -->[] 
 []



[133]

[134]

[135]
<Figures/chapTappers2_AllRawdata.pdf, id=1367, 650.43pt x 289.08pt>
File: Figures/chapTappers2_AllRawdata.pdf Graphic file (type pdf)
<use Figures/chapTappers2_AllRawdata.pdf>
Package pdftex.def Info: Figures/chapTappers2_AllRawdata.pdf  used on input line 4180.
(pdftex.def)             Requested size: 336.50856pt x 149.55936pt.


[136 <./Figures/chapTappers2_AllRawdata.pdf>]
<Figures/chapTappers2_AllRawdata0c.pdf, id=1380, 650.43pt x 289.08pt>
File: Figures/chapTappers2_AllRawdata0c.pdf Graphic file (type pdf)
<use Figures/chapTappers2_AllRawdata0c.pdf>
Package pdftex.def Info: Figures/chapTappers2_AllRawdata0c.pdf  used on input line 4201.
(pdftex.def)             Requested size: 336.50856pt x 149.55936pt.


[137 <./Figures/chapTappers2_AllRawdata0c.pdf>]
<09_chapTappers_2_files/figure-latex/chapTappers2run3-1.pdf, id=1392, 443.6575pt x 302.12875pt>
File: 09_chapTappers_2_files/figure-latex/chapTappers2run3-1.pdf Graphic file (type pdf)
<use 09_chapTappers_2_files/figure-latex/chapTappers2run3-1.pdf>
Package pdftex.def Info: 09_chapTappers_2_files/figure-latex/chapTappers2run3-1.pdf  used on input line 4242.
(pdftex.def)             Requested size: 336.49945pt x 229.1546pt.


[138]
<09_chapTappers_2_files/figure-latex/chapTappers2run6-1.pdf, id=1398, 459.7175pt x 340.27126pt>
File: 09_chapTappers_2_files/figure-latex/chapTappers2run6-1.pdf Graphic file (type pdf)
<use 09_chapTappers_2_files/figure-latex/chapTappers2run6-1.pdf>
Package pdftex.def Info: 09_chapTappers_2_files/figure-latex/chapTappers2run6-1.pdf  used on input line 4262.
(pdftex.def)             Requested size: 336.51692pt x 249.0813pt.

Overfull \hbox (88.74876pt too wide) in paragraph at lines 4291--4291
[]\T1/lmtt/m/n/10 ##    .variable            .value   .lower   .upper .width .point .interval names[] 
 []


Overfull \hbox (88.74876pt too wide) in paragraph at lines 4291--4291
[]\T1/lmtt/m/n/10 ##    <chr>                 <dbl>    <dbl>    <dbl>  <dbl> <chr>  <chr>     <fct>[] 
 []


Overfull \hbox (88.74876pt too wide) in paragraph at lines 4291--4291
[]\T1/lmtt/m/n/10 ##  1 ds1m1               0.277    0.198    0.428     0.95 median qi        ds1m1[] 
 []


Overfull \hbox (88.74876pt too wide) in paragraph at lines 4291--4291
[]\T1/lmtt/m/n/10 ##  2 ds1s2              -0.188   -1.52     1.01      0.95 median qi        ds1s2[] 
 []


Overfull \hbox (88.74876pt too wide) in paragraph at lines 4291--4291
[]\T1/lmtt/m/n/10 ##  3 ds2m2              -0.635   -1.08    -0.193     0.95 median qi        ds2m2[] 
 []



[139 <./09_chapTappers_2_files/figure-latex/chapTappers2run3-1.pdf>]

[140 <./09_chapTappers_2_files/figure-latex/chapTappers2run6-1.pdf>]
Overfull \hbox (88.74876pt too wide) in paragraph at lines 4291--4291
[]\T1/lmtt/m/n/10 ##  4 ds2s1              -0.107   -0.216    0.00484   0.95 median qi        ds2s1[] 
 []


Overfull \hbox (88.74876pt too wide) in paragraph at lines 4291--4291
[]\T1/lmtt/m/n/10 ##  5 ks1m1               0.958    0.834    0.994     0.95 median qi        ks1m1[] 
 []


Overfull \hbox (88.74876pt too wide) in paragraph at lines 4291--4291
[]\T1/lmtt/m/n/10 ##  6 ks2m2               0.253    0.195    0.311     0.95 median qi        ks2m2[] 
 []


Overfull \hbox (99.24873pt too wide) in paragraph at lines 4291--4291
[]\T1/lmtt/m/n/10 ##  7 observation_std[1]  0.00815  0.00688  0.00979   0.95 median qi        observ~[] 
 []


Overfull \hbox (99.24873pt too wide) in paragraph at lines 4291--4291
[]\T1/lmtt/m/n/10 ##  8 observation_std[2]  0.218    0.182    0.264     0.95 median qi        observ~[] 
 []


Overfull \hbox (99.24873pt too wide) in paragraph at lines 4291--4291
[]\T1/lmtt/m/n/10 ##  9 observation_std[3]  0.00731  0.00615  0.00879   0.95 median qi        observ~[] 
 []


Overfull \hbox (99.24873pt too wide) in paragraph at lines 4291--4291
[]\T1/lmtt/m/n/10 ## 10 observation_std[4]  0.352    0.295    0.431     0.95 median qi        observ~[] 
 []


Overfull \hbox (88.74876pt too wide) in paragraph at lines 4291--4291
[]\T1/lmtt/m/n/10 ## 11 y0_s1               0.0290  -0.227    0.291     0.95 median qi        y0_s1[] 
 []


Overfull \hbox (88.74876pt too wide) in paragraph at lines 4291--4291
[]\T1/lmtt/m/n/10 ## 12 y0_s2              -0.0599  -0.322    0.207     0.95 median qi        y0_s2[] 
 []


Overfull \hbox (51.99887pt too wide) in paragraph at lines 4305--4305
[]\T1/lmtt/m/n/10 ##    time  unit states_generated   .lower  .upper .width .point .interval[] 
 []


Overfull \hbox (30.99893pt too wide) in paragraph at lines 4305--4305
[]\T1/lmtt/m/n/10 ##   <int> <int>            <dbl>    <dbl>   <dbl>  <dbl> <chr>  <chr>[] 
 []


Overfull \hbox (15.24898pt too wide) in paragraph at lines 4305--4305
[]\T1/lmtt/m/n/10 ## 1     1     1          0.00105  0.00105 0.00105   0.75 median qi[] 
 []


Overfull \hbox (15.24898pt too wide) in paragraph at lines 4305--4305
[]\T1/lmtt/m/n/10 ## 2     1     2          0.0301  -0.115   0.180     0.75 median qi[] 
 []


Overfull \hbox (15.24898pt too wide) in paragraph at lines 4305--4305
[]\T1/lmtt/m/n/10 ## 3     1     3          0.00103  0.00103 0.00103   0.75 median qi[] 
 []


Overfull \hbox (15.24898pt too wide) in paragraph at lines 4305--4305
[]\T1/lmtt/m/n/10 ## 4     1     4         -0.0588  -0.215   0.0969    0.75 median qi[] 
 []


Overfull \hbox (15.24898pt too wide) in paragraph at lines 4305--4305
[]\T1/lmtt/m/n/10 ## 5     2     1          4.07     4.07    4.07      0.75 median qi[] 
 []


Overfull \hbox (15.24898pt too wide) in paragraph at lines 4305--4305
[]\T1/lmtt/m/n/10 ## 6     2     2          4.17     4.07    4.27      0.75 median qi[] 
 []


Overfull \hbox (83.49878pt too wide) in paragraph at lines 4317--4317
[]\T1/lmtt/m/n/10 ##    time  unit observations_generated   .lower  .upper .width .point .interval[] 
 []


Overfull \hbox (62.49884pt too wide) in paragraph at lines 4317--4317
[]\T1/lmtt/m/n/10 ##   <int> <int>                  <dbl>    <dbl>   <dbl>  <dbl> <chr>  <chr>[] 
 []


Overfull \hbox (46.74889pt too wide) in paragraph at lines 4317--4317
[]\T1/lmtt/m/n/10 ## 1     1     1               0.000894 -0.00863 0.0103    0.75 median qi[] 
 []


Overfull \hbox (46.74889pt too wide) in paragraph at lines 4317--4317
[]\T1/lmtt/m/n/10 ## 2     1     2               0.0343   -0.262   0.325     0.75 median qi[] 
 []


Overfull \hbox (46.74889pt too wide) in paragraph at lines 4317--4317
[]\T1/lmtt/m/n/10 ## 3     1     3               0.00125  -0.00759 0.00963   0.75 median qi[] 
 []


Overfull \hbox (46.74889pt too wide) in paragraph at lines 4317--4317
[]\T1/lmtt/m/n/10 ## 4     1     4              -0.0601   -0.495   0.382     0.75 median qi[] 
 []


Overfull \hbox (46.74889pt too wide) in paragraph at lines 4317--4317
[]\T1/lmtt/m/n/10 ## 5     2     1               4.07      4.06    4.08      0.75 median qi[] 
 []


Overfull \hbox (46.74889pt too wide) in paragraph at lines 4317--4317
[]\T1/lmtt/m/n/10 ## 6     2     2               4.17      3.89    4.44      0.75 median qi[] 
 []



[141]

[142]
<09_chapTappers_2_files/figure-latex/chapTappers2run10-1.pdf, id=1434, 453.695pt x 315.1775pt>
File: 09_chapTappers_2_files/figure-latex/chapTappers2run10-1.pdf Graphic file (type pdf)
<use 09_chapTappers_2_files/figure-latex/chapTappers2run10-1.pdf>
Package pdftex.def Info: 09_chapTappers_2_files/figure-latex/chapTappers2run10-1.pdf  used on input line 4376.
(pdftex.def)             Requested size: 336.5044pt x 233.76633pt.

Overfull \hbox (114.99869pt too wide) in paragraph at lines 4383--4383
[]\T1/lmtt/m/n/10 ## Warning: Removed 4 rows containing missing values or values outside the scale range[] 
 []

<09_chapTappers_2_files/figure-latex/chapTappers2run11-1.pdf, id=1435, 453.695pt x 315.1775pt>
File: 09_chapTappers_2_files/figure-latex/chapTappers2run11-1.pdf Graphic file (type pdf)
<use 09_chapTappers_2_files/figure-latex/chapTappers2run11-1.pdf>
Package pdftex.def Info: 09_chapTappers_2_files/figure-latex/chapTappers2run11-1.pdf  used on input line 4385.
(pdftex.def)             Requested size: 336.5044pt x 233.76633pt.


[143 <./09_chapTappers_2_files/figure-latex/chapTappers2run10-1.pdf>]
Overfull \hbox (4.74901pt too wide) in paragraph at lines 4389--4389
[]\T1/lmtt/m/n/10 ## [1] "plotting Figures/chapTappers2_exampleRelphase_model_.pdf"[] 
 []


Overfull \hbox (4.74901pt too wide) in paragraph at lines 4393--4393
[]\T1/lmtt/m/n/10 ## [1] "plotting Figures/chapTappers2_exampleRelphase_model_.png"[] 
 []


Overfull \hbox (15.24898pt too wide) in paragraph at lines 4402--4402
[]\T1/lmtt/m/n/10 ## [1] "plotting Figures/chapTappers2_exampleInstPeriod_model_.pdf"[] 
 []


Overfull \hbox (114.99869pt too wide) in paragraph at lines 4407--4407
[]\T1/lmtt/m/n/10 ## Warning: Removed 4 rows containing missing values or values outside the scale range[] 
 []


Overfull \hbox (15.24898pt too wide) in paragraph at lines 4411--4411
[]\T1/lmtt/m/n/10 ## [1] "plotting Figures/chapTappers2_exampleInstPeriod_model_.png"[] 
 []


Overfull \hbox (114.99869pt too wide) in paragraph at lines 4416--4416
[]\T1/lmtt/m/n/10 ## Warning: Removed 4 rows containing missing values or values outside the scale range[] 
 []


Overfull \hbox (114.99869pt too wide) in paragraph at lines 4426--4426
[]\T1/lmtt/m/n/10 ## Warning: Removed 4 rows containing missing values or values outside the scale range[] 
 []

<09_chapTappers_2_files/figure-latex/chapTappers2run11-2.pdf, id=1451, 443.6575pt x 304.13625pt>
File: 09_chapTappers_2_files/figure-latex/chapTappers2run11-2.pdf Graphic file (type pdf)
<use 09_chapTappers_2_files/figure-latex/chapTappers2run11-2.pdf>
Package pdftex.def Info: 09_chapTappers_2_files/figure-latex/chapTappers2run11-2.pdf  used on input line 4428.
(pdftex.def)             Requested size: 336.49945pt x 230.67723pt.


[144 <./09_chapTappers_2_files/figure-latex/chapTappers2run11-1.pdf>]

LaTeX Warning: Reference `tab:chapTappers2data1' on page 145 undefined on input line 4437.


Overfull \hbox (169.05246pt too wide) in paragraph at lines 4445--4462
 [][] 
 []



[145 <./09_chapTappers_2_files/figure-latex/chapTappers2run11-2.pdf>]
<Figures/chapTappers2_distrK.pdf, id=1482, 650.43pt x 289.08pt>
File: Figures/chapTappers2_distrK.pdf Graphic file (type pdf)
<use Figures/chapTappers2_distrK.pdf>
Package pdftex.def Info: Figures/chapTappers2_distrK.pdf  used on input line 4480.
(pdftex.def)             Requested size: 232.1796pt x 103.19092pt.
<Figures/chapTappers2_distrD.pdf, id=1483, 650.43pt x 289.08pt>
File: Figures/chapTappers2_distrD.pdf Graphic file (type pdf)
<use Figures/chapTappers2_distrD.pdf>
Package pdftex.def Info: Figures/chapTappers2_distrD.pdf  used on input line 4480.
(pdftex.def)             Requested size: 232.1796pt x 103.19092pt.
<Figures/chapTappers2_distrObserved.pdf, id=1484, 650.43pt x 289.08pt>
File: Figures/chapTappers2_distrObserved.pdf Graphic file (type pdf)
<use Figures/chapTappers2_distrObserved.pdf>
Package pdftex.def Info: Figures/chapTappers2_distrObserved.pdf  used on input line 4480.
(pdftex.def)             Requested size: 232.1796pt x 103.19092pt.


[146]

[147 <./Figures/chapTappers2_distrK.pdf> <./Figures/chapTappers2_distrD.pdf> <./Figures/chapTappers2_distrObserved.pdf>]
Overfull \hbox (72.99881pt too wide) in paragraph at lines 4501--4501
[]\T1/lmtt/m/n/10 ## `summarise()` has grouped output by 'condition'. You can override using the[] 
 []


LaTeX Warning: Float too large for page by 4826.0378pt on input line 4969.

<Figures/chapTappers2_Overview_postdistr_K.pdf, id=1525, 650.43pt x 216.81pt>
File: Figures/chapTappers2_Overview_postdistr_K.pdf Graphic file (type pdf)
<use Figures/chapTappers2_Overview_postdistr_K.pdf>
Package pdftex.def Info: Figures/chapTappers2_Overview_postdistr_K.pdf  used on input line 4981.
(pdftex.def)             Requested size: 336.50856pt x 112.16951pt.


[148 <./Figures/chapTappers2_Overview_postdistr_K.pdf>]

[149]
<Figures/chapTappers2_Overview_postdistr_D.pdf, id=1544, 650.43pt x 216.81pt>
File: Figures/chapTappers2_Overview_postdistr_D.pdf Graphic file (type pdf)
<use Figures/chapTappers2_Overview_postdistr_D.pdf>
Package pdftex.def Info: Figures/chapTappers2_Overview_postdistr_D.pdf  used on input line 4993.
(pdftex.def)             Requested size: 336.50856pt x 112.16951pt.
<Figures/chapTappers2_Overview_postdistr_Observation_std.pdf, id=1546, 650.43pt x 216.81pt>
File: Figures/chapTappers2_Overview_postdistr_Observation_std.pdf Graphic file (type pdf)
<use Figures/chapTappers2_Overview_postdistr_Observation_std.pdf>
Package pdftex.def Info: Figures/chapTappers2_Overview_postdistr_Observation_std.pdf  used on input line 5005.
(pdftex.def)             Requested size: 336.50856pt x 112.16951pt.

LaTeX Warning: Reference `fig:chapTappers2real1cs2D' on page 150 undefined on input line 5020.

<Figures/chapTappers2_LeaderFollower.pdf, id=1548, 650.43pt x 216.81pt>
File: Figures/chapTappers2_LeaderFollower.pdf Graphic file (type pdf)
<use Figures/chapTappers2_LeaderFollower.pdf>
Package pdftex.def Info: Figures/chapTappers2_LeaderFollower.pdf  used on input line 5024.
(pdftex.def)             Requested size: 336.50856pt x 112.16951pt.


[150 <./Figures/chapTappers2_Overview_postdistr_D.pdf> <./Figures/chapTappers2_Overview_postdistr_Observation_std.pdf>]

[151 <./Figures/chapTappers2_LeaderFollower.pdf>]
<Figures/chapTappers2_modelK00.pdf, id=1582, 650.43pt x 216.81pt>
File: Figures/chapTappers2_modelK00.pdf Graphic file (type pdf)
<use Figures/chapTappers2_modelK00.pdf>
Package pdftex.def Info: Figures/chapTappers2_modelK00.pdf  used on input line 5077.
(pdftex.def)             Requested size: 336.50856pt x 112.16951pt.
<Figures/chapTappers2_modelD00.pdf, id=1583, 650.43pt x 216.81pt>
File: Figures/chapTappers2_modelD00.pdf Graphic file (type pdf)
<use Figures/chapTappers2_modelD00.pdf>
Package pdftex.def Info: Figures/chapTappers2_modelD00.pdf  used on input line 5077.
(pdftex.def)             Requested size: 336.50856pt x 112.16951pt.
<Figures/chapTappers2_modelObservation_std00.pdf, id=1584, 650.43pt x 216.81pt>
File: Figures/chapTappers2_modelObservation_std00.pdf Graphic file (type pdf)
<use Figures/chapTappers2_modelObservation_std00.pdf>
Package pdftex.def Info: Figures/chapTappers2_modelObservation_std00.pdf  used on input line 5077.
(pdftex.def)             Requested size: 336.50856pt x 112.16951pt.

LaTeX Warning: Reference `tab:chapTappers2modelAllmeans' on page 152 undefined on input line 5084.


Overfull \hbox (125.9818pt too wide) in paragraph at lines 5092--5121
 [][] 
 []

<Figures/chapTappers2_C.dyad_9.cycle_8.pdf, id=1587, 650.43pt x 216.81pt>
File: Figures/chapTappers2_C.dyad_9.cycle_8.pdf Graphic file (type pdf)
<use Figures/chapTappers2_C.dyad_9.cycle_8.pdf>
Package pdftex.def Info: Figures/chapTappers2_C.dyad_9.cycle_8.pdf  used on input line 5138.
(pdftex.def)             Requested size: 336.50856pt x 112.16951pt.


[152]

[153 <./Figures/chapTappers2_modelK00.pdf> <./Figures/chapTappers2_modelD00.pdf> <./Figures/chapTappers2_modelObservation_std00.pdf>]

[154]
<Figures/chapTappers2_C.dyad_2.cycle_6.pdf, id=1630, 650.43pt x 216.81pt>
File: Figures/chapTappers2_C.dyad_2.cycle_6.pdf Graphic file (type pdf)
<use Figures/chapTappers2_C.dyad_2.cycle_6.pdf>
Package pdftex.def Info: Figures/chapTappers2_C.dyad_2.cycle_6.pdf  used on input line 5149.
(pdftex.def)             Requested size: 336.50856pt x 112.16951pt.
<Figures/chapTappers2_C.dyad_8.cycle_8.pdf, id=1632, 650.43pt x 216.81pt>
File: Figures/chapTappers2_C.dyad_8.cycle_8.pdf Graphic file (type pdf)
<use Figures/chapTappers2_C.dyad_8.cycle_8.pdf>
Package pdftex.def Info: Figures/chapTappers2_C.dyad_8.cycle_8.pdf  used on input line 5161.
(pdftex.def)             Requested size: 336.50856pt x 112.16951pt.
<Figures/chapTappers2_C.dyad_1.cycle_5.pdf, id=1634, 650.43pt x 216.81pt>
File: Figures/chapTappers2_C.dyad_1.cycle_5.pdf Graphic file (type pdf)
<use Figures/chapTappers2_C.dyad_1.cycle_5.pdf>
Package pdftex.def Info: Figures/chapTappers2_C.dyad_1.cycle_5.pdf  used on input line 5175.
(pdftex.def)             Requested size: 164.87987pt x 54.95995pt.


[155 <./Figures/chapTappers2_C.dyad_9.cycle_8.pdf> <./Figures/chapTappers2_C.dyad_2.cycle_6.pdf>]

[156 <./Figures/chapTappers2_C.dyad_8.cycle_8.pdf> <./Figures/chapTappers2_C.dyad_1.cycle_5.pdf>]

[157]

[158]
Underfull \vbox (badness 10000) detected at line 5371
 []


Underfull \vbox (badness 10000) detected at line 5371
 []



[159]
<09_chapTappers_2_files/figure-latex/chapTappers2dynEq2-1.pdf, id=1696, 449.68pt x 332.24126pt>
File: 09_chapTappers_2_files/figure-latex/chapTappers2dynEq2-1.pdf Graphic file (type pdf)
<use 09_chapTappers_2_files/figure-latex/chapTappers2dynEq2-1.pdf>
Package pdftex.def Info: 09_chapTappers_2_files/figure-latex/chapTappers2dynEq2-1.pdf  used on input line 5375.
(pdftex.def)             Requested size: 336.51126pt x 248.62773pt.


[160 <./09_chapTappers_2_files/figure-latex/chapTappers2dynEq2-1.pdf>]
<Figures/chapTappers2_SmoothRegression_RelPhase.png, id=1713, 5420.25pt x 1806.75pt>
File: Figures/chapTappers2_SmoothRegression_RelPhase.png Graphic file (type png)
<use Figures/chapTappers2_SmoothRegression_RelPhase.png>
Package pdftex.def Info: Figures/chapTappers2_SmoothRegression_RelPhase.png  used on input line 5413.
(pdftex.def)             Requested size: 336.44902pt x 112.14967pt.


[161 <./Figures/chapTappers2_SmoothRegression_RelPhase.png>]
<Figures/chapTappers2_MattiaFigure2.jpg, id=1725, 8030.0pt x 4516.875pt>
File: Figures/chapTappers2_MattiaFigure2.jpg Graphic file (type jpg)
<use Figures/chapTappers2_MattiaFigure2.jpg>
Package pdftex.def Info: Figures/chapTappers2_MattiaFigure2.jpg  used on input line 5458.
(pdftex.def)             Requested size: 336.46127pt x 189.25946pt.


[162]

[163 <./Figures/chapTappers2_MattiaFigure2.jpg>]

[164]

[165]

[166]

[167]

[168]

[169]

[170] (./ExploringMusicInteractions.aux)
 ***********
LaTeX2e <2024-11-01>
L3 programming layer <2024-11-02>
 ***********

LaTeX Warning: There were undefined references.

 ) 
Here is how much of TeX's memory you used:
 15868 strings out of 475322
 279701 string characters out of 5769396
 811676 words of memory out of 5000000
 37935 multiletter control sequences out of 15000+600000
 667155 words of font info for 125 fonts, out of 8000000 for 9000
 14 hyphenation exceptions out of 8191
 89i,13n,93p,1019b,603s stack positions out of 10000i,1000n,20000p,200000b,200000s
</Users/mleman/Library/TinyTeX/texmf-dist/fonts/type1/public/lm/lmbsy5.pfb></Users/mleman/Library/TinyTeX/texmf-dist/fonts/type1/public/lm/lmbx10.pfb></Users/mleman/Library/TinyTeX/texmf-dist/fonts/type1/public/lm/lmbx12.pfb></Users/mleman/Library/TinyTeX/texmf-dist/fonts/type1/public/lm/lmbxo10.pfb></Users/mleman/Library/TinyTeX/texmf-dist/fonts/type1/public/lm/lmex10.pfb></Users/mleman/Library/TinyTeX/texmf-dist/fonts/type1/public/lm/lmmi10.pfb></Users/mleman/Library/TinyTeX/texmf-dist/fonts/type1/public/lm/lmmi5.pfb></Users/mleman/Library/TinyTeX/texmf-dist/fonts/type1/public/lm/lmmi7.pfb></Users/mleman/Library/TinyTeX/texmf-dist/fonts/type1/public/lm/lmmib10.pfb></Users/mleman/Library/TinyTeX/texmf-dist/fonts/type1/public/lm/lmmib7.pfb></Users/mleman/Library/TinyTeX/texmf-dist/fonts/type1/public/lm/lmr10.pfb></Users/mleman/Library/TinyTeX/texmf-dist/fonts/type1/public/lm/lmr12.pfb></Users/mleman/Library/TinyTeX/texmf-dist/fonts/type1/public/lm/lmr6.pfb></Users/mleman/Library/TinyTeX/texmf-dist/fonts/type1/public/lm/lmr7.pfb></Users/mleman/Library/TinyTeX/texmf-dist/fonts/type1/public/lm/lmr8.pfb></Users/mleman/Library/TinyTeX/texmf-dist/fonts/type1/public/lm/lmr9.pfb></Users/mleman/Library/TinyTeX/texmf-dist/fonts/type1/public/lm/lmri10.pfb></Users/mleman/Library/TinyTeX/texmf-dist/fonts/type1/public/lm/lmri8.pfb></Users/mleman/Library/TinyTeX/texmf-dist/fonts/type1/public/lm/lmsy10.pfb></Users/mleman/Library/TinyTeX/texmf-dist/fonts/type1/public/lm/lmsy5.pfb></Users/mleman/Library/TinyTeX/texmf-dist/fonts/type1/public/lm/lmsy7.pfb></Users/mleman/Library/TinyTeX/texmf-dist/fonts/type1/public/lm/lmtk10.pfb></Users/mleman/Library/TinyTeX/texmf-dist/fonts/type1/public/lm/lmtko10.pfb></Users/mleman/Library/TinyTeX/texmf-dist/fonts/type1/public/lm/lmtt10.pfb></Users/mleman/Library/TinyTeX/texmf-dist/fonts/type1/public/lm/lmtt8.pfb></Users/mleman/Library/TinyTeX/texmf-dist/fonts/type1/public/lm/lmtt9.pfb></Users/mleman/Library/TinyTeX/texmf-dist/fonts/type1/public/lm/lmtti10.pfb></Users/mleman/Library/TinyTeX/texmf-dist/fonts/type1/public/amsfonts/symbols/msbm10.pfb>
Output written on ExploringMusicInteractions.pdf (170 pages, 42256202 bytes).
PDF statistics:
 2316 PDF objects out of 2487 (max. 8388607)
 1878 compressed objects within 19 object streams
 496 named destinations out of 1000 (max. 500000)
 1223 words of extra memory for PDF output out of 10000 (max. 10000000)

